[0.021s] Invoking command in '/home/ace/robotics-from-zero-tutorial/build/ros2_comm_demo': CMAKE_PREFIX_PATH=/opt/ros/humble CONDA_PROMPT_MODIFIER=(base) /usr/bin/cmake /home/ace/robotics-from-zero-tutorial/src/lesson4/ros2_comm_demo -DCMAKE_EXPORT_COMPILE_COMMANDS=ON -DCMAKE_INSTALL_PREFIX=/home/ace/robotics-from-zero-tutorial/install/ros2_comm_demo
[0.039s] -- Found ament_cmake: 1.3.12 (/opt/ros/humble/share/ament_cmake/cmake)
[0.322s] -- Found rclcpp: 16.0.16 (/opt/ros/humble/share/rclcpp/cmake)
[0.658s] -- Found rosidl_generator_c: 3.1.7 (/opt/ros/humble/share/rosidl_generator_c/cmake)
[0.662s] -- Found rosidl_adapter: 3.1.7 (/opt/ros/humble/share/rosidl_adapter/cmake)
[0.671s] -- Found rosidl_generator_cpp: 3.1.7 (/opt/ros/humble/share/rosidl_generator_cpp/cmake)
[0.685s] -- Using all available rosidl_typesupport_c: rosidl_typesupport_fastrtps_c;rosidl_typesupport_introspection_c
[0.701s] -- Using all available rosidl_typesupport_cpp: rosidl_typesupport_fastrtps_cpp;rosidl_typesupport_introspection_cpp
[0.748s] -- Found rmw_implementation_cmake: 6.1.2 (/opt/ros/humble/share/rmw_implementation_cmake/cmake)
[0.750s] -- Found rmw_cyclonedds_cpp: 1.3.4 (/opt/ros/humble/share/rmw_cyclonedds_cpp/cmake)
[0.775s] -- Using RMW implementation 'rmw_cyclonedds_cpp' as default
[3.594s] [31mCMake Error at CMakeLists.txt:14 (find_package):
[3.594s]   By not providing "Findrobot_interfaces.cmake" in CMAKE_MODULE_PATH this
[3.594s]   project has asked CMake to find a package configuration file provided by
[3.594s]   "robot_interfaces", but CMake did not find one.
[3.594s] 
[3.594s]   Could not find a package configuration file provided by "robot_interfaces"
[3.594s]   with any of the following names:
[3.594s] 
[3.594s]     robot_interfacesConfig.cmake
[3.594s]     robot_interfaces-config.cmake
[3.595s] 
[3.595s]   Add the installation prefix of "robot_interfaces" to CMAKE_PREFIX_PATH or
[3.595s]   set "robot_interfaces_DIR" to a directory containing one of the above
[3.595s]   files.  If "robot_interfaces" provides a separate development package or
[3.595s]   SDK, be sure it has been installed.
[3.595s] 
[3.595s] [0m
[3.602s] -- Configuring incomplete, errors occurred!
[3.602s] See also "/home/ace/robotics-from-zero-tutorial/build/ros2_comm_demo/CMakeFiles/CMakeOutput.log".
