[0.019s] Invoking command in '/home/ace/my_modern_cpp_lesson/lesson4/ros2_comm_demo/build/robot_interfaces': CMAKE_PREFIX_PATH=/opt/ros/humble /usr/bin/cmake /home/ace/my_modern_cpp_lesson/lesson4/ros2_comm_demo/src/robot_interfaces -DAMENT_CMAKE_SYMLINK_INSTALL=1 -DCMAKE_INSTALL_PREFIX=/home/ace/my_modern_cpp_lesson/lesson4/ros2_comm_demo/install/robot_interfaces
[0.331s] -- The C compiler identification is GNU 11.4.0
[1.387s] -- The CXX compiler identification is GNU 11.4.0
[2.085s] -- Detecting C compiler ABI info
[2.413s] -- Detecting C compiler ABI info - done
[2.421s] -- Check for working C compiler: /usr/bin/cc - skipped
[2.421s] -- Detecting C compile features
[2.421s] -- Detecting C compile features - done
[2.424s] -- Detecting CXX compiler ABI info
[2.743s] -- Detecting CXX compiler ABI info - done
[2.751s] -- Check for working CXX compiler: /usr/bin/c++ - skipped
[2.751s] -- Detecting CXX compile features
[2.751s] -- Detecting CXX compile features - done
[2.754s] -- Found ament_cmake: 1.3.12 (/opt/ros/humble/share/ament_cmake/cmake)
[2.989s] -- Found Python3: /usr/bin/python3 (found version "3.10.12") found components: Interpreter 
[3.076s] -- Override CMake install command with custom implementation using symlinks instead of copying resources
[3.108s] -- Found geometry_msgs: 4.9.0 (/opt/ros/humble/share/geometry_msgs/cmake)
[3.456s] -- Found rosidl_generator_c: 3.1.7 (/opt/ros/humble/share/rosidl_generator_c/cmake)
[3.463s] -- Found rosidl_adapter: 3.1.7 (/opt/ros/humble/share/rosidl_adapter/cmake)
[3.474s] -- Found rosidl_generator_cpp: 3.1.7 (/opt/ros/humble/share/rosidl_generator_cpp/cmake)
[3.498s] -- Using all available rosidl_typesupport_c: rosidl_typesupport_fastrtps_c;rosidl_typesupport_introspection_c
[3.519s] -- Using all available rosidl_typesupport_cpp: rosidl_typesupport_fastrtps_cpp;rosidl_typesupport_introspection_cpp
[3.566s] -- Found rosidl_default_generators: 1.2.0 (/opt/ros/humble/share/rosidl_default_generators/cmake)
[3.898s] -- Found ament_cmake_ros: 0.10.0 (/opt/ros/humble/share/ament_cmake_ros/cmake)
[4.340s] -- Using all available rosidl_typesupport_c: rosidl_typesupport_fastrtps_c;rosidl_typesupport_introspection_c
[4.480s] -- Using all available rosidl_typesupport_cpp: rosidl_typesupport_fastrtps_cpp;rosidl_typesupport_introspection_cpp
[4.797s] -- Found PythonInterp: /usr/bin/python3 (found suitable version "3.10.12", minimum required is "3.6") 
[4.799s] -- Found python_cmake_module: 0.10.0 (/opt/ros/humble/share/python_cmake_module/cmake)
[5.708s] -- Found PythonLibs: /usr/lib/x86_64-linux-gnu/libpython3.10.so (found suitable version "3.10.12", minimum required is "3.5") 
[5.709s] -- Using PYTHON_EXECUTABLE: /usr/bin/python3
[5.709s] -- Using PYTHON_INCLUDE_DIRS: /usr/include/python3.10
[5.709s] -- Using PYTHON_LIBRARIES: /usr/lib/x86_64-linux-gnu/libpython3.10.so
[5.734s] -- Found PythonExtra: .so  
[5.862s] -- Found ament_lint_auto: 0.12.14 (/opt/ros/humble/share/ament_lint_auto/cmake)
[5.886s] -- Added test 'lint_cmake' to check CMake code style
[5.888s] -- Added test 'xmllint' to check XML markup files
[5.892s] -- Configuring done
[5.976s] -- Generating done
[5.991s] -- Build files have been written to: /home/ace/my_modern_cpp_lesson/lesson4/ros2_comm_demo/build/robot_interfaces
[6.004s] Invoked command in '/home/ace/my_modern_cpp_lesson/lesson4/ros2_comm_demo/build/robot_interfaces' returned '0': CMAKE_PREFIX_PATH=/opt/ros/humble /usr/bin/cmake /home/ace/my_modern_cpp_lesson/lesson4/ros2_comm_demo/src/robot_interfaces -DAMENT_CMAKE_SYMLINK_INSTALL=1 -DCMAKE_INSTALL_PREFIX=/home/ace/my_modern_cpp_lesson/lesson4/ros2_comm_demo/install/robot_interfaces
[6.006s] Invoking command in '/home/ace/my_modern_cpp_lesson/lesson4/ros2_comm_demo/build/robot_interfaces': CMAKE_PREFIX_PATH=/opt/ros/humble /usr/bin/cmake --build /home/ace/my_modern_cpp_lesson/lesson4/ros2_comm_demo/build/robot_interfaces -- -j4 -l4
[6.052s] [  2%] [34m[1mGenerating C code for ROS interfaces[0m
[6.064s] [  5%] [34m[1mGenerating C++ code for ROS interfaces[0m
[6.078s] [  5%] Built target ament_cmake_python_symlink_robot_interfaces
[6.536s] running egg_info
[6.537s] creating robot_interfaces.egg-info
[6.538s] writing robot_interfaces.egg-info/PKG-INFO
[6.538s] writing dependency_links to robot_interfaces.egg-info/dependency_links.txt
[6.539s] writing top-level names to robot_interfaces.egg-info/top_level.txt
[6.540s] writing manifest file 'robot_interfaces.egg-info/SOURCES.txt'
[6.543s] reading manifest file 'robot_interfaces.egg-info/SOURCES.txt'
[6.544s] writing manifest file 'robot_interfaces.egg-info/SOURCES.txt'
[6.599s] [  5%] Built target ament_cmake_python_build_robot_interfaces_egg
[6.954s] [  7%] [32mBuilding C object CMakeFiles/robot_interfaces__rosidl_generator_c.dir/rosidl_generator_c/robot_interfaces/srv/detail/get_robot_status__functions.c.o[0m
[6.963s] [ 10%] [32mBuilding C object CMakeFiles/robot_interfaces__rosidl_generator_c.dir/rosidl_generator_c/robot_interfaces/action/detail/navigation__functions.c.o[0m
[6.971s] [ 10%] Built target robot_interfaces__cpp
[6.991s] [ 12%] [34m[1mGenerating C++ type support for eProsima Fast-RTPS[0m
[6.999s] [ 15%] [34m[1mGenerating C++ type support dispatch for ROS interfaces[0m
[7.065s] [ 17%] [34m[1mGenerating C++ introspection for ROS interfaces[0m
[7.196s] [ 20%] [32m[1mLinking C shared library librobot_interfaces__rosidl_generator_c.so[0m
[7.497s] [ 20%] Built target robot_interfaces__rosidl_generator_c
[7.536s] [ 23%] [34m[1mGenerating C type support for eProsima Fast-RTPS[0m
[7.964s] [ 25%] [32mBuilding CXX object CMakeFiles/robot_interfaces__rosidl_typesupport_cpp.dir/rosidl_typesupport_cpp/robot_interfaces/srv/get_robot_status__type_support.cpp.o[0m
[8.229s] [ 28%] [32mBuilding CXX object CMakeFiles/robot_interfaces__rosidl_typesupport_introspection_cpp.dir/rosidl_typesupport_introspection_cpp/robot_interfaces/srv/detail/get_robot_status__type_support.cpp.o[0m
[8.336s] [ 30%] [32mBuilding CXX object CMakeFiles/robot_interfaces__rosidl_typesupport_fastrtps_cpp.dir/rosidl_typesupport_fastrtps_cpp/robot_interfaces/srv/detail/dds_fastrtps/get_robot_status__type_support.cpp.o[0m
[8.734s] [ 33%] [32mBuilding CXX object CMakeFiles/robot_interfaces__rosidl_typesupport_cpp.dir/rosidl_typesupport_cpp/robot_interfaces/action/navigation__type_support.cpp.o[0m
[9.175s] [ 35%] [32mBuilding CXX object CMakeFiles/robot_interfaces__rosidl_typesupport_fastrtps_c.dir/rosidl_typesupport_fastrtps_c/robot_interfaces/srv/detail/get_robot_status__type_support_c.cpp.o[0m
[9.415s] [ 38%] [32mBuilding CXX object CMakeFiles/robot_interfaces__rosidl_typesupport_introspection_cpp.dir/rosidl_typesupport_introspection_cpp/robot_interfaces/action/detail/navigation__type_support.cpp.o[0m
[9.575s] [ 41%] [32mBuilding CXX object CMakeFiles/robot_interfaces__rosidl_typesupport_fastrtps_cpp.dir/rosidl_typesupport_fastrtps_cpp/robot_interfaces/action/detail/dds_fastrtps/navigation__type_support.cpp.o[0m
[10.365s] [ 43%] [32m[1mLinking CXX shared library librobot_interfaces__rosidl_typesupport_cpp.so[0m
[10.565s] [ 46%] [32mBuilding CXX object CMakeFiles/robot_interfaces__rosidl_typesupport_fastrtps_c.dir/rosidl_typesupport_fastrtps_c/robot_interfaces/action/detail/navigation__type_support_c.cpp.o[0m
[10.920s] [ 46%] Built target robot_interfaces__rosidl_typesupport_cpp
[10.959s] [ 48%] [34m[1mGenerating C introspection for ROS interfaces[0m
[11.567s] [ 51%] [32m[1mLinking CXX shared library librobot_interfaces__rosidl_typesupport_introspection_cpp.so[0m
[11.584s] [ 53%] [32m[1mLinking CXX shared library librobot_interfaces__rosidl_typesupport_fastrtps_cpp.so[0m
[11.733s] [ 56%] [32m[1mLinking CXX shared library librobot_interfaces__rosidl_typesupport_fastrtps_c.so[0m
[12.424s] [ 58%] [32mBuilding C object CMakeFiles/robot_interfaces__rosidl_typesupport_introspection_c.dir/rosidl_typesupport_introspection_c/robot_interfaces/srv/detail/get_robot_status__type_support.c.o[0m
[12.515s] [ 58%] Built target robot_interfaces__rosidl_typesupport_introspection_cpp
[12.519s] [ 58%] Built target robot_interfaces__rosidl_typesupport_fastrtps_cpp
[12.561s] [ 61%] [32mBuilding C object CMakeFiles/robot_interfaces__rosidl_typesupport_introspection_c.dir/rosidl_typesupport_introspection_c/robot_interfaces/action/detail/navigation__type_support.c.o[0m
[12.579s] [ 64%] [34m[1mGenerating C type support dispatch for ROS interfaces[0m
[12.645s] [ 64%] Built target robot_interfaces__rosidl_typesupport_fastrtps_c
[12.773s] [ 66%] [32m[1mLinking C shared library librobot_interfaces__rosidl_typesupport_introspection_c.so[0m
[13.778s] [ 69%] [32mBuilding CXX object CMakeFiles/robot_interfaces__rosidl_typesupport_c.dir/rosidl_typesupport_c/robot_interfaces/srv/get_robot_status__type_support.cpp.o[0m
[13.783s] [ 71%] [32mBuilding CXX object CMakeFiles/robot_interfaces__rosidl_typesupport_c.dir/rosidl_typesupport_c/robot_interfaces/action/navigation__type_support.cpp.o[0m
[13.928s] [ 74%] [32m[1mLinking CXX shared library librobot_interfaces__rosidl_typesupport_c.so[0m
[13.989s] [ 74%] Built target robot_interfaces__rosidl_typesupport_introspection_c
[14.327s] [ 74%] Built target robot_interfaces__rosidl_typesupport_c
[14.357s] [ 74%] Built target robot_interfaces
[14.383s] [ 76%] [34m[1mGenerating Python code for ROS interfaces[0m
[15.773s] [ 76%] Built target robot_interfaces__py
[15.800s] [ 79%] [32mBuilding C object CMakeFiles/robot_interfaces__rosidl_generator_py.dir/rosidl_generator_py/robot_interfaces/srv/_get_robot_status_s.c.o[0m
[15.801s] [ 82%] [32mBuilding C object CMakeFiles/robot_interfaces__rosidl_generator_py.dir/rosidl_generator_py/robot_interfaces/action/_navigation_s.c.o[0m
[16.021s] [ 84%] [32m[1mLinking C shared library rosidl_generator_py/robot_interfaces/librobot_interfaces__rosidl_generator_py.so[0m
[16.335s] [ 84%] Built target robot_interfaces__rosidl_generator_py
[16.369s] [ 87%] [32mBuilding C object CMakeFiles/robot_interfaces__rosidl_typesupport_fastrtps_c__pyext.dir/rosidl_generator_py/robot_interfaces/_robot_interfaces_s.ep.rosidl_typesupport_fastrtps_c.c.o[0m
[16.369s] [ 92%] [32mBuilding C object CMakeFiles/robot_interfaces__rosidl_typesupport_c__pyext.dir/rosidl_generator_py/robot_interfaces/_robot_interfaces_s.ep.rosidl_typesupport_c.c.o[0m
[16.372s] [ 92%] [32mBuilding C object CMakeFiles/robot_interfaces__rosidl_typesupport_introspection_c__pyext.dir/rosidl_generator_py/robot_interfaces/_robot_interfaces_s.ep.rosidl_typesupport_introspection_c.c.o[0m
[16.592s] [ 94%] [32m[1mLinking C shared library rosidl_generator_py/robot_interfaces/robot_interfaces_s__rosidl_typesupport_fastrtps_c.cpython-310-x86_64-linux-gnu.so[0m
[16.594s] [ 97%] [32m[1mLinking C shared library rosidl_generator_py/robot_interfaces/robot_interfaces_s__rosidl_typesupport_c.cpython-310-x86_64-linux-gnu.so[0m
[16.598s] [100%] [32m[1mLinking C shared library rosidl_generator_py/robot_interfaces/robot_interfaces_s__rosidl_typesupport_introspection_c.cpython-310-x86_64-linux-gnu.so[0m
[16.871s] [100%] Built target robot_interfaces__rosidl_typesupport_introspection_c__pyext
[16.881s] [100%] Built target robot_interfaces__rosidl_typesupport_c__pyext
[16.972s] [100%] Built target robot_interfaces__rosidl_typesupport_fastrtps_c__pyext
[17.006s] Invoked command in '/home/ace/my_modern_cpp_lesson/lesson4/ros2_comm_demo/build/robot_interfaces' returned '0': CMAKE_PREFIX_PATH=/opt/ros/humble /usr/bin/cmake --build /home/ace/my_modern_cpp_lesson/lesson4/ros2_comm_demo/build/robot_interfaces -- -j4 -l4
[17.021s] Invoking command in '/home/ace/my_modern_cpp_lesson/lesson4/ros2_comm_demo/build/robot_interfaces': CMAKE_PREFIX_PATH=/opt/ros/humble /usr/bin/cmake --install /home/ace/my_modern_cpp_lesson/lesson4/ros2_comm_demo/build/robot_interfaces
[17.029s] -- Install configuration: ""
[17.030s] -- Execute custom install script
[17.033s] -- Symlinking: /home/ace/my_modern_cpp_lesson/lesson4/ros2_comm_demo/install/robot_interfaces/share/ament_index/resource_index/rosidl_interfaces/robot_interfaces
[17.049s] -- Symlinking: /home/ace/my_modern_cpp_lesson/lesson4/ros2_comm_demo/install/robot_interfaces/include/robot_interfaces/robot_interfaces/action/detail/navigation__functions.h
[17.065s] -- Symlinking: /home/ace/my_modern_cpp_lesson/lesson4/ros2_comm_demo/install/robot_interfaces/include/robot_interfaces/robot_interfaces/action/detail/navigation__struct.h
[17.076s] -- Symlinking: /home/ace/my_modern_cpp_lesson/lesson4/ros2_comm_demo/install/robot_interfaces/include/robot_interfaces/robot_interfaces/action/detail/navigation__type_support.h
[17.088s] -- Symlinking: /home/ace/my_modern_cpp_lesson/lesson4/ros2_comm_demo/install/robot_interfaces/include/robot_interfaces/robot_interfaces/action/navigation.h
[17.100s] -- Symlinking: /home/ace/my_modern_cpp_lesson/lesson4/ros2_comm_demo/install/robot_interfaces/include/robot_interfaces/robot_interfaces/msg/rosidl_generator_c__visibility_control.h
[17.113s] -- Symlinking: /home/ace/my_modern_cpp_lesson/lesson4/ros2_comm_demo/install/robot_interfaces/include/robot_interfaces/robot_interfaces/srv/detail/get_robot_status__functions.h
[17.126s] -- Symlinking: /home/ace/my_modern_cpp_lesson/lesson4/ros2_comm_demo/install/robot_interfaces/include/robot_interfaces/robot_interfaces/srv/detail/get_robot_status__struct.h
[17.137s] -- Symlinking: /home/ace/my_modern_cpp_lesson/lesson4/ros2_comm_demo/install/robot_interfaces/include/robot_interfaces/robot_interfaces/srv/detail/get_robot_status__type_support.h
[17.149s] -- Symlinking: /home/ace/my_modern_cpp_lesson/lesson4/ros2_comm_demo/install/robot_interfaces/include/robot_interfaces/robot_interfaces/srv/get_robot_status.h
[17.163s] -- Symlinking: /home/ace/my_modern_cpp_lesson/lesson4/ros2_comm_demo/install/robot_interfaces/share/robot_interfaces/environment/library_path.sh
[17.173s] -- Symlinking: /home/ace/my_modern_cpp_lesson/lesson4/ros2_comm_demo/install/robot_interfaces/share/robot_interfaces/environment/library_path.dsv
[17.187s] -- Symlinking: /home/ace/my_modern_cpp_lesson/lesson4/ros2_comm_demo/install/robot_interfaces/include/robot_interfaces/robot_interfaces/action/detail/navigation__rosidl_typesupport_fastrtps_c.h
[17.198s] -- Symlinking: /home/ace/my_modern_cpp_lesson/lesson4/ros2_comm_demo/install/robot_interfaces/include/robot_interfaces/robot_interfaces/msg/rosidl_typesupport_fastrtps_c__visibility_control.h
[17.209s] -- Symlinking: /home/ace/my_modern_cpp_lesson/lesson4/ros2_comm_demo/install/robot_interfaces/include/robot_interfaces/robot_interfaces/srv/detail/get_robot_status__rosidl_typesupport_fastrtps_c.h
[17.221s] -- Symlinking: /home/ace/my_modern_cpp_lesson/lesson4/ros2_comm_demo/install/robot_interfaces/include/robot_interfaces/robot_interfaces/action/detail/navigation__builder.hpp
[17.232s] -- Symlinking: /home/ace/my_modern_cpp_lesson/lesson4/ros2_comm_demo/install/robot_interfaces/include/robot_interfaces/robot_interfaces/action/detail/navigation__struct.hpp
[17.243s] -- Symlinking: /home/ace/my_modern_cpp_lesson/lesson4/ros2_comm_demo/install/robot_interfaces/include/robot_interfaces/robot_interfaces/action/detail/navigation__traits.hpp
[17.256s] -- Symlinking: /home/ace/my_modern_cpp_lesson/lesson4/ros2_comm_demo/install/robot_interfaces/include/robot_interfaces/robot_interfaces/action/detail/navigation__type_support.hpp
[17.282s] -- Symlinking: /home/ace/my_modern_cpp_lesson/lesson4/ros2_comm_demo/install/robot_interfaces/include/robot_interfaces/robot_interfaces/action/navigation.hpp
[17.295s] -- Symlinking: /home/ace/my_modern_cpp_lesson/lesson4/ros2_comm_demo/install/robot_interfaces/include/robot_interfaces/robot_interfaces/msg/rosidl_generator_cpp__visibility_control.hpp
[17.307s] -- Symlinking: /home/ace/my_modern_cpp_lesson/lesson4/ros2_comm_demo/install/robot_interfaces/include/robot_interfaces/robot_interfaces/srv/detail/get_robot_status__builder.hpp
[17.323s] -- Symlinking: /home/ace/my_modern_cpp_lesson/lesson4/ros2_comm_demo/install/robot_interfaces/include/robot_interfaces/robot_interfaces/srv/detail/get_robot_status__struct.hpp
[17.336s] -- Symlinking: /home/ace/my_modern_cpp_lesson/lesson4/ros2_comm_demo/install/robot_interfaces/include/robot_interfaces/robot_interfaces/srv/detail/get_robot_status__traits.hpp
[17.349s] -- Symlinking: /home/ace/my_modern_cpp_lesson/lesson4/ros2_comm_demo/install/robot_interfaces/include/robot_interfaces/robot_interfaces/srv/detail/get_robot_status__type_support.hpp
[17.363s] -- Symlinking: /home/ace/my_modern_cpp_lesson/lesson4/ros2_comm_demo/install/robot_interfaces/include/robot_interfaces/robot_interfaces/srv/get_robot_status.hpp
[17.375s] -- Symlinking: /home/ace/my_modern_cpp_lesson/lesson4/ros2_comm_demo/install/robot_interfaces/include/robot_interfaces/robot_interfaces/action/detail/navigation__rosidl_typesupport_fastrtps_cpp.hpp
[17.388s] -- Symlinking: /home/ace/my_modern_cpp_lesson/lesson4/ros2_comm_demo/install/robot_interfaces/include/robot_interfaces/robot_interfaces/msg/rosidl_typesupport_fastrtps_cpp__visibility_control.h
[17.399s] -- Symlinking: /home/ace/my_modern_cpp_lesson/lesson4/ros2_comm_demo/install/robot_interfaces/include/robot_interfaces/robot_interfaces/srv/detail/get_robot_status__rosidl_typesupport_fastrtps_cpp.hpp
[17.409s] -- Symlinking: /home/ace/my_modern_cpp_lesson/lesson4/ros2_comm_demo/install/robot_interfaces/include/robot_interfaces/robot_interfaces/action/detail/navigation__rosidl_typesupport_introspection_c.h
[17.425s] -- Symlinking: /home/ace/my_modern_cpp_lesson/lesson4/ros2_comm_demo/install/robot_interfaces/include/robot_interfaces/robot_interfaces/msg/rosidl_typesupport_introspection_c__visibility_control.h
[17.436s] -- Symlinking: /home/ace/my_modern_cpp_lesson/lesson4/ros2_comm_demo/install/robot_interfaces/include/robot_interfaces/robot_interfaces/srv/detail/get_robot_status__rosidl_typesupport_introspection_c.h
[17.450s] -- Symlinking: /home/ace/my_modern_cpp_lesson/lesson4/ros2_comm_demo/install/robot_interfaces/include/robot_interfaces/robot_interfaces/action/detail/navigation__rosidl_typesupport_introspection_cpp.hpp
[17.465s] -- Symlinking: /home/ace/my_modern_cpp_lesson/lesson4/ros2_comm_demo/install/robot_interfaces/include/robot_interfaces/robot_interfaces/srv/detail/get_robot_status__rosidl_typesupport_introspection_cpp.hpp
[17.475s] -- Symlinking: /home/ace/my_modern_cpp_lesson/lesson4/ros2_comm_demo/install/robot_interfaces/share/robot_interfaces/environment/pythonpath.sh
[17.486s] -- Symlinking: /home/ace/my_modern_cpp_lesson/lesson4/ros2_comm_demo/install/robot_interfaces/share/robot_interfaces/environment/pythonpath.dsv
[17.500s] -- Symlinking: /home/ace/my_modern_cpp_lesson/lesson4/ros2_comm_demo/install/robot_interfaces/local/lib/python3.10/dist-packages/robot_interfaces-0.0.0-py3.10.egg-info/PKG-INFO
[17.510s] -- Symlinking: /home/ace/my_modern_cpp_lesson/lesson4/ros2_comm_demo/install/robot_interfaces/local/lib/python3.10/dist-packages/robot_interfaces-0.0.0-py3.10.egg-info/SOURCES.txt
[17.523s] -- Symlinking: /home/ace/my_modern_cpp_lesson/lesson4/ros2_comm_demo/install/robot_interfaces/local/lib/python3.10/dist-packages/robot_interfaces-0.0.0-py3.10.egg-info/dependency_links.txt
[17.551s] -- Symlinking: /home/ace/my_modern_cpp_lesson/lesson4/ros2_comm_demo/install/robot_interfaces/local/lib/python3.10/dist-packages/robot_interfaces-0.0.0-py3.10.egg-info/top_level.txt
[17.600s] -- Symlinking: /home/ace/my_modern_cpp_lesson/lesson4/ros2_comm_demo/install/robot_interfaces/local/lib/python3.10/dist-packages/robot_interfaces/__init__.py
[17.620s] -- Symlinking: /home/ace/my_modern_cpp_lesson/lesson4/ros2_comm_demo/install/robot_interfaces/local/lib/python3.10/dist-packages/robot_interfaces/_robot_interfaces_s.ep.rosidl_typesupport_c.c
[17.640s] -- Symlinking: /home/ace/my_modern_cpp_lesson/lesson4/ros2_comm_demo/install/robot_interfaces/local/lib/python3.10/dist-packages/robot_interfaces/_robot_interfaces_s.ep.rosidl_typesupport_fastrtps_c.c
[17.653s] -- Symlinking: /home/ace/my_modern_cpp_lesson/lesson4/ros2_comm_demo/install/robot_interfaces/local/lib/python3.10/dist-packages/robot_interfaces/_robot_interfaces_s.ep.rosidl_typesupport_introspection_c.c
[17.668s] -- Symlinking: /home/ace/my_modern_cpp_lesson/lesson4/ros2_comm_demo/install/robot_interfaces/local/lib/python3.10/dist-packages/robot_interfaces/action/__init__.py
[17.679s] -- Symlinking: /home/ace/my_modern_cpp_lesson/lesson4/ros2_comm_demo/install/robot_interfaces/local/lib/python3.10/dist-packages/robot_interfaces/action/_navigation.py
[17.689s] -- Symlinking: /home/ace/my_modern_cpp_lesson/lesson4/ros2_comm_demo/install/robot_interfaces/local/lib/python3.10/dist-packages/robot_interfaces/action/_navigation_s.c
[17.700s] -- Symlinking: /home/ace/my_modern_cpp_lesson/lesson4/ros2_comm_demo/install/robot_interfaces/local/lib/python3.10/dist-packages/robot_interfaces/librobot_interfaces__rosidl_generator_py.so
[17.711s] -- Symlinking: /home/ace/my_modern_cpp_lesson/lesson4/ros2_comm_demo/install/robot_interfaces/local/lib/python3.10/dist-packages/robot_interfaces/robot_interfaces_s__rosidl_typesupport_c.cpython-310-x86_64-linux-gnu.so
[17.723s] -- Symlinking: /home/ace/my_modern_cpp_lesson/lesson4/ros2_comm_demo/install/robot_interfaces/local/lib/python3.10/dist-packages/robot_interfaces/robot_interfaces_s__rosidl_typesupport_fastrtps_c.cpython-310-x86_64-linux-gnu.so
[17.735s] -- Symlinking: /home/ace/my_modern_cpp_lesson/lesson4/ros2_comm_demo/install/robot_interfaces/local/lib/python3.10/dist-packages/robot_interfaces/robot_interfaces_s__rosidl_typesupport_introspection_c.cpython-310-x86_64-linux-gnu.so
[17.745s] -- Symlinking: /home/ace/my_modern_cpp_lesson/lesson4/ros2_comm_demo/install/robot_interfaces/local/lib/python3.10/dist-packages/robot_interfaces/srv/__init__.py
[17.760s] -- Symlinking: /home/ace/my_modern_cpp_lesson/lesson4/ros2_comm_demo/install/robot_interfaces/local/lib/python3.10/dist-packages/robot_interfaces/srv/_get_robot_status.py
[17.770s] -- Symlinking: /home/ace/my_modern_cpp_lesson/lesson4/ros2_comm_demo/install/robot_interfaces/local/lib/python3.10/dist-packages/robot_interfaces/srv/_get_robot_status_s.c
[17.782s] -- Up-to-date symlink: /home/ace/my_modern_cpp_lesson/lesson4/ros2_comm_demo/install/robot_interfaces/local/lib/python3.10/dist-packages/robot_interfaces/robot_interfaces_s__rosidl_typesupport_fastrtps_c.cpython-310-x86_64-linux-gnu.so
[17.782s] -- Up-to-date symlink: /home/ace/my_modern_cpp_lesson/lesson4/ros2_comm_demo/install/robot_interfaces/local/lib/python3.10/dist-packages/robot_interfaces/robot_interfaces_s__rosidl_typesupport_introspection_c.cpython-310-x86_64-linux-gnu.so
[17.782s] -- Up-to-date symlink: /home/ace/my_modern_cpp_lesson/lesson4/ros2_comm_demo/install/robot_interfaces/local/lib/python3.10/dist-packages/robot_interfaces/robot_interfaces_s__rosidl_typesupport_c.cpython-310-x86_64-linux-gnu.so
[17.783s] -- Symlinking: /home/ace/my_modern_cpp_lesson/lesson4/ros2_comm_demo/install/robot_interfaces/share/robot_interfaces/srv/GetRobotStatus.idl
[17.795s] -- Symlinking: /home/ace/my_modern_cpp_lesson/lesson4/ros2_comm_demo/install/robot_interfaces/share/robot_interfaces/action/Navigation.idl
[17.806s] -- Symlinking: /home/ace/my_modern_cpp_lesson/lesson4/ros2_comm_demo/install/robot_interfaces/share/robot_interfaces/srv/GetRobotStatus.srv
[17.818s] -- Symlinking: /home/ace/my_modern_cpp_lesson/lesson4/ros2_comm_demo/install/robot_interfaces/share/robot_interfaces/srv/GetRobotStatus_Request.msg
[17.828s] -- Symlinking: /home/ace/my_modern_cpp_lesson/lesson4/ros2_comm_demo/install/robot_interfaces/share/robot_interfaces/srv/GetRobotStatus_Response.msg
[17.853s] -- Symlinking: /home/ace/my_modern_cpp_lesson/lesson4/ros2_comm_demo/install/robot_interfaces/share/robot_interfaces/action/Navigation.action
[17.874s] -- Symlinking: /home/ace/my_modern_cpp_lesson/lesson4/ros2_comm_demo/install/robot_interfaces/share/ament_index/resource_index/package_run_dependencies/robot_interfaces
[17.892s] -- Symlinking: /home/ace/my_modern_cpp_lesson/lesson4/ros2_comm_demo/install/robot_interfaces/share/ament_index/resource_index/parent_prefix_path/robot_interfaces
[17.907s] -- Symlinking: /home/ace/my_modern_cpp_lesson/lesson4/ros2_comm_demo/install/robot_interfaces/share/robot_interfaces/environment/ament_prefix_path.sh
[17.924s] -- Symlinking: /home/ace/my_modern_cpp_lesson/lesson4/ros2_comm_demo/install/robot_interfaces/share/robot_interfaces/environment/ament_prefix_path.dsv
[17.936s] -- Symlinking: /home/ace/my_modern_cpp_lesson/lesson4/ros2_comm_demo/install/robot_interfaces/share/robot_interfaces/environment/path.sh
[17.952s] -- Symlinking: /home/ace/my_modern_cpp_lesson/lesson4/ros2_comm_demo/install/robot_interfaces/share/robot_interfaces/environment/path.dsv
[17.967s] -- Symlinking: /home/ace/my_modern_cpp_lesson/lesson4/ros2_comm_demo/install/robot_interfaces/share/robot_interfaces/local_setup.bash
[17.979s] -- Symlinking: /home/ace/my_modern_cpp_lesson/lesson4/ros2_comm_demo/install/robot_interfaces/share/robot_interfaces/local_setup.sh
[17.992s] -- Symlinking: /home/ace/my_modern_cpp_lesson/lesson4/ros2_comm_demo/install/robot_interfaces/share/robot_interfaces/local_setup.zsh
[18.002s] -- Symlinking: /home/ace/my_modern_cpp_lesson/lesson4/ros2_comm_demo/install/robot_interfaces/share/robot_interfaces/local_setup.dsv
[18.015s] -- Symlinking: /home/ace/my_modern_cpp_lesson/lesson4/ros2_comm_demo/install/robot_interfaces/share/robot_interfaces/package.dsv
[18.034s] -- Symlinking: /home/ace/my_modern_cpp_lesson/lesson4/ros2_comm_demo/install/robot_interfaces/share/ament_index/resource_index/packages/robot_interfaces
[18.053s] -- Symlinking: /home/ace/my_modern_cpp_lesson/lesson4/ros2_comm_demo/install/robot_interfaces/share/robot_interfaces/cmake/rosidl_cmake-extras.cmake
[18.076s] -- Symlinking: /home/ace/my_modern_cpp_lesson/lesson4/ros2_comm_demo/install/robot_interfaces/share/robot_interfaces/cmake/ament_cmake_export_dependencies-extras.cmake
[18.101s] -- Symlinking: /home/ace/my_modern_cpp_lesson/lesson4/ros2_comm_demo/install/robot_interfaces/share/robot_interfaces/cmake/ament_cmake_export_include_directories-extras.cmake
[18.138s] -- Symlinking: /home/ace/my_modern_cpp_lesson/lesson4/ros2_comm_demo/install/robot_interfaces/share/robot_interfaces/cmake/ament_cmake_export_libraries-extras.cmake
[18.164s] -- Symlinking: /home/ace/my_modern_cpp_lesson/lesson4/ros2_comm_demo/install/robot_interfaces/share/robot_interfaces/cmake/ament_cmake_export_targets-extras.cmake
[18.201s] -- Symlinking: /home/ace/my_modern_cpp_lesson/lesson4/ros2_comm_demo/install/robot_interfaces/share/robot_interfaces/cmake/rosidl_cmake_export_typesupport_targets-extras.cmake
[18.209s] -- Symlinking: /home/ace/my_modern_cpp_lesson/lesson4/ros2_comm_demo/install/robot_interfaces/share/robot_interfaces/cmake/rosidl_cmake_export_typesupport_libraries-extras.cmake
[18.235s] -- Symlinking: /home/ace/my_modern_cpp_lesson/lesson4/ros2_comm_demo/install/robot_interfaces/share/robot_interfaces/cmake/robot_interfacesConfig.cmake
[18.260s] -- Symlinking: /home/ace/my_modern_cpp_lesson/lesson4/ros2_comm_demo/install/robot_interfaces/share/robot_interfaces/cmake/robot_interfacesConfig-version.cmake
[18.299s] -- Symlinking: /home/ace/my_modern_cpp_lesson/lesson4/ros2_comm_demo/install/robot_interfaces/share/robot_interfaces/package.xml
[18.315s] -- Installing: /home/ace/my_modern_cpp_lesson/lesson4/ros2_comm_demo/install/robot_interfaces/lib/librobot_interfaces__rosidl_generator_c.so
[18.317s] -- Set runtime path of "/home/ace/my_modern_cpp_lesson/lesson4/ros2_comm_demo/install/robot_interfaces/lib/librobot_interfaces__rosidl_generator_c.so" to ""
[18.320s] -- Installing: /home/ace/my_modern_cpp_lesson/lesson4/ros2_comm_demo/install/robot_interfaces/lib/librobot_interfaces__rosidl_typesupport_fastrtps_c.so
[18.320s] -- Set runtime path of "/home/ace/my_modern_cpp_lesson/lesson4/ros2_comm_demo/install/robot_interfaces/lib/librobot_interfaces__rosidl_typesupport_fastrtps_c.so" to ""
[18.320s] -- Installing: /home/ace/my_modern_cpp_lesson/lesson4/ros2_comm_demo/install/robot_interfaces/lib/librobot_interfaces__rosidl_typesupport_fastrtps_cpp.so
[18.321s] -- Set runtime path of "/home/ace/my_modern_cpp_lesson/lesson4/ros2_comm_demo/install/robot_interfaces/lib/librobot_interfaces__rosidl_typesupport_fastrtps_cpp.so" to ""
[18.321s] -- Installing: /home/ace/my_modern_cpp_lesson/lesson4/ros2_comm_demo/install/robot_interfaces/lib/librobot_interfaces__rosidl_typesupport_introspection_c.so
[18.321s] -- Set runtime path of "/home/ace/my_modern_cpp_lesson/lesson4/ros2_comm_demo/install/robot_interfaces/lib/librobot_interfaces__rosidl_typesupport_introspection_c.so" to ""
[18.321s] -- Installing: /home/ace/my_modern_cpp_lesson/lesson4/ros2_comm_demo/install/robot_interfaces/lib/librobot_interfaces__rosidl_typesupport_c.so
[18.321s] -- Set runtime path of "/home/ace/my_modern_cpp_lesson/lesson4/ros2_comm_demo/install/robot_interfaces/lib/librobot_interfaces__rosidl_typesupport_c.so" to ""
[18.322s] -- Installing: /home/ace/my_modern_cpp_lesson/lesson4/ros2_comm_demo/install/robot_interfaces/lib/librobot_interfaces__rosidl_typesupport_introspection_cpp.so
[18.322s] -- Set runtime path of "/home/ace/my_modern_cpp_lesson/lesson4/ros2_comm_demo/install/robot_interfaces/lib/librobot_interfaces__rosidl_typesupport_introspection_cpp.so" to ""
[18.322s] -- Installing: /home/ace/my_modern_cpp_lesson/lesson4/ros2_comm_demo/install/robot_interfaces/lib/librobot_interfaces__rosidl_typesupport_cpp.so
[18.323s] -- Set runtime path of "/home/ace/my_modern_cpp_lesson/lesson4/ros2_comm_demo/install/robot_interfaces/lib/librobot_interfaces__rosidl_typesupport_cpp.so" to ""
[18.396s] Listing '/home/ace/my_modern_cpp_lesson/lesson4/ros2_comm_demo/install/robot_interfaces/local/lib/python3.10/dist-packages/robot_interfaces'...
[18.397s] Compiling '/home/ace/my_modern_cpp_lesson/lesson4/ros2_comm_demo/install/robot_interfaces/local/lib/python3.10/dist-packages/robot_interfaces/__init__.py'...
[18.397s] Listing '/home/ace/my_modern_cpp_lesson/lesson4/ros2_comm_demo/install/robot_interfaces/local/lib/python3.10/dist-packages/robot_interfaces/action'...
[18.397s] Compiling '/home/ace/my_modern_cpp_lesson/lesson4/ros2_comm_demo/install/robot_interfaces/local/lib/python3.10/dist-packages/robot_interfaces/action/__init__.py'...
[18.397s] Compiling '/home/ace/my_modern_cpp_lesson/lesson4/ros2_comm_demo/install/robot_interfaces/local/lib/python3.10/dist-packages/robot_interfaces/action/_navigation.py'...
[18.397s] Listing '/home/ace/my_modern_cpp_lesson/lesson4/ros2_comm_demo/install/robot_interfaces/local/lib/python3.10/dist-packages/robot_interfaces/srv'...
[18.397s] Compiling '/home/ace/my_modern_cpp_lesson/lesson4/ros2_comm_demo/install/robot_interfaces/local/lib/python3.10/dist-packages/robot_interfaces/srv/__init__.py'...
[18.397s] Compiling '/home/ace/my_modern_cpp_lesson/lesson4/ros2_comm_demo/install/robot_interfaces/local/lib/python3.10/dist-packages/robot_interfaces/srv/_get_robot_status.py'...
[18.426s] -- Installing: /home/ace/my_modern_cpp_lesson/lesson4/ros2_comm_demo/install/robot_interfaces/lib/librobot_interfaces__rosidl_generator_py.so
[18.427s] -- Set runtime path of "/home/ace/my_modern_cpp_lesson/lesson4/ros2_comm_demo/install/robot_interfaces/lib/librobot_interfaces__rosidl_generator_py.so" to ""
[18.427s] -- Installing: /home/ace/my_modern_cpp_lesson/lesson4/ros2_comm_demo/install/robot_interfaces/share/robot_interfaces/cmake/export_robot_interfaces__rosidl_generator_cExport.cmake
[18.427s] -- Installing: /home/ace/my_modern_cpp_lesson/lesson4/ros2_comm_demo/install/robot_interfaces/share/robot_interfaces/cmake/export_robot_interfaces__rosidl_generator_cExport-noconfig.cmake
[18.427s] -- Installing: /home/ace/my_modern_cpp_lesson/lesson4/ros2_comm_demo/install/robot_interfaces/share/robot_interfaces/cmake/export_robot_interfaces__rosidl_typesupport_fastrtps_cExport.cmake
[18.427s] -- Installing: /home/ace/my_modern_cpp_lesson/lesson4/ros2_comm_demo/install/robot_interfaces/share/robot_interfaces/cmake/export_robot_interfaces__rosidl_typesupport_fastrtps_cExport-noconfig.cmake
[18.427s] -- Installing: /home/ace/my_modern_cpp_lesson/lesson4/ros2_comm_demo/install/robot_interfaces/share/robot_interfaces/cmake/export_robot_interfaces__rosidl_generator_cppExport.cmake
[18.427s] -- Installing: /home/ace/my_modern_cpp_lesson/lesson4/ros2_comm_demo/install/robot_interfaces/share/robot_interfaces/cmake/export_robot_interfaces__rosidl_typesupport_fastrtps_cppExport.cmake
[18.427s] -- Installing: /home/ace/my_modern_cpp_lesson/lesson4/ros2_comm_demo/install/robot_interfaces/share/robot_interfaces/cmake/export_robot_interfaces__rosidl_typesupport_fastrtps_cppExport-noconfig.cmake
[18.427s] -- Installing: /home/ace/my_modern_cpp_lesson/lesson4/ros2_comm_demo/install/robot_interfaces/share/robot_interfaces/cmake/robot_interfaces__rosidl_typesupport_introspection_cExport.cmake
[18.427s] -- Installing: /home/ace/my_modern_cpp_lesson/lesson4/ros2_comm_demo/install/robot_interfaces/share/robot_interfaces/cmake/robot_interfaces__rosidl_typesupport_introspection_cExport-noconfig.cmake
[18.427s] -- Installing: /home/ace/my_modern_cpp_lesson/lesson4/ros2_comm_demo/install/robot_interfaces/share/robot_interfaces/cmake/robot_interfaces__rosidl_typesupport_cExport.cmake
[18.428s] -- Installing: /home/ace/my_modern_cpp_lesson/lesson4/ros2_comm_demo/install/robot_interfaces/share/robot_interfaces/cmake/robot_interfaces__rosidl_typesupport_cExport-noconfig.cmake
[18.428s] -- Installing: /home/ace/my_modern_cpp_lesson/lesson4/ros2_comm_demo/install/robot_interfaces/share/robot_interfaces/cmake/robot_interfaces__rosidl_typesupport_introspection_cppExport.cmake
[18.428s] -- Installing: /home/ace/my_modern_cpp_lesson/lesson4/ros2_comm_demo/install/robot_interfaces/share/robot_interfaces/cmake/robot_interfaces__rosidl_typesupport_introspection_cppExport-noconfig.cmake
[18.428s] -- Installing: /home/ace/my_modern_cpp_lesson/lesson4/ros2_comm_demo/install/robot_interfaces/share/robot_interfaces/cmake/robot_interfaces__rosidl_typesupport_cppExport.cmake
[18.429s] -- Installing: /home/ace/my_modern_cpp_lesson/lesson4/ros2_comm_demo/install/robot_interfaces/share/robot_interfaces/cmake/robot_interfaces__rosidl_typesupport_cppExport-noconfig.cmake
[18.429s] -- Installing: /home/ace/my_modern_cpp_lesson/lesson4/ros2_comm_demo/install/robot_interfaces/share/robot_interfaces/cmake/export_robot_interfaces__rosidl_generator_pyExport.cmake
[18.429s] -- Installing: /home/ace/my_modern_cpp_lesson/lesson4/ros2_comm_demo/install/robot_interfaces/share/robot_interfaces/cmake/export_robot_interfaces__rosidl_generator_pyExport-noconfig.cmake
[18.433s] Invoked command in '/home/ace/my_modern_cpp_lesson/lesson4/ros2_comm_demo/build/robot_interfaces' returned '0': CMAKE_PREFIX_PATH=/opt/ros/humble /usr/bin/cmake --install /home/ace/my_modern_cpp_lesson/lesson4/ros2_comm_demo/build/robot_interfaces
