[0.028s] Invoking command in '/home/ace/robotics-from-zero-tutorial/build/lesson5_composition': CMAKE_PREFIX_PATH=/opt/ros/humble CONDA_PROMPT_MODIFIER=(base) /usr/bin/cmake /home/ace/robotics-from-zero-tutorial/src/lesson5/lesson5_composition -DCMAKE_INSTALL_PREFIX=/home/ace/robotics-from-zero-tutorial/install/lesson5_composition
[0.072s] -- Found ament_cmake: 1.3.12 (/opt/ros/humble/share/ament_cmake/cmake)
[0.295s] -- Found rclcpp: 16.0.16 (/opt/ros/humble/share/rclcpp/cmake)
[0.602s] -- Found rosidl_generator_c: 3.1.7 (/opt/ros/humble/share/rosidl_generator_c/cmake)
[0.602s] -- Found rosidl_adapter: 3.1.7 (/opt/ros/humble/share/rosidl_adapter/cmake)
[0.611s] -- Found rosidl_generator_cpp: 3.1.7 (/opt/ros/humble/share/rosidl_generator_cpp/cmake)
[0.628s] -- Using all available rosidl_typesupport_c: rosidl_typesupport_fastrtps_c;rosidl_typesupport_introspection_c
[0.649s] -- Using all available rosidl_typesupport_cpp: rosidl_typesupport_fastrtps_cpp;rosidl_typesupport_introspection_cpp
[0.698s] -- Found rmw_implementation_cmake: 6.1.2 (/opt/ros/humble/share/rmw_implementation_cmake/cmake)
[0.703s] -- Found rmw_cyclonedds_cpp: 1.3.4 (/opt/ros/humble/share/rmw_cyclonedds_cpp/cmake)
[0.727s] -- Using RMW implementation 'rmw_cyclonedds_cpp' as default
[0.814s] -- Configuring incomplete, errors occurred!
[0.814s] See also "/home/ace/robotics-from-zero-tutorial/build/lesson5_composition/CMakeFiles/CMakeOutput.log".
[0.817s] [31mCMake Error at /opt/ros/humble/share/ament_cmake_target_dependencies/cmake/ament_target_dependencies.cmake:77 (message):
[0.817s]   ament_target_dependencies() the passed package name 'rclcpp_components' was
[0.817s]   not found before
[0.817s] Call Stack (most recent call first):
[0.817s]   CMakeLists.txt:22 (ament_target_dependencies)
[0.817s] 
[0.818s] [0m
[0.828s] Invoked command in '/home/ace/robotics-from-zero-tutorial/build/lesson5_composition' returned '1': CMAKE_PREFIX_PATH=/opt/ros/humble CONDA_PROMPT_MODIFIER=(base) /usr/bin/cmake /home/ace/robotics-from-zero-tutorial/src/lesson5/lesson5_composition -DCMAKE_INSTALL_PREFIX=/home/ace/robotics-from-zero-tutorial/install/lesson5_composition
