[0.312s] DEBUG:colcon:Command line arguments: ['/usr/bin/colcon', 'build']
[0.312s] DEBUG:colcon:Parsed command line arguments: Namespace(log_base=None, log_level=None, verb_name='build', build_base='build', install_base='install', merge_install=False, symlink_install=False, test_result_base=None, continue_on_error=False, executor='parallel', parallel_workers=4, event_handlers=None, ignore_user_meta=False, metas=['./colcon.meta'], base_paths=['.'], packages_ignore=None, packages_ignore_regex=None, paths=None, packages_up_to=None, packages_up_to_regex=None, packages_above=None, packages_above_and_dependencies=None, packages_above_depth=None, packages_select_by_dep=None, packages_skip_by_dep=None, packages_skip_up_to=None, packages_select_build_failed=False, packages_skip_build_finished=False, packages_select_test_failures=False, packages_skip_test_passed=False, packages_select=None, packages_skip=None, packages_select_regex=None, packages_skip_regex=None, packages_start=None, packages_end=None, allow_overriding=[], cmake_args=None, cmake_target=None, cmake_target_skip_unavailable=False, cmake_clean_cache=False, cmake_clean_first=False, cmake_force_configure=False, ament_cmake_args=None, catkin_cmake_args=None, catkin_skip_building_tests=False, mixin_files=None, mixin=None, verb_parser=<colcon_mixin.mixin.mixin_argument.MixinArgumentDecorator object at 0x7bd97d639450>, verb_extension=<colcon_core.verb.build.BuildVerb object at 0x7bd97d75e3e0>, main=<bound method BuildVerb.main of <colcon_core.verb.build.BuildVerb object at 0x7bd97d75e3e0>>, mixin_verb=('build',))
[0.520s] Level 1:colcon.colcon_core.package_discovery:discover_packages(colcon_meta) check parameters
[0.521s] Level 1:colcon.colcon_core.package_discovery:discover_packages(recursive) check parameters
[0.521s] Level 1:colcon.colcon_core.package_discovery:discover_packages(ignore) check parameters
[0.521s] Level 1:colcon.colcon_core.package_discovery:discover_packages(path) check parameters
[0.521s] Level 1:colcon.colcon_core.package_discovery:discover_packages(colcon_meta) discover
[0.521s] Level 1:colcon.colcon_core.package_discovery:discover_packages(recursive) discover
[0.521s] INFO:colcon.colcon_core.package_discovery:Crawling recursively for packages in '/home/ace/robotics-from-zero-tutorial'
[0.521s] Level 1:colcon.colcon_core.package_identification:_identify(.) by extensions ['ignore', 'ignore_ament_install']
[0.521s] Level 1:colcon.colcon_core.package_identification:_identify(.) by extension 'ignore'
[0.521s] Level 1:colcon.colcon_core.package_identification:_identify(.) by extension 'ignore_ament_install'
[0.521s] Level 1:colcon.colcon_core.package_identification:_identify(.) by extensions ['colcon_pkg']
[0.521s] Level 1:colcon.colcon_core.package_identification:_identify(.) by extension 'colcon_pkg'
[0.521s] Level 1:colcon.colcon_core.package_identification:_identify(.) by extensions ['colcon_meta']
[0.521s] Level 1:colcon.colcon_core.package_identification:_identify(.) by extension 'colcon_meta'
[0.521s] Level 1:colcon.colcon_core.package_identification:_identify(.) by extensions ['ros']
[0.521s] Level 1:colcon.colcon_core.package_identification:_identify(.) by extension 'ros'
[0.539s] Level 1:colcon.colcon_core.package_identification:_identify(.) by extensions ['cmake', 'python']
[0.539s] Level 1:colcon.colcon_core.package_identification:_identify(.) by extension 'cmake'
[0.539s] Level 1:colcon.colcon_core.package_identification:_identify(.) by extension 'python'
[0.539s] Level 1:colcon.colcon_core.package_identification:_identify(.) by extensions ['python_setup_py']
[0.539s] Level 1:colcon.colcon_core.package_identification:_identify(.) by extension 'python_setup_py'
[0.539s] Level 1:colcon.colcon_core.package_identification:_identify(build) by extensions ['ignore', 'ignore_ament_install']
[0.540s] Level 1:colcon.colcon_core.package_identification:_identify(build) by extension 'ignore'
[0.540s] Level 1:colcon.colcon_core.package_identification:_identify(build) ignored
[0.540s] Level 1:colcon.colcon_core.package_identification:_identify(install) by extensions ['ignore', 'ignore_ament_install']
[0.540s] Level 1:colcon.colcon_core.package_identification:_identify(install) by extension 'ignore'
[0.540s] Level 1:colcon.colcon_core.package_identification:_identify(install) ignored
[0.540s] Level 1:colcon.colcon_core.package_identification:_identify(log) by extensions ['ignore', 'ignore_ament_install']
[0.541s] Level 1:colcon.colcon_core.package_identification:_identify(log) by extension 'ignore'
[0.541s] Level 1:colcon.colcon_core.package_identification:_identify(log) ignored
[0.541s] Level 1:colcon.colcon_core.package_identification:_identify(src) by extensions ['ignore', 'ignore_ament_install']
[0.541s] Level 1:colcon.colcon_core.package_identification:_identify(src) by extension 'ignore'
[0.541s] Level 1:colcon.colcon_core.package_identification:_identify(src) by extension 'ignore_ament_install'
[0.541s] Level 1:colcon.colcon_core.package_identification:_identify(src) by extensions ['colcon_pkg']
[0.542s] Level 1:colcon.colcon_core.package_identification:_identify(src) by extension 'colcon_pkg'
[0.542s] Level 1:colcon.colcon_core.package_identification:_identify(src) by extensions ['colcon_meta']
[0.542s] Level 1:colcon.colcon_core.package_identification:_identify(src) by extension 'colcon_meta'
[0.542s] Level 1:colcon.colcon_core.package_identification:_identify(src) by extensions ['ros']
[0.542s] Level 1:colcon.colcon_core.package_identification:_identify(src) by extension 'ros'
[0.542s] Level 1:colcon.colcon_core.package_identification:_identify(src) by extensions ['cmake', 'python']
[0.542s] Level 1:colcon.colcon_core.package_identification:_identify(src) by extension 'cmake'
[0.542s] Level 1:colcon.colcon_core.package_identification:_identify(src) by extension 'python'
[0.542s] Level 1:colcon.colcon_core.package_identification:_identify(src) by extensions ['python_setup_py']
[0.542s] Level 1:colcon.colcon_core.package_identification:_identify(src) by extension 'python_setup_py'
[0.543s] Level 1:colcon.colcon_core.package_identification:_identify(src/lesson1) by extensions ['ignore', 'ignore_ament_install']
[0.543s] Level 1:colcon.colcon_core.package_identification:_identify(src/lesson1) by extension 'ignore'
[0.543s] Level 1:colcon.colcon_core.package_identification:_identify(src/lesson1) by extension 'ignore_ament_install'
[0.543s] Level 1:colcon.colcon_core.package_identification:_identify(src/lesson1) by extensions ['colcon_pkg']
[0.543s] Level 1:colcon.colcon_core.package_identification:_identify(src/lesson1) by extension 'colcon_pkg'
[0.543s] Level 1:colcon.colcon_core.package_identification:_identify(src/lesson1) by extensions ['colcon_meta']
[0.543s] Level 1:colcon.colcon_core.package_identification:_identify(src/lesson1) by extension 'colcon_meta'
[0.543s] Level 1:colcon.colcon_core.package_identification:_identify(src/lesson1) by extensions ['ros']
[0.543s] Level 1:colcon.colcon_core.package_identification:_identify(src/lesson1) by extension 'ros'
[0.543s] Level 1:colcon.colcon_core.package_identification:_identify(src/lesson1) by extensions ['cmake', 'python']
[0.544s] Level 1:colcon.colcon_core.package_identification:_identify(src/lesson1) by extension 'cmake'
[0.544s] Level 1:colcon.colcon_core.package_identification:_identify(src/lesson1) by extension 'python'
[0.544s] Level 1:colcon.colcon_core.package_identification:_identify(src/lesson1) by extensions ['python_setup_py']
[0.544s] Level 1:colcon.colcon_core.package_identification:_identify(src/lesson1) by extension 'python_setup_py'
[0.544s] Level 1:colcon.colcon_core.package_identification:_identify(src/lesson2) by extensions ['ignore', 'ignore_ament_install']
[0.544s] Level 1:colcon.colcon_core.package_identification:_identify(src/lesson2) by extension 'ignore'
[0.544s] Level 1:colcon.colcon_core.package_identification:_identify(src/lesson2) by extension 'ignore_ament_install'
[0.544s] Level 1:colcon.colcon_core.package_identification:_identify(src/lesson2) by extensions ['colcon_pkg']
[0.544s] Level 1:colcon.colcon_core.package_identification:_identify(src/lesson2) by extension 'colcon_pkg'
[0.544s] Level 1:colcon.colcon_core.package_identification:_identify(src/lesson2) by extensions ['colcon_meta']
[0.545s] Level 1:colcon.colcon_core.package_identification:_identify(src/lesson2) by extension 'colcon_meta'
[0.545s] Level 1:colcon.colcon_core.package_identification:_identify(src/lesson2) by extensions ['ros']
[0.545s] Level 1:colcon.colcon_core.package_identification:_identify(src/lesson2) by extension 'ros'
[0.545s] Level 1:colcon.colcon_core.package_identification:_identify(src/lesson2) by extensions ['cmake', 'python']
[0.545s] Level 1:colcon.colcon_core.package_identification:_identify(src/lesson2) by extension 'cmake'
[0.545s] Level 1:colcon.colcon_core.package_identification:_identify(src/lesson2) by extension 'python'
[0.545s] Level 1:colcon.colcon_core.package_identification:_identify(src/lesson2) by extensions ['python_setup_py']
[0.545s] Level 1:colcon.colcon_core.package_identification:_identify(src/lesson2) by extension 'python_setup_py'
[0.545s] Level 1:colcon.colcon_core.package_identification:_identify(src/lesson3) by extensions ['ignore', 'ignore_ament_install']
[0.546s] Level 1:colcon.colcon_core.package_identification:_identify(src/lesson3) by extension 'ignore'
[0.546s] Level 1:colcon.colcon_core.package_identification:_identify(src/lesson3) by extension 'ignore_ament_install'
[0.546s] Level 1:colcon.colcon_core.package_identification:_identify(src/lesson3) by extensions ['colcon_pkg']
[0.546s] Level 1:colcon.colcon_core.package_identification:_identify(src/lesson3) by extension 'colcon_pkg'
[0.546s] Level 1:colcon.colcon_core.package_identification:_identify(src/lesson3) by extensions ['colcon_meta']
[0.546s] Level 1:colcon.colcon_core.package_identification:_identify(src/lesson3) by extension 'colcon_meta'
[0.546s] Level 1:colcon.colcon_core.package_identification:_identify(src/lesson3) by extensions ['ros']
[0.546s] Level 1:colcon.colcon_core.package_identification:_identify(src/lesson3) by extension 'ros'
[0.547s] Level 1:colcon.colcon_core.package_identification:_identify(src/lesson3) by extensions ['cmake', 'python']
[0.547s] Level 1:colcon.colcon_core.package_identification:_identify(src/lesson3) by extension 'cmake'
[0.547s] Level 1:colcon.colcon_core.package_identification:_identify(src/lesson3) by extension 'python'
[0.547s] Level 1:colcon.colcon_core.package_identification:_identify(src/lesson3) by extensions ['python_setup_py']
[0.547s] Level 1:colcon.colcon_core.package_identification:_identify(src/lesson3) by extension 'python_setup_py'
[0.547s] Level 1:colcon.colcon_core.package_identification:_identify(src/lesson4) by extensions ['ignore', 'ignore_ament_install']
[0.547s] Level 1:colcon.colcon_core.package_identification:_identify(src/lesson4) by extension 'ignore'
[0.547s] Level 1:colcon.colcon_core.package_identification:_identify(src/lesson4) by extension 'ignore_ament_install'
[0.547s] Level 1:colcon.colcon_core.package_identification:_identify(src/lesson4) by extensions ['colcon_pkg']
[0.547s] Level 1:colcon.colcon_core.package_identification:_identify(src/lesson4) by extension 'colcon_pkg'
[0.547s] Level 1:colcon.colcon_core.package_identification:_identify(src/lesson4) by extensions ['colcon_meta']
[0.548s] Level 1:colcon.colcon_core.package_identification:_identify(src/lesson4) by extension 'colcon_meta'
[0.548s] Level 1:colcon.colcon_core.package_identification:_identify(src/lesson4) by extensions ['ros']
[0.548s] Level 1:colcon.colcon_core.package_identification:_identify(src/lesson4) by extension 'ros'
[0.548s] Level 1:colcon.colcon_core.package_identification:_identify(src/lesson4) by extensions ['cmake', 'python']
[0.548s] Level 1:colcon.colcon_core.package_identification:_identify(src/lesson4) by extension 'cmake'
[0.548s] Level 1:colcon.colcon_core.package_identification:_identify(src/lesson4) by extension 'python'
[0.548s] Level 1:colcon.colcon_core.package_identification:_identify(src/lesson4) by extensions ['python_setup_py']
[0.548s] Level 1:colcon.colcon_core.package_identification:_identify(src/lesson4) by extension 'python_setup_py'
[0.548s] Level 1:colcon.colcon_core.package_identification:_identify(src/lesson4/ros2_comm_demo) by extensions ['ignore', 'ignore_ament_install']
[0.548s] Level 1:colcon.colcon_core.package_identification:_identify(src/lesson4/ros2_comm_demo) by extension 'ignore'
[0.549s] Level 1:colcon.colcon_core.package_identification:_identify(src/lesson4/ros2_comm_demo) by extension 'ignore_ament_install'
[0.549s] Level 1:colcon.colcon_core.package_identification:_identify(src/lesson4/ros2_comm_demo) by extensions ['colcon_pkg']
[0.549s] Level 1:colcon.colcon_core.package_identification:_identify(src/lesson4/ros2_comm_demo) by extension 'colcon_pkg'
[0.549s] Level 1:colcon.colcon_core.package_identification:_identify(src/lesson4/ros2_comm_demo) by extensions ['colcon_meta']
[0.549s] Level 1:colcon.colcon_core.package_identification:_identify(src/lesson4/ros2_comm_demo) by extension 'colcon_meta'
[0.549s] Level 1:colcon.colcon_core.package_identification:_identify(src/lesson4/ros2_comm_demo) by extensions ['ros']
[0.549s] Level 1:colcon.colcon_core.package_identification:_identify(src/lesson4/ros2_comm_demo) by extension 'ros'
[0.553s] DEBUG:colcon.colcon_core.package_identification:Package 'src/lesson4/ros2_comm_demo' with type 'ros.ament_cmake' and name 'ros2_comm_demo'
[0.553s] Level 1:colcon.colcon_core.package_identification:_identify(src/lesson5) by extensions ['ignore', 'ignore_ament_install']
[0.554s] Level 1:colcon.colcon_core.package_identification:_identify(src/lesson5) by extension 'ignore'
[0.554s] Level 1:colcon.colcon_core.package_identification:_identify(src/lesson5) by extension 'ignore_ament_install'
[0.554s] Level 1:colcon.colcon_core.package_identification:_identify(src/lesson5) by extensions ['colcon_pkg']
[0.554s] Level 1:colcon.colcon_core.package_identification:_identify(src/lesson5) by extension 'colcon_pkg'
[0.554s] Level 1:colcon.colcon_core.package_identification:_identify(src/lesson5) by extensions ['colcon_meta']
[0.554s] Level 1:colcon.colcon_core.package_identification:_identify(src/lesson5) by extension 'colcon_meta'
[0.554s] Level 1:colcon.colcon_core.package_identification:_identify(src/lesson5) by extensions ['ros']
[0.554s] Level 1:colcon.colcon_core.package_identification:_identify(src/lesson5) by extension 'ros'
[0.554s] Level 1:colcon.colcon_core.package_identification:_identify(src/lesson5) by extensions ['cmake', 'python']
[0.554s] Level 1:colcon.colcon_core.package_identification:_identify(src/lesson5) by extension 'cmake'
[0.554s] Level 1:colcon.colcon_core.package_identification:_identify(src/lesson5) by extension 'python'
[0.554s] Level 1:colcon.colcon_core.package_identification:_identify(src/lesson5) by extensions ['python_setup_py']
[0.554s] Level 1:colcon.colcon_core.package_identification:_identify(src/lesson5) by extension 'python_setup_py'
[0.554s] Level 1:colcon.colcon_core.package_identification:_identify(src/lesson5/lesson5_composition) by extensions ['ignore', 'ignore_ament_install']
[0.554s] Level 1:colcon.colcon_core.package_identification:_identify(src/lesson5/lesson5_composition) by extension 'ignore'
[0.555s] Level 1:colcon.colcon_core.package_identification:_identify(src/lesson5/lesson5_composition) by extension 'ignore_ament_install'
[0.555s] Level 1:colcon.colcon_core.package_identification:_identify(src/lesson5/lesson5_composition) by extensions ['colcon_pkg']
[0.555s] Level 1:colcon.colcon_core.package_identification:_identify(src/lesson5/lesson5_composition) by extension 'colcon_pkg'
[0.555s] Level 1:colcon.colcon_core.package_identification:_identify(src/lesson5/lesson5_composition) by extensions ['colcon_meta']
[0.555s] Level 1:colcon.colcon_core.package_identification:_identify(src/lesson5/lesson5_composition) by extension 'colcon_meta'
[0.555s] Level 1:colcon.colcon_core.package_identification:_identify(src/lesson5/lesson5_composition) by extensions ['ros']
[0.555s] Level 1:colcon.colcon_core.package_identification:_identify(src/lesson5/lesson5_composition) by extension 'ros'
[0.556s] DEBUG:colcon.colcon_core.package_identification:Package 'src/lesson5/lesson5_composition' with type 'ros.ament_cmake' and name 'lesson5_composition'
[0.556s] Level 1:colcon.colcon_core.package_identification:_identify(src/lesson6) by extensions ['ignore', 'ignore_ament_install']
[0.556s] Level 1:colcon.colcon_core.package_identification:_identify(src/lesson6) by extension 'ignore'
[0.556s] Level 1:colcon.colcon_core.package_identification:_identify(src/lesson6) by extension 'ignore_ament_install'
[0.556s] Level 1:colcon.colcon_core.package_identification:_identify(src/lesson6) by extensions ['colcon_pkg']
[0.556s] Level 1:colcon.colcon_core.package_identification:_identify(src/lesson6) by extension 'colcon_pkg'
[0.556s] Level 1:colcon.colcon_core.package_identification:_identify(src/lesson6) by extensions ['colcon_meta']
[0.556s] Level 1:colcon.colcon_core.package_identification:_identify(src/lesson6) by extension 'colcon_meta'
[0.556s] Level 1:colcon.colcon_core.package_identification:_identify(src/lesson6) by extensions ['ros']
[0.556s] Level 1:colcon.colcon_core.package_identification:_identify(src/lesson6) by extension 'ros'
[0.556s] Level 1:colcon.colcon_core.package_identification:_identify(src/lesson6) by extensions ['cmake', 'python']
[0.556s] Level 1:colcon.colcon_core.package_identification:_identify(src/lesson6) by extension 'cmake'
[0.557s] Level 1:colcon.colcon_core.package_identification:_identify(src/lesson6) by extension 'python'
[0.557s] Level 1:colcon.colcon_core.package_identification:_identify(src/lesson6) by extensions ['python_setup_py']
[0.557s] Level 1:colcon.colcon_core.package_identification:_identify(src/lesson6) by extension 'python_setup_py'
[0.557s] Level 1:colcon.colcon_core.package_identification:_identify(src/lesson7) by extensions ['ignore', 'ignore_ament_install']
[0.557s] Level 1:colcon.colcon_core.package_identification:_identify(src/lesson7) by extension 'ignore'
[0.557s] Level 1:colcon.colcon_core.package_identification:_identify(src/lesson7) by extension 'ignore_ament_install'
[0.557s] Level 1:colcon.colcon_core.package_identification:_identify(src/lesson7) by extensions ['colcon_pkg']
[0.557s] Level 1:colcon.colcon_core.package_identification:_identify(src/lesson7) by extension 'colcon_pkg'
[0.558s] Level 1:colcon.colcon_core.package_identification:_identify(src/lesson7) by extensions ['colcon_meta']
[0.558s] Level 1:colcon.colcon_core.package_identification:_identify(src/lesson7) by extension 'colcon_meta'
[0.558s] Level 1:colcon.colcon_core.package_identification:_identify(src/lesson7) by extensions ['ros']
[0.558s] Level 1:colcon.colcon_core.package_identification:_identify(src/lesson7) by extension 'ros'
[0.558s] Level 1:colcon.colcon_core.package_identification:_identify(src/lesson7) by extensions ['cmake', 'python']
[0.558s] Level 1:colcon.colcon_core.package_identification:_identify(src/lesson7) by extension 'cmake'
[0.558s] Level 1:colcon.colcon_core.package_identification:_identify(src/lesson7) by extension 'python'
[0.558s] Level 1:colcon.colcon_core.package_identification:_identify(src/lesson7) by extensions ['python_setup_py']
[0.558s] Level 1:colcon.colcon_core.package_identification:_identify(src/lesson7) by extension 'python_setup_py'
[0.558s] Level 1:colcon.colcon_core.package_identification:_identify(src/lesson8_built_moveit_env) by extensions ['ignore', 'ignore_ament_install']
[0.558s] Level 1:colcon.colcon_core.package_identification:_identify(src/lesson8_built_moveit_env) by extension 'ignore'
[0.558s] Level 1:colcon.colcon_core.package_identification:_identify(src/lesson8_built_moveit_env) by extension 'ignore_ament_install'
[0.559s] Level 1:colcon.colcon_core.package_identification:_identify(src/lesson8_built_moveit_env) by extensions ['colcon_pkg']
[0.559s] Level 1:colcon.colcon_core.package_identification:_identify(src/lesson8_built_moveit_env) by extension 'colcon_pkg'
[0.559s] Level 1:colcon.colcon_core.package_identification:_identify(src/lesson8_built_moveit_env) by extensions ['colcon_meta']
[0.559s] Level 1:colcon.colcon_core.package_identification:_identify(src/lesson8_built_moveit_env) by extension 'colcon_meta'
[0.559s] Level 1:colcon.colcon_core.package_identification:_identify(src/lesson8_built_moveit_env) by extensions ['ros']
[0.559s] Level 1:colcon.colcon_core.package_identification:_identify(src/lesson8_built_moveit_env) by extension 'ros'
[0.560s] DEBUG:colcon.colcon_core.package_identification:Package 'src/lesson8_built_moveit_env' with type 'ros.ament_cmake' and name 'lesson8_built_moveit_env'
[0.560s] Level 1:colcon.colcon_core.package_discovery:discover_packages(recursive) using defaults
[0.560s] Level 1:colcon.colcon_core.package_discovery:discover_packages(ignore) discover
[0.560s] Level 1:colcon.colcon_core.package_discovery:discover_packages(ignore) using defaults
[0.560s] Level 1:colcon.colcon_core.package_discovery:discover_packages(path) discover
[0.560s] Level 1:colcon.colcon_core.package_discovery:discover_packages(path) using defaults
[0.597s] Level 1:colcon.colcon_core.package_discovery:discover_packages(prefix_path) check parameters
[0.597s] Level 1:colcon.colcon_core.package_discovery:discover_packages(prefix_path) discover
[0.601s] DEBUG:colcon.colcon_installed_package_information.package_discovery:Found 466 installed packages in /opt/ros/humble
[0.605s] Level 1:colcon.colcon_core.package_discovery:discover_packages(prefix_path) using defaults
[0.692s] Level 5:colcon.colcon_core.verb:set package 'lesson5_composition' build argument 'cmake_args' from command line to 'None'
[0.692s] Level 5:colcon.colcon_core.verb:set package 'lesson5_composition' build argument 'cmake_target' from command line to 'None'
[0.692s] Level 5:colcon.colcon_core.verb:set package 'lesson5_composition' build argument 'cmake_target_skip_unavailable' from command line to 'False'
[0.692s] Level 5:colcon.colcon_core.verb:set package 'lesson5_composition' build argument 'cmake_clean_cache' from command line to 'False'
[0.692s] Level 5:colcon.colcon_core.verb:set package 'lesson5_composition' build argument 'cmake_clean_first' from command line to 'False'
[0.692s] Level 5:colcon.colcon_core.verb:set package 'lesson5_composition' build argument 'cmake_force_configure' from command line to 'False'
[0.692s] Level 5:colcon.colcon_core.verb:set package 'lesson5_composition' build argument 'ament_cmake_args' from command line to 'None'
[0.692s] Level 5:colcon.colcon_core.verb:set package 'lesson5_composition' build argument 'catkin_cmake_args' from command line to 'None'
[0.692s] Level 5:colcon.colcon_core.verb:set package 'lesson5_composition' build argument 'catkin_skip_building_tests' from command line to 'False'
[0.692s] DEBUG:colcon.colcon_core.verb:Building package 'lesson5_composition' with the following arguments: {'ament_cmake_args': None, 'build_base': '/home/ace/robotics-from-zero-tutorial/build/lesson5_composition', 'catkin_cmake_args': None, 'catkin_skip_building_tests': False, 'cmake_args': None, 'cmake_clean_cache': False, 'cmake_clean_first': False, 'cmake_force_configure': False, 'cmake_target': None, 'cmake_target_skip_unavailable': False, 'install_base': '/home/ace/robotics-from-zero-tutorial/install/lesson5_composition', 'merge_install': False, 'path': '/home/ace/robotics-from-zero-tutorial/src/lesson5/lesson5_composition', 'symlink_install': False, 'test_result_base': None}
[0.693s] Level 5:colcon.colcon_core.verb:set package 'lesson8_built_moveit_env' build argument 'cmake_args' from command line to 'None'
[0.693s] Level 5:colcon.colcon_core.verb:set package 'lesson8_built_moveit_env' build argument 'cmake_target' from command line to 'None'
[0.693s] Level 5:colcon.colcon_core.verb:set package 'lesson8_built_moveit_env' build argument 'cmake_target_skip_unavailable' from command line to 'False'
[0.693s] Level 5:colcon.colcon_core.verb:set package 'lesson8_built_moveit_env' build argument 'cmake_clean_cache' from command line to 'False'
[0.693s] Level 5:colcon.colcon_core.verb:set package 'lesson8_built_moveit_env' build argument 'cmake_clean_first' from command line to 'False'
[0.693s] Level 5:colcon.colcon_core.verb:set package 'lesson8_built_moveit_env' build argument 'cmake_force_configure' from command line to 'False'
[0.693s] Level 5:colcon.colcon_core.verb:set package 'lesson8_built_moveit_env' build argument 'ament_cmake_args' from command line to 'None'
[0.693s] Level 5:colcon.colcon_core.verb:set package 'lesson8_built_moveit_env' build argument 'catkin_cmake_args' from command line to 'None'
[0.693s] Level 5:colcon.colcon_core.verb:set package 'lesson8_built_moveit_env' build argument 'catkin_skip_building_tests' from command line to 'False'
[0.693s] DEBUG:colcon.colcon_core.verb:Building package 'lesson8_built_moveit_env' with the following arguments: {'ament_cmake_args': None, 'build_base': '/home/ace/robotics-from-zero-tutorial/build/lesson8_built_moveit_env', 'catkin_cmake_args': None, 'catkin_skip_building_tests': False, 'cmake_args': None, 'cmake_clean_cache': False, 'cmake_clean_first': False, 'cmake_force_configure': False, 'cmake_target': None, 'cmake_target_skip_unavailable': False, 'install_base': '/home/ace/robotics-from-zero-tutorial/install/lesson8_built_moveit_env', 'merge_install': False, 'path': '/home/ace/robotics-from-zero-tutorial/src/lesson8_built_moveit_env', 'symlink_install': False, 'test_result_base': None}
[0.693s] Level 5:colcon.colcon_core.verb:set package 'ros2_comm_demo' build argument 'cmake_args' from command line to 'None'
[0.693s] Level 5:colcon.colcon_core.verb:set package 'ros2_comm_demo' build argument 'cmake_target' from command line to 'None'
[0.693s] Level 5:colcon.colcon_core.verb:set package 'ros2_comm_demo' build argument 'cmake_target_skip_unavailable' from command line to 'False'
[0.693s] Level 5:colcon.colcon_core.verb:set package 'ros2_comm_demo' build argument 'cmake_clean_cache' from command line to 'False'
[0.693s] Level 5:colcon.colcon_core.verb:set package 'ros2_comm_demo' build argument 'cmake_clean_first' from command line to 'False'
[0.693s] Level 5:colcon.colcon_core.verb:set package 'ros2_comm_demo' build argument 'cmake_force_configure' from command line to 'False'
[0.693s] Level 5:colcon.colcon_core.verb:set package 'ros2_comm_demo' build argument 'ament_cmake_args' from command line to 'None'
[0.693s] Level 5:colcon.colcon_core.verb:set package 'ros2_comm_demo' build argument 'catkin_cmake_args' from command line to 'None'
[0.693s] Level 5:colcon.colcon_core.verb:set package 'ros2_comm_demo' build argument 'catkin_skip_building_tests' from command line to 'False'
[0.693s] DEBUG:colcon.colcon_core.verb:Building package 'ros2_comm_demo' with the following arguments: {'ament_cmake_args': None, 'build_base': '/home/ace/robotics-from-zero-tutorial/build/ros2_comm_demo', 'catkin_cmake_args': None, 'catkin_skip_building_tests': False, 'cmake_args': None, 'cmake_clean_cache': False, 'cmake_clean_first': False, 'cmake_force_configure': False, 'cmake_target': None, 'cmake_target_skip_unavailable': False, 'install_base': '/home/ace/robotics-from-zero-tutorial/install/ros2_comm_demo', 'merge_install': False, 'path': '/home/ace/robotics-from-zero-tutorial/src/lesson4/ros2_comm_demo', 'symlink_install': False, 'test_result_base': None}
[0.694s] INFO:colcon.colcon_core.executor:Executing jobs using 'parallel' executor
[0.695s] DEBUG:colcon.colcon_parallel_executor.executor.parallel:run_until_complete
[0.696s] INFO:colcon.colcon_ros.task.ament_cmake.build:Building ROS package in '/home/ace/robotics-from-zero-tutorial/src/lesson5/lesson5_composition' with build type 'ament_cmake'
[0.697s] INFO:colcon.colcon_cmake.task.cmake.build:Building CMake package in '/home/ace/robotics-from-zero-tutorial/src/lesson5/lesson5_composition'
[0.700s] INFO:colcon.colcon_core.plugin_system:Skipping extension 'colcon_core.shell.bat': Not used on non-Windows systems
[0.700s] INFO:colcon.colcon_core.shell:Skip shell extension 'powershell' for command environment: Not usable outside of PowerShell
[0.700s] DEBUG:colcon.colcon_core.shell:Skip shell extension 'dsv' for command environment
[0.705s] INFO:colcon.colcon_ros.task.ament_cmake.build:Building ROS package in '/home/ace/robotics-from-zero-tutorial/src/lesson8_built_moveit_env' with build type 'ament_cmake'
[0.705s] INFO:colcon.colcon_cmake.task.cmake.build:Building CMake package in '/home/ace/robotics-from-zero-tutorial/src/lesson8_built_moveit_env'
[0.706s] INFO:colcon.colcon_core.shell:Skip shell extension 'powershell' for command environment: Not usable outside of PowerShell
[0.707s] DEBUG:colcon.colcon_core.shell:Skip shell extension 'dsv' for command environment
[0.711s] INFO:colcon.colcon_ros.task.ament_cmake.build:Building ROS package in '/home/ace/robotics-from-zero-tutorial/src/lesson4/ros2_comm_demo' with build type 'ament_cmake'
[0.711s] INFO:colcon.colcon_cmake.task.cmake.build:Building CMake package in '/home/ace/robotics-from-zero-tutorial/src/lesson4/ros2_comm_demo'
[0.711s] INFO:colcon.colcon_core.shell:Skip shell extension 'powershell' for command environment: Not usable outside of PowerShell
[0.712s] DEBUG:colcon.colcon_core.shell:Skip shell extension 'dsv' for command environment
[0.725s] DEBUG:colcon.colcon_core.event_handler.log_command:Invoking command in '/home/ace/robotics-from-zero-tutorial/build/lesson5_composition': CMAKE_PREFIX_PATH=/opt/ros/humble CONDA_PROMPT_MODIFIER=(base) /usr/bin/cmake /home/ace/robotics-from-zero-tutorial/src/lesson5/lesson5_composition -DCMAKE_INSTALL_PREFIX=/home/ace/robotics-from-zero-tutorial/install/lesson5_composition
[0.734s] DEBUG:colcon.colcon_core.event_handler.log_command:Invoking command in '/home/ace/robotics-from-zero-tutorial/build/lesson8_built_moveit_env': CMAKE_PREFIX_PATH=/opt/ros/humble CONDA_PROMPT_MODIFIER=(base) /usr/bin/cmake /home/ace/robotics-from-zero-tutorial/src/lesson8_built_moveit_env -DCMAKE_INSTALL_PREFIX=/home/ace/robotics-from-zero-tutorial/install/lesson8_built_moveit_env
[0.739s] DEBUG:colcon.colcon_core.event_handler.log_command:Invoking command in '/home/ace/robotics-from-zero-tutorial/build/ros2_comm_demo': CMAKE_PREFIX_PATH=/opt/ros/humble CONDA_PROMPT_MODIFIER=(base) /usr/bin/cmake /home/ace/robotics-from-zero-tutorial/src/lesson4/ros2_comm_demo -DCMAKE_INSTALL_PREFIX=/home/ace/robotics-from-zero-tutorial/install/ros2_comm_demo
[1.525s] DEBUG:colcon.colcon_core.event_handler.log_command:Invoked command in '/home/ace/robotics-from-zero-tutorial/build/lesson5_composition' returned '1': CMAKE_PREFIX_PATH=/opt/ros/humble CONDA_PROMPT_MODIFIER=(base) /usr/bin/cmake /home/ace/robotics-from-zero-tutorial/src/lesson5/lesson5_composition -DCMAKE_INSTALL_PREFIX=/home/ace/robotics-from-zero-tutorial/install/lesson5_composition
[1.541s] Level 1:colcon.colcon_core.environment:create_environment_scripts_only(lesson5_composition)
[1.545s] Level 1:colcon.colcon_core.environment:checking '/home/ace/robotics-from-zero-tutorial/install/lesson5_composition' for CMake module files
[1.546s] Level 1:colcon.colcon_core.environment:checking '/home/ace/robotics-from-zero-tutorial/install/lesson5_composition' for CMake config files
[1.547s] Level 1:colcon.colcon_core.environment:checking '/home/ace/robotics-from-zero-tutorial/install/lesson5_composition/bin'
[1.547s] Level 1:colcon.colcon_core.environment:checking '/home/ace/robotics-from-zero-tutorial/install/lesson5_composition/lib/pkgconfig/lesson5_composition.pc'
[1.548s] Level 1:colcon.colcon_core.environment:checking '/home/ace/robotics-from-zero-tutorial/install/lesson5_composition/lib/python3.10/site-packages'
[1.549s] Level 1:colcon.colcon_core.environment:checking '/home/ace/robotics-from-zero-tutorial/install/lesson5_composition/bin'
[1.549s] INFO:colcon.colcon_core.shell:Creating package script '/home/ace/robotics-from-zero-tutorial/install/lesson5_composition/share/lesson5_composition/package.ps1'
[1.551s] INFO:colcon.colcon_core.shell:Creating package descriptor '/home/ace/robotics-from-zero-tutorial/install/lesson5_composition/share/lesson5_composition/package.dsv'
[1.552s] INFO:colcon.colcon_core.shell:Creating package script '/home/ace/robotics-from-zero-tutorial/install/lesson5_composition/share/lesson5_composition/package.sh'
[1.554s] INFO:colcon.colcon_core.shell:Creating package script '/home/ace/robotics-from-zero-tutorial/install/lesson5_composition/share/lesson5_composition/package.bash'
[1.556s] INFO:colcon.colcon_core.shell:Creating package script '/home/ace/robotics-from-zero-tutorial/install/lesson5_composition/share/lesson5_composition/package.zsh'
[1.557s] Level 1:colcon.colcon_core.environment:create_file_with_runtime_dependencies(/home/ace/robotics-from-zero-tutorial/install/lesson5_composition/share/colcon-core/packages/lesson5_composition)
[6.204s] DEBUG:colcon.colcon_parallel_executor.executor.parallel:run_until_complete was interrupted
[6.204s] DEBUG:colcon.colcon_parallel_executor.executor.parallel:run_until_complete again
[6.217s] DEBUG:colcon.colcon_parallel_executor.executor.parallel:run_until_complete finished
[6.217s] DEBUG:colcon.colcon_parallel_executor.executor.parallel:closing loop
[6.217s] DEBUG:colcon.colcon_parallel_executor.executor.parallel:loop closed
[6.217s] DEBUG:colcon.colcon_core.event_reactor:joining thread
[6.305s] INFO:colcon.colcon_core.plugin_system:Skipping extension 'colcon_notification.desktop_notification.notify_send': Could not find 'notify-send'
[6.305s] INFO:colcon.colcon_core.plugin_system:Skipping extension 'colcon_notification.desktop_notification.terminal_notifier': Not used on non-Darwin systems
[6.305s] INFO:colcon.colcon_core.plugin_system:Skipping extension 'colcon_notification.desktop_notification.win32': Not used on non-Windows systems
[6.305s] INFO:colcon.colcon_notification.desktop_notification:Sending desktop notification using 'notify2'
[6.306s] DEBUG:colcon.colcon_notification.desktop_notification.notify2:Failed to initialize notify2: org.freedesktop.DBus.Error.FileNotFound: Failed to connect to socket /run/user/1000/bus: No such file or directory
[6.306s] DEBUG:colcon.colcon_core.event_reactor:joined thread
[6.306s] INFO:colcon.colcon_core.shell:Creating prefix script '/home/ace/robotics-from-zero-tutorial/install/local_setup.ps1'
[6.308s] INFO:colcon.colcon_core.shell:Creating prefix util module '/home/ace/robotics-from-zero-tutorial/install/_local_setup_util_ps1.py'
[6.309s] INFO:colcon.colcon_core.shell:Creating prefix chain script '/home/ace/robotics-from-zero-tutorial/install/setup.ps1'
[6.310s] INFO:colcon.colcon_core.shell:Creating prefix script '/home/ace/robotics-from-zero-tutorial/install/local_setup.sh'
[6.311s] INFO:colcon.colcon_core.shell:Creating prefix util module '/home/ace/robotics-from-zero-tutorial/install/_local_setup_util_sh.py'
[6.313s] INFO:colcon.colcon_core.shell:Creating prefix chain script '/home/ace/robotics-from-zero-tutorial/install/setup.sh'
[6.314s] INFO:colcon.colcon_core.shell:Creating prefix script '/home/ace/robotics-from-zero-tutorial/install/local_setup.bash'
[6.316s] INFO:colcon.colcon_core.shell:Creating prefix chain script '/home/ace/robotics-from-zero-tutorial/install/setup.bash'
[6.317s] INFO:colcon.colcon_core.shell:Creating prefix script '/home/ace/robotics-from-zero-tutorial/install/local_setup.zsh'
[6.318s] INFO:colcon.colcon_core.shell:Creating prefix chain script '/home/ace/robotics-from-zero-tutorial/install/setup.zsh'
