[0.011s] Invoking command in '/home/ace/ros2_comm_demo/build/ros2_comm_demo': CMAKE_PREFIX_PATH=/opt/ros/humble /usr/bin/cmake /home/ace/ros2_comm_demo/src/ros2_comm_demo -DCMAKE_INSTALL_PREFIX=/home/ace/ros2_comm_demo/install/ros2_comm_demo
[0.302s] -- The C compiler identification is GNU 11.4.0
[1.263s] -- The CXX compiler identification is GNU 11.4.0
[1.895s] -- Detecting C compiler ABI info
[2.147s] -- Detecting C compiler ABI info - done
[2.153s] -- Check for working C compiler: /usr/bin/cc - skipped
[2.154s] -- Detecting C compile features
[2.154s] -- Detecting C compile features - done
[2.156s] -- Detecting CXX compiler ABI info
[2.418s] -- Detecting CXX compiler ABI info - done
[2.426s] -- Check for working CXX compiler: /usr/bin/c++ - skipped
[2.426s] -- Detecting CXX compile features
[2.426s] -- Detecting CXX compile features - done
[2.429s] -- Found ament_cmake: 1.3.12 (/opt/ros/humble/share/ament_cmake/cmake)
[2.563s] -- Found Python3: /usr/bin/python3 (found version "3.10.12") found components: Interpreter 
[2.646s] -- Found ament_lint_auto: 0.12.14 (/opt/ros/humble/share/ament_lint_auto/cmake)
[2.716s] -- Added test 'lint_cmake' to check CMake code style
[2.717s] -- Added test 'xmllint' to check XML markup files
[2.719s] -- Configuring done
[2.723s] -- Generating done
[2.726s] -- Build files have been written to: /home/ace/ros2_comm_demo/build/ros2_comm_demo
[2.731s] Invoked command in '/home/ace/ros2_comm_demo/build/ros2_comm_demo' returned '0': CMAKE_PREFIX_PATH=/opt/ros/humble /usr/bin/cmake /home/ace/ros2_comm_demo/src/ros2_comm_demo -DCMAKE_INSTALL_PREFIX=/home/ace/ros2_comm_demo/install/ros2_comm_demo
[2.732s] Invoking command in '/home/ace/ros2_comm_demo/build/ros2_comm_demo': CMAKE_PREFIX_PATH=/opt/ros/humble /usr/bin/cmake --build /home/ace/ros2_comm_demo/build/ros2_comm_demo -- -j4 -l4
[2.767s] Invoked command in '/home/ace/ros2_comm_demo/build/ros2_comm_demo' returned '0': CMAKE_PREFIX_PATH=/opt/ros/humble /usr/bin/cmake --build /home/ace/ros2_comm_demo/build/ros2_comm_demo -- -j4 -l4
[2.776s] Invoking command in '/home/ace/ros2_comm_demo/build/ros2_comm_demo': CMAKE_PREFIX_PATH=/opt/ros/humble /usr/bin/cmake --install /home/ace/ros2_comm_demo/build/ros2_comm_demo
[2.784s] -- Install configuration: ""
[2.786s] -- Installing: /home/ace/ros2_comm_demo/install/ros2_comm_demo/share/ament_index/resource_index/package_run_dependencies/ros2_comm_demo
[2.786s] -- Installing: /home/ace/ros2_comm_demo/install/ros2_comm_demo/share/ament_index/resource_index/parent_prefix_path/ros2_comm_demo
[2.787s] -- Installing: /home/ace/ros2_comm_demo/install/ros2_comm_demo/share/ros2_comm_demo/environment/ament_prefix_path.sh
[2.787s] -- Installing: /home/ace/ros2_comm_demo/install/ros2_comm_demo/share/ros2_comm_demo/environment/ament_prefix_path.dsv
[2.787s] -- Installing: /home/ace/ros2_comm_demo/install/ros2_comm_demo/share/ros2_comm_demo/environment/path.sh
[2.788s] -- Installing: /home/ace/ros2_comm_demo/install/ros2_comm_demo/share/ros2_comm_demo/environment/path.dsv
[2.788s] -- Installing: /home/ace/ros2_comm_demo/install/ros2_comm_demo/share/ros2_comm_demo/local_setup.bash
[2.788s] -- Installing: /home/ace/ros2_comm_demo/install/ros2_comm_demo/share/ros2_comm_demo/local_setup.sh
[2.789s] -- Installing: /home/ace/ros2_comm_demo/install/ros2_comm_demo/share/ros2_comm_demo/local_setup.zsh
[2.789s] -- Installing: /home/ace/ros2_comm_demo/install/ros2_comm_demo/share/ros2_comm_demo/local_setup.dsv
[2.789s] -- Installing: /home/ace/ros2_comm_demo/install/ros2_comm_demo/share/ros2_comm_demo/package.dsv
[2.790s] -- Installing: /home/ace/ros2_comm_demo/install/ros2_comm_demo/share/ament_index/resource_index/packages/ros2_comm_demo
[2.790s] -- Installing: /home/ace/ros2_comm_demo/install/ros2_comm_demo/share/ros2_comm_demo/cmake/ros2_comm_demoConfig.cmake
[2.790s] -- Installing: /home/ace/ros2_comm_demo/install/ros2_comm_demo/share/ros2_comm_demo/cmake/ros2_comm_demoConfig-version.cmake
[2.790s] -- Installing: /home/ace/ros2_comm_demo/install/ros2_comm_demo/share/ros2_comm_demo/package.xml
[2.793s] Invoked command in '/home/ace/ros2_comm_demo/build/ros2_comm_demo' returned '0': CMAKE_PREFIX_PATH=/opt/ros/humble /usr/bin/cmake --install /home/ace/ros2_comm_demo/build/ros2_comm_demo
