[0.353s] DEBUG:colcon:Command line arguments: ['/usr/bin/colcon', 'build', '--symlink-install']
[0.353s] DEBUG:colcon:Parsed command line arguments: Namespace(log_base=None, log_level=None, verb_name='build', build_base='build', install_base='install', merge_install=False, symlink_install=True, test_result_base=None, continue_on_error=False, executor='parallel', parallel_workers=4, event_handlers=None, ignore_user_meta=False, metas=['./colcon.meta'], base_paths=['.'], packages_ignore=None, packages_ignore_regex=None, paths=None, packages_up_to=None, packages_up_to_regex=None, packages_above=None, packages_above_and_dependencies=None, packages_above_depth=None, packages_select_by_dep=None, packages_skip_by_dep=None, packages_skip_up_to=None, packages_select_build_failed=False, packages_skip_build_finished=False, packages_select_test_failures=False, packages_skip_test_passed=False, packages_select=None, packages_skip=None, packages_select_regex=None, packages_skip_regex=None, packages_start=None, packages_end=None, allow_overriding=[], cmake_args=None, cmake_target=None, cmake_target_skip_unavailable=False, cmake_clean_cache=False, cmake_clean_first=False, cmake_force_configure=False, ament_cmake_args=None, catkin_cmake_args=None, catkin_skip_building_tests=False, mixin_files=None, mixin=None, verb_parser=<colcon_mixin.mixin.mixin_argument.MixinArgumentDecorator object at 0x78dc3f1190f0>, verb_extension=<colcon_core.verb.build.BuildVerb object at 0x78dc3f262080>, main=<bound method BuildVerb.main of <colcon_core.verb.build.BuildVerb object at 0x78dc3f262080>>, mixin_verb=('build',))
[0.536s] Level 1:colcon.colcon_core.package_discovery:discover_packages(colcon_meta) check parameters
[0.536s] Level 1:colcon.colcon_core.package_discovery:discover_packages(recursive) check parameters
[0.536s] Level 1:colcon.colcon_core.package_discovery:discover_packages(ignore) check parameters
[0.536s] Level 1:colcon.colcon_core.package_discovery:discover_packages(path) check parameters
[0.536s] Level 1:colcon.colcon_core.package_discovery:discover_packages(colcon_meta) discover
[0.536s] Level 1:colcon.colcon_core.package_discovery:discover_packages(recursive) discover
[0.536s] INFO:colcon.colcon_core.package_discovery:Crawling recursively for packages in '/home/ace/my_modern_cpp_lesson/lesson4/ros2_comm_demo'
[0.537s] Level 1:colcon.colcon_core.package_identification:_identify(.) by extensions ['ignore', 'ignore_ament_install']
[0.537s] Level 1:colcon.colcon_core.package_identification:_identify(.) by extension 'ignore'
[0.537s] Level 1:colcon.colcon_core.package_identification:_identify(.) by extension 'ignore_ament_install'
[0.537s] Level 1:colcon.colcon_core.package_identification:_identify(.) by extensions ['colcon_pkg']
[0.537s] Level 1:colcon.colcon_core.package_identification:_identify(.) by extension 'colcon_pkg'
[0.537s] Level 1:colcon.colcon_core.package_identification:_identify(.) by extensions ['colcon_meta']
[0.537s] Level 1:colcon.colcon_core.package_identification:_identify(.) by extension 'colcon_meta'
[0.537s] Level 1:colcon.colcon_core.package_identification:_identify(.) by extensions ['ros']
[0.537s] Level 1:colcon.colcon_core.package_identification:_identify(.) by extension 'ros'
[0.550s] Level 1:colcon.colcon_core.package_identification:_identify(.) by extensions ['cmake', 'python']
[0.550s] Level 1:colcon.colcon_core.package_identification:_identify(.) by extension 'cmake'
[0.550s] Level 1:colcon.colcon_core.package_identification:_identify(.) by extension 'python'
[0.550s] Level 1:colcon.colcon_core.package_identification:_identify(.) by extensions ['python_setup_py']
[0.550s] Level 1:colcon.colcon_core.package_identification:_identify(.) by extension 'python_setup_py'
[0.550s] Level 1:colcon.colcon_core.package_identification:_identify(build) by extensions ['ignore', 'ignore_ament_install']
[0.550s] Level 1:colcon.colcon_core.package_identification:_identify(build) by extension 'ignore'
[0.550s] Level 1:colcon.colcon_core.package_identification:_identify(build) ignored
[0.551s] Level 1:colcon.colcon_core.package_identification:_identify(install) by extensions ['ignore', 'ignore_ament_install']
[0.551s] Level 1:colcon.colcon_core.package_identification:_identify(install) by extension 'ignore'
[0.551s] Level 1:colcon.colcon_core.package_identification:_identify(install) ignored
[0.551s] Level 1:colcon.colcon_core.package_identification:_identify(log) by extensions ['ignore', 'ignore_ament_install']
[0.551s] Level 1:colcon.colcon_core.package_identification:_identify(log) by extension 'ignore'
[0.551s] Level 1:colcon.colcon_core.package_identification:_identify(log) ignored
[0.551s] Level 1:colcon.colcon_core.package_identification:_identify(src) by extensions ['ignore', 'ignore_ament_install']
[0.551s] Level 1:colcon.colcon_core.package_identification:_identify(src) by extension 'ignore'
[0.551s] Level 1:colcon.colcon_core.package_identification:_identify(src) by extension 'ignore_ament_install'
[0.551s] Level 1:colcon.colcon_core.package_identification:_identify(src) by extensions ['colcon_pkg']
[0.551s] Level 1:colcon.colcon_core.package_identification:_identify(src) by extension 'colcon_pkg'
[0.551s] Level 1:colcon.colcon_core.package_identification:_identify(src) by extensions ['colcon_meta']
[0.551s] Level 1:colcon.colcon_core.package_identification:_identify(src) by extension 'colcon_meta'
[0.551s] Level 1:colcon.colcon_core.package_identification:_identify(src) by extensions ['ros']
[0.551s] Level 1:colcon.colcon_core.package_identification:_identify(src) by extension 'ros'
[0.552s] Level 1:colcon.colcon_core.package_identification:_identify(src) by extensions ['cmake', 'python']
[0.552s] Level 1:colcon.colcon_core.package_identification:_identify(src) by extension 'cmake'
[0.552s] Level 1:colcon.colcon_core.package_identification:_identify(src) by extension 'python'
[0.552s] Level 1:colcon.colcon_core.package_identification:_identify(src) by extensions ['python_setup_py']
[0.552s] Level 1:colcon.colcon_core.package_identification:_identify(src) by extension 'python_setup_py'
[0.552s] Level 1:colcon.colcon_core.package_identification:_identify(src/robot_interfaces) by extensions ['ignore', 'ignore_ament_install']
[0.552s] Level 1:colcon.colcon_core.package_identification:_identify(src/robot_interfaces) by extension 'ignore'
[0.552s] Level 1:colcon.colcon_core.package_identification:_identify(src/robot_interfaces) by extension 'ignore_ament_install'
[0.552s] Level 1:colcon.colcon_core.package_identification:_identify(src/robot_interfaces) by extensions ['colcon_pkg']
[0.552s] Level 1:colcon.colcon_core.package_identification:_identify(src/robot_interfaces) by extension 'colcon_pkg'
[0.552s] Level 1:colcon.colcon_core.package_identification:_identify(src/robot_interfaces) by extensions ['colcon_meta']
[0.552s] Level 1:colcon.colcon_core.package_identification:_identify(src/robot_interfaces) by extension 'colcon_meta'
[0.552s] Level 1:colcon.colcon_core.package_identification:_identify(src/robot_interfaces) by extensions ['ros']
[0.552s] Level 1:colcon.colcon_core.package_identification:_identify(src/robot_interfaces) by extension 'ros'
[0.555s] DEBUG:colcon.colcon_core.package_identification:Package 'src/robot_interfaces' with type 'ros.ament_cmake' and name 'robot_interfaces'
[0.555s] Level 1:colcon.colcon_core.package_identification:_identify(src/ros2_comm_demo) by extensions ['ignore', 'ignore_ament_install']
[0.555s] Level 1:colcon.colcon_core.package_identification:_identify(src/ros2_comm_demo) by extension 'ignore'
[0.555s] Level 1:colcon.colcon_core.package_identification:_identify(src/ros2_comm_demo) by extension 'ignore_ament_install'
[0.555s] Level 1:colcon.colcon_core.package_identification:_identify(src/ros2_comm_demo) by extensions ['colcon_pkg']
[0.555s] Level 1:colcon.colcon_core.package_identification:_identify(src/ros2_comm_demo) by extension 'colcon_pkg'
[0.555s] Level 1:colcon.colcon_core.package_identification:_identify(src/ros2_comm_demo) by extensions ['colcon_meta']
[0.555s] Level 1:colcon.colcon_core.package_identification:_identify(src/ros2_comm_demo) by extension 'colcon_meta'
[0.555s] Level 1:colcon.colcon_core.package_identification:_identify(src/ros2_comm_demo) by extensions ['ros']
[0.555s] Level 1:colcon.colcon_core.package_identification:_identify(src/ros2_comm_demo) by extension 'ros'
[0.556s] DEBUG:colcon.colcon_core.package_identification:Package 'src/ros2_comm_demo' with type 'ros.ament_cmake' and name 'ros2_comm_demo'
[0.556s] Level 1:colcon.colcon_core.package_discovery:discover_packages(recursive) using defaults
[0.556s] Level 1:colcon.colcon_core.package_discovery:discover_packages(ignore) discover
[0.556s] Level 1:colcon.colcon_core.package_discovery:discover_packages(ignore) using defaults
[0.556s] Level 1:colcon.colcon_core.package_discovery:discover_packages(path) discover
[0.556s] Level 1:colcon.colcon_core.package_discovery:discover_packages(path) using defaults
[0.594s] Level 1:colcon.colcon_core.package_discovery:discover_packages(prefix_path) check parameters
[0.594s] Level 1:colcon.colcon_core.package_discovery:discover_packages(prefix_path) discover
[0.597s] DEBUG:colcon.colcon_installed_package_information.package_discovery:Found 466 installed packages in /opt/ros/humble
[0.601s] Level 1:colcon.colcon_core.package_discovery:discover_packages(prefix_path) using defaults
[0.690s] Level 5:colcon.colcon_core.verb:set package 'robot_interfaces' build argument 'cmake_args' from command line to 'None'
[0.690s] Level 5:colcon.colcon_core.verb:set package 'robot_interfaces' build argument 'cmake_target' from command line to 'None'
[0.691s] Level 5:colcon.colcon_core.verb:set package 'robot_interfaces' build argument 'cmake_target_skip_unavailable' from command line to 'False'
[0.691s] Level 5:colcon.colcon_core.verb:set package 'robot_interfaces' build argument 'cmake_clean_cache' from command line to 'False'
[0.691s] Level 5:colcon.colcon_core.verb:set package 'robot_interfaces' build argument 'cmake_clean_first' from command line to 'False'
[0.691s] Level 5:colcon.colcon_core.verb:set package 'robot_interfaces' build argument 'cmake_force_configure' from command line to 'False'
[0.691s] Level 5:colcon.colcon_core.verb:set package 'robot_interfaces' build argument 'ament_cmake_args' from command line to 'None'
[0.691s] Level 5:colcon.colcon_core.verb:set package 'robot_interfaces' build argument 'catkin_cmake_args' from command line to 'None'
[0.691s] Level 5:colcon.colcon_core.verb:set package 'robot_interfaces' build argument 'catkin_skip_building_tests' from command line to 'False'
[0.691s] DEBUG:colcon.colcon_core.verb:Building package 'robot_interfaces' with the following arguments: {'ament_cmake_args': None, 'build_base': '/home/ace/my_modern_cpp_lesson/lesson4/ros2_comm_demo/build/robot_interfaces', 'catkin_cmake_args': None, 'catkin_skip_building_tests': False, 'cmake_args': None, 'cmake_clean_cache': False, 'cmake_clean_first': False, 'cmake_force_configure': False, 'cmake_target': None, 'cmake_target_skip_unavailable': False, 'install_base': '/home/ace/my_modern_cpp_lesson/lesson4/ros2_comm_demo/install/robot_interfaces', 'merge_install': False, 'path': '/home/ace/my_modern_cpp_lesson/lesson4/ros2_comm_demo/src/robot_interfaces', 'symlink_install': True, 'test_result_base': None}
[0.691s] Level 5:colcon.colcon_core.verb:set package 'ros2_comm_demo' build argument 'cmake_args' from command line to 'None'
[0.691s] Level 5:colcon.colcon_core.verb:set package 'ros2_comm_demo' build argument 'cmake_target' from command line to 'None'
[0.691s] Level 5:colcon.colcon_core.verb:set package 'ros2_comm_demo' build argument 'cmake_target_skip_unavailable' from command line to 'False'
[0.691s] Level 5:colcon.colcon_core.verb:set package 'ros2_comm_demo' build argument 'cmake_clean_cache' from command line to 'False'
[0.691s] Level 5:colcon.colcon_core.verb:set package 'ros2_comm_demo' build argument 'cmake_clean_first' from command line to 'False'
[0.691s] Level 5:colcon.colcon_core.verb:set package 'ros2_comm_demo' build argument 'cmake_force_configure' from command line to 'False'
[0.691s] Level 5:colcon.colcon_core.verb:set package 'ros2_comm_demo' build argument 'ament_cmake_args' from command line to 'None'
[0.691s] Level 5:colcon.colcon_core.verb:set package 'ros2_comm_demo' build argument 'catkin_cmake_args' from command line to 'None'
[0.691s] Level 5:colcon.colcon_core.verb:set package 'ros2_comm_demo' build argument 'catkin_skip_building_tests' from command line to 'False'
[0.692s] DEBUG:colcon.colcon_core.verb:Building package 'ros2_comm_demo' with the following arguments: {'ament_cmake_args': None, 'build_base': '/home/ace/my_modern_cpp_lesson/lesson4/ros2_comm_demo/build/ros2_comm_demo', 'catkin_cmake_args': None, 'catkin_skip_building_tests': False, 'cmake_args': None, 'cmake_clean_cache': False, 'cmake_clean_first': False, 'cmake_force_configure': False, 'cmake_target': None, 'cmake_target_skip_unavailable': False, 'install_base': '/home/ace/my_modern_cpp_lesson/lesson4/ros2_comm_demo/install/ros2_comm_demo', 'merge_install': False, 'path': '/home/ace/my_modern_cpp_lesson/lesson4/ros2_comm_demo/src/ros2_comm_demo', 'symlink_install': True, 'test_result_base': None}
[0.692s] INFO:colcon.colcon_core.executor:Executing jobs using 'parallel' executor
[0.693s] DEBUG:colcon.colcon_parallel_executor.executor.parallel:run_until_complete
[0.693s] INFO:colcon.colcon_ros.task.ament_cmake.build:Building ROS package in '/home/ace/my_modern_cpp_lesson/lesson4/ros2_comm_demo/src/robot_interfaces' with build type 'ament_cmake'
[0.693s] INFO:colcon.colcon_cmake.task.cmake.build:Building CMake package in '/home/ace/my_modern_cpp_lesson/lesson4/ros2_comm_demo/src/robot_interfaces'
[0.697s] INFO:colcon.colcon_core.plugin_system:Skipping extension 'colcon_core.shell.bat': Not used on non-Windows systems
[0.697s] INFO:colcon.colcon_core.shell:Skip shell extension 'powershell' for command environment: Not usable outside of PowerShell
[0.698s] DEBUG:colcon.colcon_core.shell:Skip shell extension 'dsv' for command environment
[0.714s] DEBUG:colcon.colcon_core.event_handler.log_command:Invoking command in '/home/ace/my_modern_cpp_lesson/lesson4/ros2_comm_demo/build/robot_interfaces': CMAKE_PREFIX_PATH=/opt/ros/humble /usr/bin/cmake /home/ace/my_modern_cpp_lesson/lesson4/ros2_comm_demo/src/robot_interfaces -DAMENT_CMAKE_SYMLINK_INSTALL=1 -DCMAKE_INSTALL_PREFIX=/home/ace/my_modern_cpp_lesson/lesson4/ros2_comm_demo/install/robot_interfaces
[6.699s] DEBUG:colcon.colcon_core.event_handler.log_command:Invoked command in '/home/ace/my_modern_cpp_lesson/lesson4/ros2_comm_demo/build/robot_interfaces' returned '0': CMAKE_PREFIX_PATH=/opt/ros/humble /usr/bin/cmake /home/ace/my_modern_cpp_lesson/lesson4/ros2_comm_demo/src/robot_interfaces -DAMENT_CMAKE_SYMLINK_INSTALL=1 -DCMAKE_INSTALL_PREFIX=/home/ace/my_modern_cpp_lesson/lesson4/ros2_comm_demo/install/robot_interfaces
[6.701s] DEBUG:colcon.colcon_core.event_handler.log_command:Invoking command in '/home/ace/my_modern_cpp_lesson/lesson4/ros2_comm_demo/build/robot_interfaces': CMAKE_PREFIX_PATH=/opt/ros/humble /usr/bin/cmake --build /home/ace/my_modern_cpp_lesson/lesson4/ros2_comm_demo/build/robot_interfaces -- -j4 -l4
[17.701s] DEBUG:colcon.colcon_core.event_handler.log_command:Invoked command in '/home/ace/my_modern_cpp_lesson/lesson4/ros2_comm_demo/build/robot_interfaces' returned '0': CMAKE_PREFIX_PATH=/opt/ros/humble /usr/bin/cmake --build /home/ace/my_modern_cpp_lesson/lesson4/ros2_comm_demo/build/robot_interfaces -- -j4 -l4
[17.716s] DEBUG:colcon.colcon_core.event_handler.log_command:Invoking command in '/home/ace/my_modern_cpp_lesson/lesson4/ros2_comm_demo/build/robot_interfaces': CMAKE_PREFIX_PATH=/opt/ros/humble /usr/bin/cmake --install /home/ace/my_modern_cpp_lesson/lesson4/ros2_comm_demo/build/robot_interfaces
[19.127s] Level 1:colcon.colcon_core.environment:create_environment_scripts_only(robot_interfaces)
[19.128s] DEBUG:colcon.colcon_core.event_handler.log_command:Invoked command in '/home/ace/my_modern_cpp_lesson/lesson4/ros2_comm_demo/build/robot_interfaces' returned '0': CMAKE_PREFIX_PATH=/opt/ros/humble /usr/bin/cmake --install /home/ace/my_modern_cpp_lesson/lesson4/ros2_comm_demo/build/robot_interfaces
[19.132s] Level 1:colcon.colcon_core.environment:checking '/home/ace/my_modern_cpp_lesson/lesson4/ros2_comm_demo/install/robot_interfaces' for CMake module files
[19.133s] Level 1:colcon.colcon_core.environment:checking '/home/ace/my_modern_cpp_lesson/lesson4/ros2_comm_demo/install/robot_interfaces' for CMake config files
[19.133s] Level 1:colcon.colcon_core.shell:create_environment_hook('robot_interfaces', 'cmake_prefix_path')
[19.134s] INFO:colcon.colcon_core.shell:Creating environment hook '/home/ace/my_modern_cpp_lesson/lesson4/ros2_comm_demo/install/robot_interfaces/share/robot_interfaces/hook/cmake_prefix_path.ps1'
[19.135s] INFO:colcon.colcon_core.shell:Creating environment descriptor '/home/ace/my_modern_cpp_lesson/lesson4/ros2_comm_demo/install/robot_interfaces/share/robot_interfaces/hook/cmake_prefix_path.dsv'
[19.135s] INFO:colcon.colcon_core.shell:Creating environment hook '/home/ace/my_modern_cpp_lesson/lesson4/ros2_comm_demo/install/robot_interfaces/share/robot_interfaces/hook/cmake_prefix_path.sh'
[19.136s] Level 1:colcon.colcon_core.environment:checking '/home/ace/my_modern_cpp_lesson/lesson4/ros2_comm_demo/install/robot_interfaces/lib'
[19.137s] Level 1:colcon.colcon_core.shell:create_environment_hook('robot_interfaces', 'ld_library_path_lib')
[19.137s] INFO:colcon.colcon_core.shell:Creating environment hook '/home/ace/my_modern_cpp_lesson/lesson4/ros2_comm_demo/install/robot_interfaces/share/robot_interfaces/hook/ld_library_path_lib.ps1'
[19.139s] INFO:colcon.colcon_core.shell:Creating environment descriptor '/home/ace/my_modern_cpp_lesson/lesson4/ros2_comm_demo/install/robot_interfaces/share/robot_interfaces/hook/ld_library_path_lib.dsv'
[19.140s] INFO:colcon.colcon_core.shell:Creating environment hook '/home/ace/my_modern_cpp_lesson/lesson4/ros2_comm_demo/install/robot_interfaces/share/robot_interfaces/hook/ld_library_path_lib.sh'
[19.140s] Level 1:colcon.colcon_core.environment:checking '/home/ace/my_modern_cpp_lesson/lesson4/ros2_comm_demo/install/robot_interfaces/bin'
[19.140s] Level 1:colcon.colcon_core.environment:checking '/home/ace/my_modern_cpp_lesson/lesson4/ros2_comm_demo/install/robot_interfaces/lib/pkgconfig/robot_interfaces.pc'
[19.140s] Level 1:colcon.colcon_core.environment:checking '/home/ace/my_modern_cpp_lesson/lesson4/ros2_comm_demo/install/robot_interfaces/lib/python3.10/site-packages'
[19.141s] Level 1:colcon.colcon_core.environment:checking '/home/ace/my_modern_cpp_lesson/lesson4/ros2_comm_demo/install/robot_interfaces/bin'
[19.141s] INFO:colcon.colcon_core.shell:Creating package script '/home/ace/my_modern_cpp_lesson/lesson4/ros2_comm_demo/install/robot_interfaces/share/robot_interfaces/package.ps1'
[19.142s] INFO:colcon.colcon_core.shell:Creating package descriptor '/home/ace/my_modern_cpp_lesson/lesson4/ros2_comm_demo/install/robot_interfaces/share/robot_interfaces/package.dsv'
[19.144s] INFO:colcon.colcon_core.shell:Creating package script '/home/ace/my_modern_cpp_lesson/lesson4/ros2_comm_demo/install/robot_interfaces/share/robot_interfaces/package.sh'
[19.145s] INFO:colcon.colcon_core.shell:Creating package script '/home/ace/my_modern_cpp_lesson/lesson4/ros2_comm_demo/install/robot_interfaces/share/robot_interfaces/package.bash'
[19.146s] INFO:colcon.colcon_core.shell:Creating package script '/home/ace/my_modern_cpp_lesson/lesson4/ros2_comm_demo/install/robot_interfaces/share/robot_interfaces/package.zsh'
[19.148s] Level 1:colcon.colcon_core.environment:create_file_with_runtime_dependencies(/home/ace/my_modern_cpp_lesson/lesson4/ros2_comm_demo/install/robot_interfaces/share/colcon-core/packages/robot_interfaces)
[19.152s] Level 1:colcon.colcon_core.environment:create_environment_scripts_only(robot_interfaces)
[19.152s] Level 1:colcon.colcon_core.environment:checking '/home/ace/my_modern_cpp_lesson/lesson4/ros2_comm_demo/install/robot_interfaces' for CMake module files
[19.154s] Level 1:colcon.colcon_core.environment:checking '/home/ace/my_modern_cpp_lesson/lesson4/ros2_comm_demo/install/robot_interfaces' for CMake config files
[19.155s] Level 1:colcon.colcon_core.shell:create_environment_hook('robot_interfaces', 'cmake_prefix_path')
[19.155s] INFO:colcon.colcon_core.shell:Creating environment hook '/home/ace/my_modern_cpp_lesson/lesson4/ros2_comm_demo/install/robot_interfaces/share/robot_interfaces/hook/cmake_prefix_path.ps1'
[19.157s] INFO:colcon.colcon_core.shell:Creating environment descriptor '/home/ace/my_modern_cpp_lesson/lesson4/ros2_comm_demo/install/robot_interfaces/share/robot_interfaces/hook/cmake_prefix_path.dsv'
[19.158s] INFO:colcon.colcon_core.shell:Creating environment hook '/home/ace/my_modern_cpp_lesson/lesson4/ros2_comm_demo/install/robot_interfaces/share/robot_interfaces/hook/cmake_prefix_path.sh'
[19.159s] Level 1:colcon.colcon_core.environment:checking '/home/ace/my_modern_cpp_lesson/lesson4/ros2_comm_demo/install/robot_interfaces/lib'
[19.159s] Level 1:colcon.colcon_core.shell:create_environment_hook('robot_interfaces', 'ld_library_path_lib')
[19.160s] INFO:colcon.colcon_core.shell:Creating environment hook '/home/ace/my_modern_cpp_lesson/lesson4/ros2_comm_demo/install/robot_interfaces/share/robot_interfaces/hook/ld_library_path_lib.ps1'
[19.160s] INFO:colcon.colcon_core.shell:Creating environment descriptor '/home/ace/my_modern_cpp_lesson/lesson4/ros2_comm_demo/install/robot_interfaces/share/robot_interfaces/hook/ld_library_path_lib.dsv'
[19.161s] INFO:colcon.colcon_core.shell:Creating environment hook '/home/ace/my_modern_cpp_lesson/lesson4/ros2_comm_demo/install/robot_interfaces/share/robot_interfaces/hook/ld_library_path_lib.sh'
[19.162s] Level 1:colcon.colcon_core.environment:checking '/home/ace/my_modern_cpp_lesson/lesson4/ros2_comm_demo/install/robot_interfaces/bin'
[19.162s] Level 1:colcon.colcon_core.environment:checking '/home/ace/my_modern_cpp_lesson/lesson4/ros2_comm_demo/install/robot_interfaces/lib/pkgconfig/robot_interfaces.pc'
[19.163s] Level 1:colcon.colcon_core.environment:checking '/home/ace/my_modern_cpp_lesson/lesson4/ros2_comm_demo/install/robot_interfaces/lib/python3.10/site-packages'
[19.163s] Level 1:colcon.colcon_core.environment:checking '/home/ace/my_modern_cpp_lesson/lesson4/ros2_comm_demo/install/robot_interfaces/bin'
[19.164s] INFO:colcon.colcon_core.shell:Creating package script '/home/ace/my_modern_cpp_lesson/lesson4/ros2_comm_demo/install/robot_interfaces/share/robot_interfaces/package.ps1'
[19.165s] INFO:colcon.colcon_core.shell:Creating package descriptor '/home/ace/my_modern_cpp_lesson/lesson4/ros2_comm_demo/install/robot_interfaces/share/robot_interfaces/package.dsv'
[19.167s] INFO:colcon.colcon_core.shell:Creating package script '/home/ace/my_modern_cpp_lesson/lesson4/ros2_comm_demo/install/robot_interfaces/share/robot_interfaces/package.sh'
[19.168s] INFO:colcon.colcon_core.shell:Creating package script '/home/ace/my_modern_cpp_lesson/lesson4/ros2_comm_demo/install/robot_interfaces/share/robot_interfaces/package.bash'
[19.169s] INFO:colcon.colcon_core.shell:Creating package script '/home/ace/my_modern_cpp_lesson/lesson4/ros2_comm_demo/install/robot_interfaces/share/robot_interfaces/package.zsh'
[19.171s] Level 1:colcon.colcon_core.environment:create_file_with_runtime_dependencies(/home/ace/my_modern_cpp_lesson/lesson4/ros2_comm_demo/install/robot_interfaces/share/colcon-core/packages/robot_interfaces)
[19.172s] INFO:colcon.colcon_ros.task.ament_cmake.build:Building ROS package in '/home/ace/my_modern_cpp_lesson/lesson4/ros2_comm_demo/src/ros2_comm_demo' with build type 'ament_cmake'
[19.172s] INFO:colcon.colcon_cmake.task.cmake.build:Building CMake package in '/home/ace/my_modern_cpp_lesson/lesson4/ros2_comm_demo/src/ros2_comm_demo'
[19.173s] INFO:colcon.colcon_core.shell:Skip shell extension 'powershell' for command environment: Not usable outside of PowerShell
[19.173s] DEBUG:colcon.colcon_core.shell:Skip shell extension 'dsv' for command environment
[19.756s] DEBUG:colcon.colcon_core.event_handler.log_command:Invoking command in '/home/ace/my_modern_cpp_lesson/lesson4/ros2_comm_demo/build/ros2_comm_demo': AMENT_PREFIX_PATH=/home/ace/my_modern_cpp_lesson/lesson4/ros2_comm_demo/install/robot_interfaces:${AMENT_PREFIX_PATH} CMAKE_PREFIX_PATH=/home/ace/my_modern_cpp_lesson/lesson4/ros2_comm_demo/install/robot_interfaces:/opt/ros/humble LD_LIBRARY_PATH=/home/ace/my_modern_cpp_lesson/lesson4/ros2_comm_demo/install/robot_interfaces/lib:${LD_LIBRARY_PATH} PYTHONPATH=/home/ace/my_modern_cpp_lesson/lesson4/ros2_comm_demo/install/robot_interfaces/local/lib/python3.10/dist-packages:${PYTHONPATH} /usr/bin/cmake /home/ace/my_modern_cpp_lesson/lesson4/ros2_comm_demo/src/ros2_comm_demo -DAMENT_CMAKE_SYMLINK_INSTALL=1 -DCMAKE_INSTALL_PREFIX=/home/ace/my_modern_cpp_lesson/lesson4/ros2_comm_demo/install/ros2_comm_demo
[25.780s] DEBUG:colcon.colcon_core.event_handler.log_command:Invoked command in '/home/ace/my_modern_cpp_lesson/lesson4/ros2_comm_demo/build/ros2_comm_demo' returned '0': AMENT_PREFIX_PATH=/home/ace/my_modern_cpp_lesson/lesson4/ros2_comm_demo/install/robot_interfaces:${AMENT_PREFIX_PATH} CMAKE_PREFIX_PATH=/home/ace/my_modern_cpp_lesson/lesson4/ros2_comm_demo/install/robot_interfaces:/opt/ros/humble LD_LIBRARY_PATH=/home/ace/my_modern_cpp_lesson/lesson4/ros2_comm_demo/install/robot_interfaces/lib:${LD_LIBRARY_PATH} PYTHONPATH=/home/ace/my_modern_cpp_lesson/lesson4/ros2_comm_demo/install/robot_interfaces/local/lib/python3.10/dist-packages:${PYTHONPATH} /usr/bin/cmake /home/ace/my_modern_cpp_lesson/lesson4/ros2_comm_demo/src/ros2_comm_demo -DAMENT_CMAKE_SYMLINK_INSTALL=1 -DCMAKE_INSTALL_PREFIX=/home/ace/my_modern_cpp_lesson/lesson4/ros2_comm_demo/install/ros2_comm_demo
[25.781s] DEBUG:colcon.colcon_core.event_handler.log_command:Invoking command in '/home/ace/my_modern_cpp_lesson/lesson4/ros2_comm_demo/build/ros2_comm_demo': AMENT_PREFIX_PATH=/home/ace/my_modern_cpp_lesson/lesson4/ros2_comm_demo/install/robot_interfaces:${AMENT_PREFIX_PATH} CMAKE_PREFIX_PATH=/home/ace/my_modern_cpp_lesson/lesson4/ros2_comm_demo/install/robot_interfaces:/opt/ros/humble LD_LIBRARY_PATH=/home/ace/my_modern_cpp_lesson/lesson4/ros2_comm_demo/install/robot_interfaces/lib:${LD_LIBRARY_PATH} PYTHONPATH=/home/ace/my_modern_cpp_lesson/lesson4/ros2_comm_demo/install/robot_interfaces/local/lib/python3.10/dist-packages:${PYTHONPATH} /usr/bin/cmake --build /home/ace/my_modern_cpp_lesson/lesson4/ros2_comm_demo/build/ros2_comm_demo -- -j4 -l4
[49.755s] DEBUG:colcon.colcon_core.event_handler.log_command:Invoked command in '/home/ace/my_modern_cpp_lesson/lesson4/ros2_comm_demo/build/ros2_comm_demo' returned '0': AMENT_PREFIX_PATH=/home/ace/my_modern_cpp_lesson/lesson4/ros2_comm_demo/install/robot_interfaces:${AMENT_PREFIX_PATH} CMAKE_PREFIX_PATH=/home/ace/my_modern_cpp_lesson/lesson4/ros2_comm_demo/install/robot_interfaces:/opt/ros/humble LD_LIBRARY_PATH=/home/ace/my_modern_cpp_lesson/lesson4/ros2_comm_demo/install/robot_interfaces/lib:${LD_LIBRARY_PATH} PYTHONPATH=/home/ace/my_modern_cpp_lesson/lesson4/ros2_comm_demo/install/robot_interfaces/local/lib/python3.10/dist-packages:${PYTHONPATH} /usr/bin/cmake --build /home/ace/my_modern_cpp_lesson/lesson4/ros2_comm_demo/build/ros2_comm_demo -- -j4 -l4
[49.757s] DEBUG:colcon.colcon_core.event_handler.log_command:Invoking command in '/home/ace/my_modern_cpp_lesson/lesson4/ros2_comm_demo/build/ros2_comm_demo': AMENT_PREFIX_PATH=/home/ace/my_modern_cpp_lesson/lesson4/ros2_comm_demo/install/robot_interfaces:${AMENT_PREFIX_PATH} CMAKE_PREFIX_PATH=/home/ace/my_modern_cpp_lesson/lesson4/ros2_comm_demo/install/robot_interfaces:/opt/ros/humble LD_LIBRARY_PATH=/home/ace/my_modern_cpp_lesson/lesson4/ros2_comm_demo/install/robot_interfaces/lib:${LD_LIBRARY_PATH} PYTHONPATH=/home/ace/my_modern_cpp_lesson/lesson4/ros2_comm_demo/install/robot_interfaces/local/lib/python3.10/dist-packages:${PYTHONPATH} /usr/bin/cmake --install /home/ace/my_modern_cpp_lesson/lesson4/ros2_comm_demo/build/ros2_comm_demo
[50.042s] Level 1:colcon.colcon_core.environment:create_environment_scripts_only(ros2_comm_demo)
[50.042s] Level 1:colcon.colcon_core.environment:checking '/home/ace/my_modern_cpp_lesson/lesson4/ros2_comm_demo/install/ros2_comm_demo' for CMake module files
[50.043s] DEBUG:colcon.colcon_core.event_handler.log_command:Invoked command in '/home/ace/my_modern_cpp_lesson/lesson4/ros2_comm_demo/build/ros2_comm_demo' returned '0': AMENT_PREFIX_PATH=/home/ace/my_modern_cpp_lesson/lesson4/ros2_comm_demo/install/robot_interfaces:${AMENT_PREFIX_PATH} CMAKE_PREFIX_PATH=/home/ace/my_modern_cpp_lesson/lesson4/ros2_comm_demo/install/robot_interfaces:/opt/ros/humble LD_LIBRARY_PATH=/home/ace/my_modern_cpp_lesson/lesson4/ros2_comm_demo/install/robot_interfaces/lib:${LD_LIBRARY_PATH} PYTHONPATH=/home/ace/my_modern_cpp_lesson/lesson4/ros2_comm_demo/install/robot_interfaces/local/lib/python3.10/dist-packages:${PYTHONPATH} /usr/bin/cmake --install /home/ace/my_modern_cpp_lesson/lesson4/ros2_comm_demo/build/ros2_comm_demo
[50.044s] Level 1:colcon.colcon_core.environment:checking '/home/ace/my_modern_cpp_lesson/lesson4/ros2_comm_demo/install/ros2_comm_demo' for CMake config files
[50.044s] Level 1:colcon.colcon_core.shell:create_environment_hook('ros2_comm_demo', 'cmake_prefix_path')
[50.045s] INFO:colcon.colcon_core.shell:Creating environment hook '/home/ace/my_modern_cpp_lesson/lesson4/ros2_comm_demo/install/ros2_comm_demo/share/ros2_comm_demo/hook/cmake_prefix_path.ps1'
[50.046s] INFO:colcon.colcon_core.shell:Creating environment descriptor '/home/ace/my_modern_cpp_lesson/lesson4/ros2_comm_demo/install/ros2_comm_demo/share/ros2_comm_demo/hook/cmake_prefix_path.dsv'
[50.046s] INFO:colcon.colcon_core.shell:Creating environment hook '/home/ace/my_modern_cpp_lesson/lesson4/ros2_comm_demo/install/ros2_comm_demo/share/ros2_comm_demo/hook/cmake_prefix_path.sh'
[50.047s] Level 1:colcon.colcon_core.environment:checking '/home/ace/my_modern_cpp_lesson/lesson4/ros2_comm_demo/install/ros2_comm_demo/lib'
[50.047s] Level 1:colcon.colcon_core.environment:checking '/home/ace/my_modern_cpp_lesson/lesson4/ros2_comm_demo/install/ros2_comm_demo/bin'
[50.047s] Level 1:colcon.colcon_core.environment:checking '/home/ace/my_modern_cpp_lesson/lesson4/ros2_comm_demo/install/ros2_comm_demo/lib/pkgconfig/ros2_comm_demo.pc'
[50.047s] Level 1:colcon.colcon_core.environment:checking '/home/ace/my_modern_cpp_lesson/lesson4/ros2_comm_demo/install/ros2_comm_demo/lib/python3.10/site-packages'
[50.048s] Level 1:colcon.colcon_core.environment:checking '/home/ace/my_modern_cpp_lesson/lesson4/ros2_comm_demo/install/ros2_comm_demo/bin'
[50.048s] INFO:colcon.colcon_core.shell:Creating package script '/home/ace/my_modern_cpp_lesson/lesson4/ros2_comm_demo/install/ros2_comm_demo/share/ros2_comm_demo/package.ps1'
[50.049s] INFO:colcon.colcon_core.shell:Creating package descriptor '/home/ace/my_modern_cpp_lesson/lesson4/ros2_comm_demo/install/ros2_comm_demo/share/ros2_comm_demo/package.dsv'
[50.051s] INFO:colcon.colcon_core.shell:Creating package script '/home/ace/my_modern_cpp_lesson/lesson4/ros2_comm_demo/install/ros2_comm_demo/share/ros2_comm_demo/package.sh'
[50.051s] INFO:colcon.colcon_core.shell:Creating package script '/home/ace/my_modern_cpp_lesson/lesson4/ros2_comm_demo/install/ros2_comm_demo/share/ros2_comm_demo/package.bash'
[50.052s] INFO:colcon.colcon_core.shell:Creating package script '/home/ace/my_modern_cpp_lesson/lesson4/ros2_comm_demo/install/ros2_comm_demo/share/ros2_comm_demo/package.zsh'
[50.053s] Level 1:colcon.colcon_core.environment:create_file_with_runtime_dependencies(/home/ace/my_modern_cpp_lesson/lesson4/ros2_comm_demo/install/ros2_comm_demo/share/colcon-core/packages/ros2_comm_demo)
[50.055s] Level 1:colcon.colcon_core.environment:create_environment_scripts_only(ros2_comm_demo)
[50.055s] Level 1:colcon.colcon_core.environment:checking '/home/ace/my_modern_cpp_lesson/lesson4/ros2_comm_demo/install/ros2_comm_demo' for CMake module files
[50.056s] Level 1:colcon.colcon_core.environment:checking '/home/ace/my_modern_cpp_lesson/lesson4/ros2_comm_demo/install/ros2_comm_demo' for CMake config files
[50.057s] Level 1:colcon.colcon_core.shell:create_environment_hook('ros2_comm_demo', 'cmake_prefix_path')
[50.057s] INFO:colcon.colcon_core.shell:Creating environment hook '/home/ace/my_modern_cpp_lesson/lesson4/ros2_comm_demo/install/ros2_comm_demo/share/ros2_comm_demo/hook/cmake_prefix_path.ps1'
[50.058s] INFO:colcon.colcon_core.shell:Creating environment descriptor '/home/ace/my_modern_cpp_lesson/lesson4/ros2_comm_demo/install/ros2_comm_demo/share/ros2_comm_demo/hook/cmake_prefix_path.dsv'
[50.059s] INFO:colcon.colcon_core.shell:Creating environment hook '/home/ace/my_modern_cpp_lesson/lesson4/ros2_comm_demo/install/ros2_comm_demo/share/ros2_comm_demo/hook/cmake_prefix_path.sh'
[50.060s] Level 1:colcon.colcon_core.environment:checking '/home/ace/my_modern_cpp_lesson/lesson4/ros2_comm_demo/install/ros2_comm_demo/lib'
[50.060s] Level 1:colcon.colcon_core.environment:checking '/home/ace/my_modern_cpp_lesson/lesson4/ros2_comm_demo/install/ros2_comm_demo/bin'
[50.060s] Level 1:colcon.colcon_core.environment:checking '/home/ace/my_modern_cpp_lesson/lesson4/ros2_comm_demo/install/ros2_comm_demo/lib/pkgconfig/ros2_comm_demo.pc'
[50.060s] Level 1:colcon.colcon_core.environment:checking '/home/ace/my_modern_cpp_lesson/lesson4/ros2_comm_demo/install/ros2_comm_demo/lib/python3.10/site-packages'
[50.060s] Level 1:colcon.colcon_core.environment:checking '/home/ace/my_modern_cpp_lesson/lesson4/ros2_comm_demo/install/ros2_comm_demo/bin'
[50.061s] INFO:colcon.colcon_core.shell:Creating package script '/home/ace/my_modern_cpp_lesson/lesson4/ros2_comm_demo/install/ros2_comm_demo/share/ros2_comm_demo/package.ps1'
[50.061s] INFO:colcon.colcon_core.shell:Creating package descriptor '/home/ace/my_modern_cpp_lesson/lesson4/ros2_comm_demo/install/ros2_comm_demo/share/ros2_comm_demo/package.dsv'
[50.062s] INFO:colcon.colcon_core.shell:Creating package script '/home/ace/my_modern_cpp_lesson/lesson4/ros2_comm_demo/install/ros2_comm_demo/share/ros2_comm_demo/package.sh'
[50.062s] INFO:colcon.colcon_core.shell:Creating package script '/home/ace/my_modern_cpp_lesson/lesson4/ros2_comm_demo/install/ros2_comm_demo/share/ros2_comm_demo/package.bash'
[50.063s] INFO:colcon.colcon_core.shell:Creating package script '/home/ace/my_modern_cpp_lesson/lesson4/ros2_comm_demo/install/ros2_comm_demo/share/ros2_comm_demo/package.zsh'
[50.063s] Level 1:colcon.colcon_core.environment:create_file_with_runtime_dependencies(/home/ace/my_modern_cpp_lesson/lesson4/ros2_comm_demo/install/ros2_comm_demo/share/colcon-core/packages/ros2_comm_demo)
[50.064s] DEBUG:colcon.colcon_parallel_executor.executor.parallel:closing loop
[50.065s] DEBUG:colcon.colcon_parallel_executor.executor.parallel:loop closed
[50.065s] DEBUG:colcon.colcon_parallel_executor.executor.parallel:run_until_complete finished with '0'
[50.065s] DEBUG:colcon.colcon_core.event_reactor:joining thread
[50.204s] INFO:colcon.colcon_core.plugin_system:Skipping extension 'colcon_notification.desktop_notification.notify_send': Could not find 'notify-send'
[50.204s] INFO:colcon.colcon_core.plugin_system:Skipping extension 'colcon_notification.desktop_notification.terminal_notifier': Not used on non-Darwin systems
[50.204s] INFO:colcon.colcon_core.plugin_system:Skipping extension 'colcon_notification.desktop_notification.win32': Not used on non-Windows systems
[50.204s] INFO:colcon.colcon_notification.desktop_notification:Sending desktop notification using 'notify2'
[50.204s] DEBUG:colcon.colcon_notification.desktop_notification.notify2:Failed to initialize notify2: org.freedesktop.DBus.Error.FileNotFound: Failed to connect to socket /run/user/1000/bus: No such file or directory
[50.204s] DEBUG:colcon.colcon_core.event_reactor:joined thread
[50.205s] INFO:colcon.colcon_core.shell:Creating prefix script '/home/ace/my_modern_cpp_lesson/lesson4/ros2_comm_demo/install/local_setup.ps1'
[50.206s] INFO:colcon.colcon_core.shell:Creating prefix util module '/home/ace/my_modern_cpp_lesson/lesson4/ros2_comm_demo/install/_local_setup_util_ps1.py'
[50.209s] INFO:colcon.colcon_core.shell:Creating prefix chain script '/home/ace/my_modern_cpp_lesson/lesson4/ros2_comm_demo/install/setup.ps1'
[50.210s] INFO:colcon.colcon_core.shell:Creating prefix script '/home/ace/my_modern_cpp_lesson/lesson4/ros2_comm_demo/install/local_setup.sh'
[50.210s] INFO:colcon.colcon_core.shell:Creating prefix util module '/home/ace/my_modern_cpp_lesson/lesson4/ros2_comm_demo/install/_local_setup_util_sh.py'
[50.212s] INFO:colcon.colcon_core.shell:Creating prefix chain script '/home/ace/my_modern_cpp_lesson/lesson4/ros2_comm_demo/install/setup.sh'
[50.213s] INFO:colcon.colcon_core.shell:Creating prefix script '/home/ace/my_modern_cpp_lesson/lesson4/ros2_comm_demo/install/local_setup.bash'
[50.213s] INFO:colcon.colcon_core.shell:Creating prefix chain script '/home/ace/my_modern_cpp_lesson/lesson4/ros2_comm_demo/install/setup.bash'
[50.214s] INFO:colcon.colcon_core.shell:Creating prefix script '/home/ace/my_modern_cpp_lesson/lesson4/ros2_comm_demo/install/local_setup.zsh'
[50.215s] INFO:colcon.colcon_core.shell:Creating prefix chain script '/home/ace/my_modern_cpp_lesson/lesson4/ros2_comm_demo/install/setup.zsh'
