[0.019s] Invoking command in '/home/ace/robotics-from-zero-tutorial/build/ros2_comm_demo': CMAKE_PREFIX_PATH=/opt/ros/humble CONDA_PROMPT_MODIFIER=(base) /usr/bin/cmake /home/ace/robotics-from-zero-tutorial/src/lesson4/ros2_comm_demo -DCMAKE_INSTALL_PREFIX=/home/ace/robotics-from-zero-tutorial/install/ros2_comm_demo
[1.321s] -- The C compiler identification is GNU 11.4.0
[2.478s] -- The CXX compiler identification is GNU 11.4.0
[2.897s] -- Detecting C compiler ABI info
[3.193s] -- Detecting C compiler ABI info - done
[3.197s] -- Check for working C compiler: /usr/bin/cc - skipped
[3.198s] -- Detecting C compile features
[3.200s] -- Detecting C compile features - done
[3.205s] -- Detecting CXX compiler ABI info
[3.509s] -- Detecting CXX compiler ABI info - done
[3.515s] -- Check for working CXX compiler: /usr/bin/c++ - skipped
[3.515s] -- Detecting CXX compile features
[3.516s] -- Detecting CXX compile features - done
[3.894s] -- Found ament_cmake: 1.3.12 (/opt/ros/humble/share/ament_cmake/cmake)
[5.316s] -- Found Python3: /home/ace/miniconda3/bin/python3 (found version "3.13.12") found components: Interpreter 
[6.393s] -- Found rclcpp: 16.0.16 (/opt/ros/humble/share/rclcpp/cmake)
[7.946s] -- Found rosidl_generator_c: 3.1.7 (/opt/ros/humble/share/rosidl_generator_c/cmake)
[8.029s] -- Found rosidl_adapter: 3.1.7 (/opt/ros/humble/share/rosidl_adapter/cmake)
[8.059s] -- Found rosidl_generator_cpp: 3.1.7 (/opt/ros/humble/share/rosidl_generator_cpp/cmake)
[8.168s] -- Using all available rosidl_typesupport_c: rosidl_typesupport_fastrtps_c;rosidl_typesupport_introspection_c
[8.292s] -- Using all available rosidl_typesupport_cpp: rosidl_typesupport_fastrtps_cpp;rosidl_typesupport_introspection_cpp
[8.723s] -- Found rmw_implementation_cmake: 6.1.2 (/opt/ros/humble/share/rmw_implementation_cmake/cmake)
[8.739s] -- Found rmw_cyclonedds_cpp: 1.3.4 (/opt/ros/humble/share/rmw_cyclonedds_cpp/cmake)
[8.850s] -- Using RMW implementation 'rmw_cyclonedds_cpp' as default
[9.075s] -- Looking for pthread.h
[9.431s] -- Looking for pthread.h - found
[9.431s] -- Performing Test CMAKE_HAVE_LIBC_PTHREAD
[9.774s] -- Performing Test CMAKE_HAVE_LIBC_PTHREAD - Success
[9.774s] -- Found Threads: TRUE  
[12.107s] [31mCMake Error at CMakeLists.txt:14 (find_package):
[12.107s]   By not providing "Findrobot_interfaces.cmake" in CMAKE_MODULE_PATH this
[12.107s]   project has asked CMake to find a package configuration file provided by
[12.107s]   "robot_interfaces", but CMake did not find one.
[12.107s] 
[12.108s]   Could not find a package configuration file provided by "robot_interfaces"
[12.108s]   with any of the following names:
[12.108s] 
[12.108s]     robot_interfacesConfig.cmake
[12.108s]     robot_interfaces-config.cmake
[12.108s] 
[12.108s]   Add the installation prefix of "robot_interfaces" to CMAKE_PREFIX_PATH or
[12.108s]   set "robot_interfaces_DIR" to a directory containing one of the above
[12.108s]   files.  If "robot_interfaces" provides a separate development package or
[12.108s]   SDK, be sure it has been installed.
[12.108s] 
[12.108s] [0m
[12.108s] -- Configuring incomplete, errors occurred!
[12.108s] See also "/home/ace/robotics-from-zero-tutorial/build/ros2_comm_demo/CMakeFiles/CMakeOutput.log".
