[0.358s] DEBUG:colcon:Command line arguments: ['/usr/bin/colcon', 'build', '--packages-select', 'lesson5-composition']
[0.358s] DEBUG:colcon:Parsed command line arguments: Namespace(log_base=None, log_level=None, verb_name='build', build_base='build', install_base='install', merge_install=False, symlink_install=False, test_result_base=None, continue_on_error=False, executor='parallel', parallel_workers=4, event_handlers=None, ignore_user_meta=False, metas=['./colcon.meta'], base_paths=['.'], packages_ignore=None, packages_ignore_regex=None, paths=None, packages_up_to=None, packages_up_to_regex=None, packages_above=None, packages_above_and_dependencies=None, packages_above_depth=None, packages_select_by_dep=None, packages_skip_by_dep=None, packages_skip_up_to=None, packages_select_build_failed=False, packages_skip_build_finished=False, packages_select_test_failures=False, packages_skip_test_passed=False, packages_select=['lesson5-composition'], packages_skip=None, packages_select_regex=None, packages_skip_regex=None, packages_start=None, packages_end=None, allow_overriding=[], cmake_args=None, cmake_target=None, cmake_target_skip_unavailable=False, cmake_clean_cache=False, cmake_clean_first=False, cmake_force_configure=False, ament_cmake_args=None, catkin_cmake_args=None, catkin_skip_building_tests=False, mixin_files=None, mixin=None, verb_parser=<colcon_mixin.mixin.mixin_argument.MixinArgumentDecorator object at 0x7b05b7c55360>, verb_extension=<colcon_core.verb.build.BuildVerb object at 0x7b05b7d5a2f0>, main=<bound method BuildVerb.main of <colcon_core.verb.build.BuildVerb object at 0x7b05b7d5a2f0>>, mixin_verb=('build',))
[0.603s] Level 1:colcon.colcon_core.package_discovery:discover_packages(colcon_meta) check parameters
[0.603s] Level 1:colcon.colcon_core.package_discovery:discover_packages(recursive) check parameters
[0.604s] Level 1:colcon.colcon_core.package_discovery:discover_packages(ignore) check parameters
[0.604s] Level 1:colcon.colcon_core.package_discovery:discover_packages(path) check parameters
[0.604s] Level 1:colcon.colcon_core.package_discovery:discover_packages(colcon_meta) discover
[0.604s] Level 1:colcon.colcon_core.package_discovery:discover_packages(recursive) discover
[0.604s] INFO:colcon.colcon_core.package_discovery:Crawling recursively for packages in '/home/ace/my_modern_cpp_lesson'
[0.604s] Level 1:colcon.colcon_core.package_identification:_identify(.) by extensions ['ignore', 'ignore_ament_install']
[0.604s] Level 1:colcon.colcon_core.package_identification:_identify(.) by extension 'ignore'
[0.604s] Level 1:colcon.colcon_core.package_identification:_identify(.) by extension 'ignore_ament_install'
[0.604s] Level 1:colcon.colcon_core.package_identification:_identify(.) by extensions ['colcon_pkg']
[0.604s] Level 1:colcon.colcon_core.package_identification:_identify(.) by extension 'colcon_pkg'
[0.604s] Level 1:colcon.colcon_core.package_identification:_identify(.) by extensions ['colcon_meta']
[0.604s] Level 1:colcon.colcon_core.package_identification:_identify(.) by extension 'colcon_meta'
[0.604s] Level 1:colcon.colcon_core.package_identification:_identify(.) by extensions ['ros']
[0.605s] Level 1:colcon.colcon_core.package_identification:_identify(.) by extension 'ros'
[0.621s] Level 1:colcon.colcon_core.package_identification:_identify(.) by extensions ['cmake', 'python']
[0.621s] Level 1:colcon.colcon_core.package_identification:_identify(.) by extension 'cmake'
[0.621s] Level 1:colcon.colcon_core.package_identification:_identify(.) by extension 'python'
[0.621s] Level 1:colcon.colcon_core.package_identification:_identify(.) by extensions ['python_setup_py']
[0.622s] Level 1:colcon.colcon_core.package_identification:_identify(.) by extension 'python_setup_py'
[0.622s] Level 1:colcon.colcon_core.package_identification:_identify(build) by extensions ['ignore', 'ignore_ament_install']
[0.622s] Level 1:colcon.colcon_core.package_identification:_identify(build) by extension 'ignore'
[0.622s] Level 1:colcon.colcon_core.package_identification:_identify(build) ignored
[0.622s] Level 1:colcon.colcon_core.package_identification:_identify(install) by extensions ['ignore', 'ignore_ament_install']
[0.622s] Level 1:colcon.colcon_core.package_identification:_identify(install) by extension 'ignore'
[0.623s] Level 1:colcon.colcon_core.package_identification:_identify(install) ignored
[0.623s] Level 1:colcon.colcon_core.package_identification:_identify(lesson4) by extensions ['ignore', 'ignore_ament_install']
[0.623s] Level 1:colcon.colcon_core.package_identification:_identify(lesson4) by extension 'ignore'
[0.623s] Level 1:colcon.colcon_core.package_identification:_identify(lesson4) by extension 'ignore_ament_install'
[0.623s] Level 1:colcon.colcon_core.package_identification:_identify(lesson4) by extensions ['colcon_pkg']
[0.623s] Level 1:colcon.colcon_core.package_identification:_identify(lesson4) by extension 'colcon_pkg'
[0.623s] Level 1:colcon.colcon_core.package_identification:_identify(lesson4) by extensions ['colcon_meta']
[0.623s] Level 1:colcon.colcon_core.package_identification:_identify(lesson4) by extension 'colcon_meta'
[0.624s] Level 1:colcon.colcon_core.package_identification:_identify(lesson4) by extensions ['ros']
[0.624s] Level 1:colcon.colcon_core.package_identification:_identify(lesson4) by extension 'ros'
[0.624s] Level 1:colcon.colcon_core.package_identification:_identify(lesson4) by extensions ['cmake', 'python']
[0.624s] Level 1:colcon.colcon_core.package_identification:_identify(lesson4) by extension 'cmake'
[0.624s] Level 1:colcon.colcon_core.package_identification:_identify(lesson4) by extension 'python'
[0.624s] Level 1:colcon.colcon_core.package_identification:_identify(lesson4) by extensions ['python_setup_py']
[0.624s] Level 1:colcon.colcon_core.package_identification:_identify(lesson4) by extension 'python_setup_py'
[0.624s] Level 1:colcon.colcon_core.package_identification:_identify(lesson4/ros2_comm_demo) by extensions ['ignore', 'ignore_ament_install']
[0.624s] Level 1:colcon.colcon_core.package_identification:_identify(lesson4/ros2_comm_demo) by extension 'ignore'
[0.624s] Level 1:colcon.colcon_core.package_identification:_identify(lesson4/ros2_comm_demo) by extension 'ignore_ament_install'
[0.624s] Level 1:colcon.colcon_core.package_identification:_identify(lesson4/ros2_comm_demo) by extensions ['colcon_pkg']
[0.625s] Level 1:colcon.colcon_core.package_identification:_identify(lesson4/ros2_comm_demo) by extension 'colcon_pkg'
[0.625s] Level 1:colcon.colcon_core.package_identification:_identify(lesson4/ros2_comm_demo) by extensions ['colcon_meta']
[0.625s] Level 1:colcon.colcon_core.package_identification:_identify(lesson4/ros2_comm_demo) by extension 'colcon_meta'
[0.625s] Level 1:colcon.colcon_core.package_identification:_identify(lesson4/ros2_comm_demo) by extensions ['ros']
[0.625s] Level 1:colcon.colcon_core.package_identification:_identify(lesson4/ros2_comm_demo) by extension 'ros'
[0.625s] Level 1:colcon.colcon_core.package_identification:_identify(lesson4/ros2_comm_demo) by extensions ['cmake', 'python']
[0.625s] Level 1:colcon.colcon_core.package_identification:_identify(lesson4/ros2_comm_demo) by extension 'cmake'
[0.625s] Level 1:colcon.colcon_core.package_identification:_identify(lesson4/ros2_comm_demo) by extension 'python'
[0.625s] Level 1:colcon.colcon_core.package_identification:_identify(lesson4/ros2_comm_demo) by extensions ['python_setup_py']
[0.625s] Level 1:colcon.colcon_core.package_identification:_identify(lesson4/ros2_comm_demo) by extension 'python_setup_py'
[0.626s] Level 1:colcon.colcon_core.package_identification:_identify(lesson4/ros2_comm_demo/build) by extensions ['ignore', 'ignore_ament_install']
[0.626s] Level 1:colcon.colcon_core.package_identification:_identify(lesson4/ros2_comm_demo/build) by extension 'ignore'
[0.626s] Level 1:colcon.colcon_core.package_identification:_identify(lesson4/ros2_comm_demo/build) ignored
[0.626s] Level 1:colcon.colcon_core.package_identification:_identify(lesson4/ros2_comm_demo/install) by extensions ['ignore', 'ignore_ament_install']
[0.626s] Level 1:colcon.colcon_core.package_identification:_identify(lesson4/ros2_comm_demo/install) by extension 'ignore'
[0.627s] Level 1:colcon.colcon_core.package_identification:_identify(lesson4/ros2_comm_demo/install) ignored
[0.627s] Level 1:colcon.colcon_core.package_identification:_identify(lesson4/ros2_comm_demo/log) by extensions ['ignore', 'ignore_ament_install']
[0.627s] Level 1:colcon.colcon_core.package_identification:_identify(lesson4/ros2_comm_demo/log) by extension 'ignore'
[0.628s] Level 1:colcon.colcon_core.package_identification:_identify(lesson4/ros2_comm_demo/log) ignored
[0.628s] Level 1:colcon.colcon_core.package_identification:_identify(lesson4/ros2_comm_demo/src) by extensions ['ignore', 'ignore_ament_install']
[0.628s] Level 1:colcon.colcon_core.package_identification:_identify(lesson4/ros2_comm_demo/src) by extension 'ignore'
[0.628s] Level 1:colcon.colcon_core.package_identification:_identify(lesson4/ros2_comm_demo/src) by extension 'ignore_ament_install'
[0.628s] Level 1:colcon.colcon_core.package_identification:_identify(lesson4/ros2_comm_demo/src) by extensions ['colcon_pkg']
[0.628s] Level 1:colcon.colcon_core.package_identification:_identify(lesson4/ros2_comm_demo/src) by extension 'colcon_pkg'
[0.628s] Level 1:colcon.colcon_core.package_identification:_identify(lesson4/ros2_comm_demo/src) by extensions ['colcon_meta']
[0.628s] Level 1:colcon.colcon_core.package_identification:_identify(lesson4/ros2_comm_demo/src) by extension 'colcon_meta'
[0.628s] Level 1:colcon.colcon_core.package_identification:_identify(lesson4/ros2_comm_demo/src) by extensions ['ros']
[0.628s] Level 1:colcon.colcon_core.package_identification:_identify(lesson4/ros2_comm_demo/src) by extension 'ros'
[0.629s] Level 1:colcon.colcon_core.package_identification:_identify(lesson4/ros2_comm_demo/src) by extensions ['cmake', 'python']
[0.629s] Level 1:colcon.colcon_core.package_identification:_identify(lesson4/ros2_comm_demo/src) by extension 'cmake'
[0.629s] Level 1:colcon.colcon_core.package_identification:_identify(lesson4/ros2_comm_demo/src) by extension 'python'
[0.629s] Level 1:colcon.colcon_core.package_identification:_identify(lesson4/ros2_comm_demo/src) by extensions ['python_setup_py']
[0.629s] Level 1:colcon.colcon_core.package_identification:_identify(lesson4/ros2_comm_demo/src) by extension 'python_setup_py'
[0.629s] Level 1:colcon.colcon_core.package_identification:_identify(lesson4/ros2_comm_demo/src/robot_interfaces) by extensions ['ignore', 'ignore_ament_install']
[0.629s] Level 1:colcon.colcon_core.package_identification:_identify(lesson4/ros2_comm_demo/src/robot_interfaces) by extension 'ignore'
[0.630s] Level 1:colcon.colcon_core.package_identification:_identify(lesson4/ros2_comm_demo/src/robot_interfaces) by extension 'ignore_ament_install'
[0.630s] Level 1:colcon.colcon_core.package_identification:_identify(lesson4/ros2_comm_demo/src/robot_interfaces) by extensions ['colcon_pkg']
[0.630s] Level 1:colcon.colcon_core.package_identification:_identify(lesson4/ros2_comm_demo/src/robot_interfaces) by extension 'colcon_pkg'
[0.630s] Level 1:colcon.colcon_core.package_identification:_identify(lesson4/ros2_comm_demo/src/robot_interfaces) by extensions ['colcon_meta']
[0.630s] Level 1:colcon.colcon_core.package_identification:_identify(lesson4/ros2_comm_demo/src/robot_interfaces) by extension 'colcon_meta'
[0.631s] Level 1:colcon.colcon_core.package_identification:_identify(lesson4/ros2_comm_demo/src/robot_interfaces) by extensions ['ros']
[0.631s] Level 1:colcon.colcon_core.package_identification:_identify(lesson4/ros2_comm_demo/src/robot_interfaces) by extension 'ros'
[0.649s] DEBUG:colcon.colcon_core.package_identification:Package 'lesson4/ros2_comm_demo/src/robot_interfaces' with type 'ros.ament_cmake' and name 'robot_interfaces'
[0.649s] Level 1:colcon.colcon_core.package_identification:_identify(lesson4/ros2_comm_demo/src/ros2_comm_demo) by extensions ['ignore', 'ignore_ament_install']
[0.649s] Level 1:colcon.colcon_core.package_identification:_identify(lesson4/ros2_comm_demo/src/ros2_comm_demo) by extension 'ignore'
[0.650s] Level 1:colcon.colcon_core.package_identification:_identify(lesson4/ros2_comm_demo/src/ros2_comm_demo) by extension 'ignore_ament_install'
[0.650s] Level 1:colcon.colcon_core.package_identification:_identify(lesson4/ros2_comm_demo/src/ros2_comm_demo) by extensions ['colcon_pkg']
[0.650s] Level 1:colcon.colcon_core.package_identification:_identify(lesson4/ros2_comm_demo/src/ros2_comm_demo) by extension 'colcon_pkg'
[0.650s] Level 1:colcon.colcon_core.package_identification:_identify(lesson4/ros2_comm_demo/src/ros2_comm_demo) by extensions ['colcon_meta']
[0.650s] Level 1:colcon.colcon_core.package_identification:_identify(lesson4/ros2_comm_demo/src/ros2_comm_demo) by extension 'colcon_meta'
[0.650s] Level 1:colcon.colcon_core.package_identification:_identify(lesson4/ros2_comm_demo/src/ros2_comm_demo) by extensions ['ros']
[0.650s] Level 1:colcon.colcon_core.package_identification:_identify(lesson4/ros2_comm_demo/src/ros2_comm_demo) by extension 'ros'
[0.654s] DEBUG:colcon.colcon_core.package_identification:Package 'lesson4/ros2_comm_demo/src/ros2_comm_demo' with type 'ros.ament_cmake' and name 'ros2_comm_demo'
[0.655s] Level 1:colcon.colcon_core.package_identification:_identify(lesson5_composition) by extensions ['ignore', 'ignore_ament_install']
[0.655s] Level 1:colcon.colcon_core.package_identification:_identify(lesson5_composition) by extension 'ignore'
[0.655s] Level 1:colcon.colcon_core.package_identification:_identify(lesson5_composition) by extension 'ignore_ament_install'
[0.655s] Level 1:colcon.colcon_core.package_identification:_identify(lesson5_composition) by extensions ['colcon_pkg']
[0.655s] Level 1:colcon.colcon_core.package_identification:_identify(lesson5_composition) by extension 'colcon_pkg'
[0.655s] Level 1:colcon.colcon_core.package_identification:_identify(lesson5_composition) by extensions ['colcon_meta']
[0.655s] Level 1:colcon.colcon_core.package_identification:_identify(lesson5_composition) by extension 'colcon_meta'
[0.655s] Level 1:colcon.colcon_core.package_identification:_identify(lesson5_composition) by extensions ['ros']
[0.655s] Level 1:colcon.colcon_core.package_identification:_identify(lesson5_composition) by extension 'ros'
[0.657s] DEBUG:colcon.colcon_core.package_identification:Package 'lesson5_composition' with type 'ros.ament_cmake' and name 'lesson5_composition'
[0.657s] Level 1:colcon.colcon_core.package_identification:_identify(log) by extensions ['ignore', 'ignore_ament_install']
[0.657s] Level 1:colcon.colcon_core.package_identification:_identify(log) by extension 'ignore'
[0.657s] Level 1:colcon.colcon_core.package_identification:_identify(log) ignored
[0.657s] Level 1:colcon.colcon_core.package_discovery:discover_packages(recursive) using defaults
[0.657s] Level 1:colcon.colcon_core.package_discovery:discover_packages(ignore) discover
[0.657s] Level 1:colcon.colcon_core.package_discovery:discover_packages(ignore) using defaults
[0.658s] Level 1:colcon.colcon_core.package_discovery:discover_packages(path) discover
[0.658s] Level 1:colcon.colcon_core.package_discovery:discover_packages(path) using defaults
[0.658s] WARNING:colcon.colcon_core.package_selection:ignoring unknown package 'lesson5-composition' in --packages-select
[0.706s] INFO:colcon.colcon_core.package_selection:Skipping not selected package 'lesson5_composition' in 'lesson5_composition'
[0.706s] INFO:colcon.colcon_core.package_selection:Skipping not selected package 'robot_interfaces' in 'lesson4/ros2_comm_demo/src/robot_interfaces'
[0.706s] INFO:colcon.colcon_core.package_selection:Skipping not selected package 'ros2_comm_demo' in 'lesson4/ros2_comm_demo/src/ros2_comm_demo'
[0.707s] Level 1:colcon.colcon_core.package_discovery:discover_packages(prefix_path) check parameters
[0.707s] Level 1:colcon.colcon_core.package_discovery:discover_packages(prefix_path) discover
[0.710s] DEBUG:colcon.colcon_installed_package_information.package_discovery:Found 466 installed packages in /opt/ros/humble
[0.713s] Level 1:colcon.colcon_core.package_discovery:discover_packages(prefix_path) using defaults
[0.845s] INFO:colcon.colcon_core.executor:Executing jobs using 'parallel' executor
[0.847s] DEBUG:colcon.colcon_parallel_executor.executor.parallel:run_until_complete
[0.848s] DEBUG:colcon.colcon_parallel_executor.executor.parallel:closing loop
[0.848s] DEBUG:colcon.colcon_parallel_executor.executor.parallel:loop closed
[0.848s] DEBUG:colcon.colcon_parallel_executor.executor.parallel:run_until_complete finished with '0'
[0.848s] DEBUG:colcon.colcon_core.event_reactor:joining thread
[0.973s] INFO:colcon.colcon_core.plugin_system:Skipping extension 'colcon_notification.desktop_notification.notify_send': Could not find 'notify-send'
[0.973s] INFO:colcon.colcon_core.plugin_system:Skipping extension 'colcon_notification.desktop_notification.terminal_notifier': Not used on non-Darwin systems
[0.974s] INFO:colcon.colcon_core.plugin_system:Skipping extension 'colcon_notification.desktop_notification.win32': Not used on non-Windows systems
[0.974s] INFO:colcon.colcon_notification.desktop_notification:Sending desktop notification using 'notify2'
[0.974s] DEBUG:colcon.colcon_notification.desktop_notification.notify2:Failed to initialize notify2: org.freedesktop.DBus.Error.FileNotFound: Failed to connect to socket /run/user/1000/bus: No such file or directory
[0.974s] DEBUG:colcon.colcon_core.event_reactor:joined thread
[0.978s] INFO:colcon.colcon_core.plugin_system:Skipping extension 'colcon_core.shell.bat': Not used on non-Windows systems
[0.978s] INFO:colcon.colcon_core.shell:Creating prefix script '/home/ace/my_modern_cpp_lesson/install/local_setup.ps1'
[0.980s] INFO:colcon.colcon_core.shell:Creating prefix util module '/home/ace/my_modern_cpp_lesson/install/_local_setup_util_ps1.py'
[0.982s] INFO:colcon.colcon_core.shell:Creating prefix chain script '/home/ace/my_modern_cpp_lesson/install/setup.ps1'
[0.984s] INFO:colcon.colcon_core.shell:Creating prefix script '/home/ace/my_modern_cpp_lesson/install/local_setup.sh'
[0.985s] INFO:colcon.colcon_core.shell:Creating prefix util module '/home/ace/my_modern_cpp_lesson/install/_local_setup_util_sh.py'
[0.987s] INFO:colcon.colcon_core.shell:Creating prefix chain script '/home/ace/my_modern_cpp_lesson/install/setup.sh'
[0.989s] INFO:colcon.colcon_core.shell:Creating prefix script '/home/ace/my_modern_cpp_lesson/install/local_setup.bash'
[0.990s] INFO:colcon.colcon_core.shell:Creating prefix chain script '/home/ace/my_modern_cpp_lesson/install/setup.bash'
[0.991s] INFO:colcon.colcon_core.shell:Creating prefix script '/home/ace/my_modern_cpp_lesson/install/local_setup.zsh'
[0.992s] INFO:colcon.colcon_core.shell:Creating prefix chain script '/home/ace/my_modern_cpp_lesson/install/setup.zsh'
