[0.027s] Invoking command in '/home/ace/robotics-from-zero-tutorial/build/ros2_comm_demo': CMAKE_PREFIX_PATH=/opt/ros/humble CONDA_PROMPT_MODIFIER=(base) /usr/bin/cmake /home/ace/robotics-from-zero-tutorial/src/lesson4/ros2_comm_demo -DCMAKE_INSTALL_PREFIX=/home/ace/robotics-from-zero-tutorial/install/ros2_comm_demo
[0.057s] -- Found ament_cmake: 1.3.12 (/opt/ros/humble/share/ament_cmake/cmake)
[0.280s] -- Found rclcpp: 16.0.16 (/opt/ros/humble/share/rclcpp/cmake)
[0.588s] -- Found rosidl_generator_c: 3.1.7 (/opt/ros/humble/share/rosidl_generator_c/cmake)
[0.590s] -- Found rosidl_adapter: 3.1.7 (/opt/ros/humble/share/rosidl_adapter/cmake)
[0.600s] -- Found rosidl_generator_cpp: 3.1.7 (/opt/ros/humble/share/rosidl_generator_cpp/cmake)
[0.613s] -- Using all available rosidl_typesupport_c: rosidl_typesupport_fastrtps_c;rosidl_typesupport_introspection_c
[0.632s] -- Using all available rosidl_typesupport_cpp: rosidl_typesupport_fastrtps_cpp;rosidl_typesupport_introspection_cpp
[0.682s] -- Found rmw_implementation_cmake: 6.1.2 (/opt/ros/humble/share/rmw_implementation_cmake/cmake)
[0.684s] -- Found rmw_cyclonedds_cpp: 1.3.4 (/opt/ros/humble/share/rmw_cyclonedds_cpp/cmake)
[0.712s] -- Using RMW implementation 'rmw_cyclonedds_cpp' as default
[3.116s] [31mCMake Error at CMakeLists.txt:14 (find_package):
[3.116s]   By not providing "Findrobot_interfaces.cmake" in CMAKE_MODULE_PATH this
[3.116s]   project has asked CMake to find a package configuration file provided by
[3.117s]   "robot_interfaces", but CMake did not find one.
[3.117s] 
[3.117s]   Could not find a package configuration file provided by "robot_interfaces"
[3.117s]   with any of the following names:
[3.117s] 
[3.117s]     robot_interfacesConfig.cmake
[3.117s]     robot_interfaces-config.cmake
[3.117s] 
[3.117s]   Add the installation prefix of "robot_interfaces" to CMAKE_PREFIX_PATH or
[3.117s]   set "robot_interfaces_DIR" to a directory containing one of the above
[3.117s]   files.  If "robot_interfaces" provides a separate development package or
[3.117s]   SDK, be sure it has been installed.
[3.117s] 
[3.118s] [0m
[3.118s] -- Configuring incomplete, errors occurred!
[3.118s] See also "/home/ace/robotics-from-zero-tutorial/build/ros2_comm_demo/CMakeFiles/CMakeOutput.log".
