[0.076s] Invoking command in '/home/ace/robotics-from-zero-tutorial/build/lesson5_composition': CMAKE_PREFIX_PATH=/opt/ros/humble CONDA_PROMPT_MODIFIER=(base) /usr/bin/cmake /home/ace/robotics-from-zero-tutorial/src/lesson5/lesson5_composition -DCMAKE_INSTALL_PREFIX=/home/ace/robotics-from-zero-tutorial/install/lesson5_composition
[1.388s] -- The C compiler identification is GNU 11.4.0
[2.545s] -- The CXX compiler identification is GNU 11.4.0
[2.963s] -- Detecting C compiler ABI info
[3.260s] -- Detecting C compiler ABI info - done
[3.264s] -- Check for working C compiler: /usr/bin/cc - skipped
[3.265s] -- Detecting C compile features
[3.266s] -- Detecting C compile features - done
[3.271s] -- Detecting CXX compiler ABI info
[3.575s] -- Detecting CXX compiler ABI info - done
[3.582s] -- Check for working CXX compiler: /usr/bin/c++ - skipped
[3.583s] -- Detecting CXX compile features
[3.583s] -- Detecting CXX compile features - done
[3.960s] -- Found ament_cmake: 1.3.12 (/opt/ros/humble/share/ament_cmake/cmake)
[5.442s] -- Found Python3: /home/ace/miniconda3/bin/python3 (found version "3.13.12") found components: Interpreter 
[6.459s] -- Found rclcpp: 16.0.16 (/opt/ros/humble/share/rclcpp/cmake)
[8.013s] -- Found rosidl_generator_c: 3.1.7 (/opt/ros/humble/share/rosidl_generator_c/cmake)
[8.095s] -- Found rosidl_adapter: 3.1.7 (/opt/ros/humble/share/rosidl_adapter/cmake)
[8.125s] -- Found rosidl_generator_cpp: 3.1.7 (/opt/ros/humble/share/rosidl_generator_cpp/cmake)
[8.234s] -- Using all available rosidl_typesupport_c: rosidl_typesupport_fastrtps_c;rosidl_typesupport_introspection_c
[8.358s] -- Using all available rosidl_typesupport_cpp: rosidl_typesupport_fastrtps_cpp;rosidl_typesupport_introspection_cpp
[8.789s] -- Found rmw_implementation_cmake: 6.1.2 (/opt/ros/humble/share/rmw_implementation_cmake/cmake)
[8.805s] -- Found rmw_cyclonedds_cpp: 1.3.4 (/opt/ros/humble/share/rmw_cyclonedds_cpp/cmake)
[8.916s] -- Using RMW implementation 'rmw_cyclonedds_cpp' as default
[9.140s] -- Looking for pthread.h
[9.490s] -- Looking for pthread.h - found
[9.490s] -- Performing Test CMAKE_HAVE_LIBC_PTHREAD
[9.840s] -- Performing Test CMAKE_HAVE_LIBC_PTHREAD - Success
[9.840s] -- Found Threads: TRUE  
[10.059s] -- Configuring incomplete, errors occurred!
[10.059s] See also "/home/ace/robotics-from-zero-tutorial/build/lesson5_composition/CMakeFiles/CMakeOutput.log".
[10.060s] [31mCMake Error at /opt/ros/humble/share/ament_cmake_target_dependencies/cmake/ament_target_dependencies.cmake:77 (message):
[10.060s]   ament_target_dependencies() the passed package name 'rclcpp_components' was
[10.060s]   not found before
[10.060s] Call Stack (most recent call first):
[10.060s]   CMakeLists.txt:22 (ament_target_dependencies)
[10.060s] 
[10.060s] [0m
[10.067s] Invoked command in '/home/ace/robotics-from-zero-tutorial/build/lesson5_composition' returned '1': CMAKE_PREFIX_PATH=/opt/ros/humble CONDA_PROMPT_MODIFIER=(base) /usr/bin/cmake /home/ace/robotics-from-zero-tutorial/src/lesson5/lesson5_composition -DCMAKE_INSTALL_PREFIX=/home/ace/robotics-from-zero-tutorial/install/lesson5_composition
