[0.026s] Invoking command in '/home/ace/robotics-from-zero-tutorial/build/lesson8_built_moveit_env': CMAKE_PREFIX_PATH=/opt/ros/humble CONDA_PROMPT_MODIFIER=(base) /usr/bin/cmake /home/ace/robotics-from-zero-tutorial/src/lesson8_built_moveit_env -DCMAKE_INSTALL_PREFIX=/home/ace/robotics-from-zero-tutorial/install/lesson8_built_moveit_env
[0.496s] -- The C compiler identification is GNU 11.4.0
[1.627s] -- The CXX compiler identification is GNU 11.4.0
[2.199s] -- Detecting C compiler ABI info
[2.529s] -- Detecting C compiler ABI info - done
[2.535s] -- Check for working C compiler: /usr/bin/cc - skipped
[2.535s] -- Detecting C compile features
[2.536s] -- Detecting C compile features - done
[2.540s] -- Detecting CXX compiler ABI info
[2.943s] -- Detecting CXX compiler ABI info - done
[2.960s] -- Check for working CXX compiler: /usr/bin/c++ - skipped
[2.960s] -- Detecting CXX compile features
[2.961s] -- Detecting CXX compile features - done
[2.965s] -- Found ament_cmake: 1.3.12 (/opt/ros/humble/share/ament_cmake/cmake)
[3.544s] -- Found Python3: /home/ace/miniconda3/bin/python3 (found version "3.13.12") found components: Interpreter 
[3.697s] -- Found moveit_ros_planning_interface: 2.5.9 (/opt/ros/humble/share/moveit_ros_planning_interface/cmake)
[4.920s] -- Found Boost: /usr/lib/x86_64-linux-gnu/cmake/Boost-1.74.0/BoostConfig.cmake (found version "1.74.0") found components: date_time filesystem program_options system thread 
[5.305s] -- Found rosidl_generator_c: 3.1.7 (/opt/ros/humble/share/rosidl_generator_c/cmake)
[5.316s] -- Found rosidl_adapter: 3.1.7 (/opt/ros/humble/share/rosidl_adapter/cmake)
[5.330s] -- Found rosidl_generator_cpp: 3.1.7 (/opt/ros/humble/share/rosidl_generator_cpp/cmake)
[5.349s] -- Using all available rosidl_typesupport_c: rosidl_typesupport_fastrtps_c;rosidl_typesupport_introspection_c
[5.372s] -- Using all available rosidl_typesupport_cpp: rosidl_typesupport_fastrtps_cpp;rosidl_typesupport_introspection_cpp
