In file included from [01m[K/opt/ros/humble/include/rclcpp/rclcpp/logging.hpp:24[m[K,
                 from [01m[K/opt/ros/humble/include/rclcpp/rclcpp/client.hpp:40[m[K,
                 from [01m[K/opt/ros/humble/include/rclcpp/rclcpp/callback_group.hpp:24[m[K,
                 from [01m[K/opt/ros/humble/include/rclcpp/rclcpp/any_executable.hpp:20[m[K,
                 from [01m[K/opt/ros/humble/include/rclcpp/rclcpp/memory_strategy.hpp:25[m[K,
                 from [01m[K/opt/ros/humble/include/rclcpp/rclcpp/memory_strategies.hpp:18[m[K,
                 from [01m[K/opt/ros/humble/include/rclcpp/rclcpp/executor_options.hpp:20[m[K,
                 from [01m[K/opt/ros/humble/include/rclcpp/rclcpp/executor.hpp:37[m[K,
                 from [01m[K/opt/ros/humble/include/rclcpp/rclcpp/executors/multi_threaded_executor.hpp:25[m[K,
                 from [01m[K/opt/ros/humble/include/rclcpp/rclcpp/executors.hpp:21[m[K,
                 from [01m[K/opt/ros/humble/include/rclcpp/rclcpp/rclcpp.hpp:155[m[K,
                 from [01m[K/home/ace/my_modern_cpp_lesson/lesson4/ros2_comm_demo/src/ros2_comm_demo/src/command_node.cpp:3[m[K:
[01m[K/home/ace/my_modern_cpp_lesson/lesson4/ros2_comm_demo/src/ros2_comm_demo/src/command_node.cpp:[m[K In lambda function:
[01m[K/home/ace/my_modern_cpp_lesson/lesson4/ros2_comm_demo/src/ros2_comm_demo/src/command_node.cpp:45:45:[m[K [01;35m[Kwarning: [m[Kformat ‘[01m[K%d[m[K’ expects argument of type ‘[01m[Kint[m[K’, but argument 5 has type ‘[01m[Krobot_interfaces::srv::GetRobotStatus_Response_<std::allocator<void> >::_battery_level_type[m[K’ {aka ‘[01m[Kstd::__cxx11::basic_string<char>[m[K’} [[01;35m[K]8;;https://gcc.gnu.org/onlinedocs/gcc/Warning-Options.html#index-Wformat=-Wformat=]8;;[m[K]
   45 |             RCLCPP_INFO(this->get_logger(), [01;35m[K"电量为：%d,位置为：%.1f,%.1f,%.1f,任务状态为：%d"[m[K, response->battery_level,
      |                                             [01;35m[K^~~~~~~~~~~~~~~~~~~~~~~~~~~~~~~~~~~~~~~~~~~~~~~~~~[m[K
[01m[K/home/ace/my_modern_cpp_lesson/lesson4/ros2_comm_demo/src/ros2_comm_demo/src/command_node.cpp:45:55:[m[K [01;36m[Knote: [m[Kformat string is defined here
   45 |             RCLCPP_INFO(this->get_logger(), "电量为：[01;36m[K%d[m[K,位置为：%.1f,%.1f,%.1f,任务状态为：%d", response->battery_level,
      |                                                      [01;36m[K~^[m[K
      |                                                       [01;36m[K|[m[K
      |                                                       [01;36m[Kint[m[K
