-- The C compiler identification is GNU 11.4.0
-- The CXX compiler identification is GNU 11.4.0
-- Detecting C compiler ABI info
-- Detecting C compiler ABI info - done
-- Check for working C compiler: /usr/bin/cc - skipped
-- Detecting C compile features
-- Detecting C compile features - done
-- Detecting CXX compiler ABI info
-- Detecting CXX compiler ABI info - done
-- Check for working CXX compiler: /usr/bin/c++ - skipped
-- Detecting CXX compile features
-- Detecting CXX compile features - done
-- Found ament_cmake: 1.3.12 (/opt/ros/humble/share/ament_cmake/cmake)
-- Found Python3: /usr/bin/python3 (found version "3.10.12") found components: Interpreter 
-- Override CMake install command with custom implementation using symlinks instead of copying resources
-- Found rclcpp: 16.0.16 (/opt/ros/humble/share/rclcpp/cmake)
-- Found rosidl_generator_c: 3.1.7 (/opt/ros/humble/share/rosidl_generator_c/cmake)
-- Found rosidl_adapter: 3.1.7 (/opt/ros/humble/share/rosidl_adapter/cmake)
-- Found rosidl_generator_cpp: 3.1.7 (/opt/ros/humble/share/rosidl_generator_cpp/cmake)
-- Using all available rosidl_typesupport_c: rosidl_typesupport_fastrtps_c;rosidl_typesupport_introspection_c
-- Using all available rosidl_typesupport_cpp: rosidl_typesupport_fastrtps_cpp;rosidl_typesupport_introspection_cpp
-- Found rmw_implementation_cmake: 6.1.2 (/opt/ros/humble/share/rmw_implementation_cmake/cmake)
-- Found rmw_cyclonedds_cpp: 1.3.4 (/opt/ros/humble/share/rmw_cyclonedds_cpp/cmake)
-- Using RMW implementation 'rmw_cyclonedds_cpp' as default
-- Looking for pthread.h
-- Looking for pthread.h - found
-- Performing Test CMAKE_HAVE_LIBC_PTHREAD
-- Performing Test CMAKE_HAVE_LIBC_PTHREAD - Success
-- Found Threads: TRUE  
-- Found robot_interfaces: 0.0.0 (/home/ace/my_modern_cpp_lesson/lesson4/ros2_comm_demo/install/robot_interfaces/share/robot_interfaces/cmake)
-- Found geometry_msgs: 4.9.0 (/opt/ros/humble/share/geometry_msgs/cmake)
-- Found ament_lint_auto: 0.12.14 (/opt/ros/humble/share/ament_lint_auto/cmake)
-- Added test 'cppcheck' to perform static code analysis on C / C++ code
-- Configured cppcheck include dirs: 
-- Configured cppcheck exclude dirs and/or files: 
-- Added test 'flake8' to check Python code syntax and style conventions
-- Added test 'lint_cmake' to check CMake code style
-- Added test 'pep257' to check Python code against some of the docstring style conventions in PEP 257
-- Added test 'uncrustify' to check C / C++ code style
-- Configured uncrustify additional arguments: 
-- Added test 'xmllint' to check XML markup files
-- Configuring done
-- Generating done
-- Build files have been written to: /home/ace/my_modern_cpp_lesson/lesson4/ros2_comm_demo/build/ros2_comm_demo
[ 12%] [32mBuilding CXX object CMakeFiles/pose_node.dir/src/pose_node.cpp.o[0m
[ 25%] [32mBuilding CXX object CMakeFiles/task_manager_node.dir/src/task_manager_node.cpp.o[0m
[ 37%] [32mBuilding CXX object CMakeFiles/command_node.dir/src/command_node.cpp.o[0m
[ 50%] [32mBuilding CXX object CMakeFiles/battery_node.dir/src/battery_node.cpp.o[0m
In file included from [01m[K/opt/ros/humble/include/rclcpp/rclcpp/logging.hpp:24[m[K,
                 from [01m[K/opt/ros/humble/include/rclcpp/rclcpp/client.hpp:40[m[K,
                 from [01m[K/opt/ros/humble/include/rclcpp/rclcpp/callback_group.hpp:24[m[K,
                 from [01m[K/opt/ros/humble/include/rclcpp/rclcpp/any_executable.hpp:20[m[K,
                 from [01m[K/opt/ros/humble/include/rclcpp/rclcpp/memory_strategy.hpp:25[m[K,
                 from [01m[K/opt/ros/humble/include/rclcpp/rclcpp/memory_strategies.hpp:18[m[K,
                 from [01m[K/opt/ros/humble/include/rclcpp/rclcpp/executor_options.hpp:20[m[K,
                 from [01m[K/opt/ros/humble/include/rclcpp/rclcpp/executor.hpp:37[m[K,
                 from [01m[K/opt/ros/humble/include/rclcpp/rclcpp/executors/multi_threaded_executor.hpp:25[m[K,
                 from [01m[K/opt/ros/humble/include/rclcpp/rclcpp/executors.hpp:21[m[K,
                 from [01m[K/opt/ros/humble/include/rclcpp/rclcpp/rclcpp.hpp:155[m[K,
                 from [01m[K/home/ace/my_modern_cpp_lesson/lesson4/ros2_comm_demo/src/ros2_comm_demo/src/command_node.cpp:3[m[K:
[01m[K/home/ace/my_modern_cpp_lesson/lesson4/ros2_comm_demo/src/ros2_comm_demo/src/command_node.cpp:[m[K In lambda function:
[01m[K/home/ace/my_modern_cpp_lesson/lesson4/ros2_comm_demo/src/ros2_comm_demo/src/command_node.cpp:45:45:[m[K [01;35m[Kwarning: [m[Kformat ‘[01m[K%d[m[K’ expects argument of type ‘[01m[Kint[m[K’, but argument 5 has type ‘[01m[Krobot_interfaces::srv::GetRobotStatus_Response_<std::allocator<void> >::_battery_level_type[m[K’ {aka ‘[01m[Kstd::__cxx11::basic_string<char>[m[K’} [[01;35m[K]8;;https://gcc.gnu.org/onlinedocs/gcc/Warning-Options.html#index-Wformat=-Wformat=]8;;[m[K]
   45 |             RCLCPP_INFO(this->get_logger(), [01;35m[K"电量为：%d,位置为：%.1f,%.1f,%.1f,任务状态为：%d"[m[K, response->battery_level,
      |                                             [01;35m[K^~~~~~~~~~~~~~~~~~~~~~~~~~~~~~~~~~~~~~~~~~~~~~~~~~[m[K
[01m[K/home/ace/my_modern_cpp_lesson/lesson4/ros2_comm_demo/src/ros2_comm_demo/src/command_node.cpp:45:55:[m[K [01;36m[Knote: [m[Kformat string is defined here
   45 |             RCLCPP_INFO(this->get_logger(), "电量为：[01;36m[K%d[m[K,位置为：%.1f,%.1f,%.1f,任务状态为：%d", response->battery_level,
      |                                                      [01;36m[K~^[m[K
      |                                                       [01;36m[K|[m[K
      |                                                       [01;36m[Kint[m[K
[ 62%] [32m[1mLinking CXX executable battery_node[0m
[ 75%] [32m[1mLinking CXX executable pose_node[0m
[ 75%] Built target battery_node
[ 75%] Built target pose_node
[ 87%] [32m[1mLinking CXX executable command_node[0m
[ 87%] Built target command_node
[100%] [32m[1mLinking CXX executable task_manager_node[0m
[100%] Built target task_manager_node
-- Install configuration: ""
-- Execute custom install script
-- Symlinking: /home/ace/my_modern_cpp_lesson/lesson4/ros2_comm_demo/install/ros2_comm_demo/lib/ros2_comm_demo/battery_node
-- Symlinking: /home/ace/my_modern_cpp_lesson/lesson4/ros2_comm_demo/install/ros2_comm_demo/lib/ros2_comm_demo/command_node
-- Symlinking: /home/ace/my_modern_cpp_lesson/lesson4/ros2_comm_demo/install/ros2_comm_demo/lib/ros2_comm_demo/pose_node
-- Symlinking: /home/ace/my_modern_cpp_lesson/lesson4/ros2_comm_demo/install/ros2_comm_demo/lib/ros2_comm_demo/task_manager_node
-- Symlinking: /home/ace/my_modern_cpp_lesson/lesson4/ros2_comm_demo/install/ros2_comm_demo/share/ros2_comm_demo/launch/launch.py
-- Symlinking: /home/ace/my_modern_cpp_lesson/lesson4/ros2_comm_demo/install/ros2_comm_demo/share/ament_index/resource_index/package_run_dependencies/ros2_comm_demo
-- Symlinking: /home/ace/my_modern_cpp_lesson/lesson4/ros2_comm_demo/install/ros2_comm_demo/share/ament_index/resource_index/parent_prefix_path/ros2_comm_demo
-- Symlinking: /home/ace/my_modern_cpp_lesson/lesson4/ros2_comm_demo/install/ros2_comm_demo/share/ros2_comm_demo/environment/ament_prefix_path.sh
-- Symlinking: /home/ace/my_modern_cpp_lesson/lesson4/ros2_comm_demo/install/ros2_comm_demo/share/ros2_comm_demo/environment/ament_prefix_path.dsv
-- Symlinking: /home/ace/my_modern_cpp_lesson/lesson4/ros2_comm_demo/install/ros2_comm_demo/share/ros2_comm_demo/environment/path.sh
-- Symlinking: /home/ace/my_modern_cpp_lesson/lesson4/ros2_comm_demo/install/ros2_comm_demo/share/ros2_comm_demo/environment/path.dsv
-- Symlinking: /home/ace/my_modern_cpp_lesson/lesson4/ros2_comm_demo/install/ros2_comm_demo/share/ros2_comm_demo/local_setup.bash
-- Symlinking: /home/ace/my_modern_cpp_lesson/lesson4/ros2_comm_demo/install/ros2_comm_demo/share/ros2_comm_demo/local_setup.sh
-- Symlinking: /home/ace/my_modern_cpp_lesson/lesson4/ros2_comm_demo/install/ros2_comm_demo/share/ros2_comm_demo/local_setup.zsh
-- Symlinking: /home/ace/my_modern_cpp_lesson/lesson4/ros2_comm_demo/install/ros2_comm_demo/share/ros2_comm_demo/local_setup.dsv
-- Symlinking: /home/ace/my_modern_cpp_lesson/lesson4/ros2_comm_demo/install/ros2_comm_demo/share/ros2_comm_demo/package.dsv
-- Symlinking: /home/ace/my_modern_cpp_lesson/lesson4/ros2_comm_demo/install/ros2_comm_demo/share/ament_index/resource_index/packages/ros2_comm_demo
-- Symlinking: /home/ace/my_modern_cpp_lesson/lesson4/ros2_comm_demo/install/ros2_comm_demo/share/ros2_comm_demo/cmake/ros2_comm_demoConfig.cmake
-- Symlinking: /home/ace/my_modern_cpp_lesson/lesson4/ros2_comm_demo/install/ros2_comm_demo/share/ros2_comm_demo/cmake/ros2_comm_demoConfig-version.cmake
-- Symlinking: /home/ace/my_modern_cpp_lesson/lesson4/ros2_comm_demo/install/ros2_comm_demo/share/ros2_comm_demo/package.xml
