[0.582s] Invoking command in '/home/ace/my_modern_cpp_lesson/lesson4/ros2_comm_demo/build/ros2_comm_demo': AMENT_PREFIX_PATH=/home/ace/my_modern_cpp_lesson/lesson4/ros2_comm_demo/install/robot_interfaces:${AMENT_PREFIX_PATH} CMAKE_PREFIX_PATH=/home/ace/my_modern_cpp_lesson/lesson4/ros2_comm_demo/install/robot_interfaces:/opt/ros/humble LD_LIBRARY_PATH=/home/ace/my_modern_cpp_lesson/lesson4/ros2_comm_demo/install/robot_interfaces/lib:${LD_LIBRARY_PATH} PYTHONPATH=/home/ace/my_modern_cpp_lesson/lesson4/ros2_comm_demo/install/robot_interfaces/local/lib/python3.10/dist-packages:${PYTHONPATH} /usr/bin/cmake /home/ace/my_modern_cpp_lesson/lesson4/ros2_comm_demo/src/ros2_comm_demo -DAMENT_CMAKE_SYMLINK_INSTALL=1 -DCMAKE_INSTALL_PREFIX=/home/ace/my_modern_cpp_lesson/lesson4/ros2_comm_demo/install/ros2_comm_demo
[1.045s] -- The C compiler identification is GNU 11.4.0
[2.301s] -- The CXX compiler identification is GNU 11.4.0
[3.237s] -- Detecting C compiler ABI info
[3.658s] -- Detecting C compiler ABI info - done
[3.668s] -- Check for working C compiler: /usr/bin/cc - skipped
[3.669s] -- Detecting C compile features
[3.669s] -- Detecting C compile features - done
[3.672s] -- Detecting CXX compiler ABI info
[4.062s] -- Detecting CXX compiler ABI info - done
[4.073s] -- Check for working CXX compiler: /usr/bin/c++ - skipped
[4.073s] -- Detecting CXX compile features
[4.074s] -- Detecting CXX compile features - done
[4.077s] -- Found ament_cmake: 1.3.12 (/opt/ros/humble/share/ament_cmake/cmake)
[4.295s] -- Found Python3: /usr/bin/python3 (found version "3.10.12") found components: Interpreter 
[4.384s] -- Override CMake install command with custom implementation using symlinks instead of copying resources
[4.426s] -- Found rclcpp: 16.0.16 (/opt/ros/humble/share/rclcpp/cmake)
[4.897s] -- Found rosidl_generator_c: 3.1.7 (/opt/ros/humble/share/rosidl_generator_c/cmake)
[4.909s] -- Found rosidl_adapter: 3.1.7 (/opt/ros/humble/share/rosidl_adapter/cmake)
[4.924s] -- Found rosidl_generator_cpp: 3.1.7 (/opt/ros/humble/share/rosidl_generator_cpp/cmake)
[4.946s] -- Using all available rosidl_typesupport_c: rosidl_typesupport_fastrtps_c;rosidl_typesupport_introspection_c
[4.981s] -- Using all available rosidl_typesupport_cpp: rosidl_typesupport_fastrtps_cpp;rosidl_typesupport_introspection_cpp
[5.064s] -- Found rmw_implementation_cmake: 6.1.2 (/opt/ros/humble/share/rmw_implementation_cmake/cmake)
[5.069s] -- Found rmw_cyclonedds_cpp: 1.3.4 (/opt/ros/humble/share/rmw_cyclonedds_cpp/cmake)
[5.101s] -- Using RMW implementation 'rmw_cyclonedds_cpp' as default
[5.115s] -- Looking for pthread.h
[5.559s] -- Looking for pthread.h - found
[5.559s] -- Performing Test CMAKE_HAVE_LIBC_PTHREAD
[6.054s] -- Performing Test CMAKE_HAVE_LIBC_PTHREAD - Success
[6.055s] -- Found Threads: TRUE  
[6.151s] -- Found robot_interfaces: 0.0.0 (/home/ace/my_modern_cpp_lesson/lesson4/ros2_comm_demo/install/robot_interfaces/share/robot_interfaces/cmake)
[6.246s] -- Found geometry_msgs: 4.9.0 (/opt/ros/humble/share/geometry_msgs/cmake)
[6.285s] -- Found ament_lint_auto: 0.12.14 (/opt/ros/humble/share/ament_lint_auto/cmake)
[6.456s] -- Added test 'cppcheck' to perform static code analysis on C / C++ code
[6.456s] -- Configured cppcheck include dirs: 
[6.456s] -- Configured cppcheck exclude dirs and/or files: 
[6.460s] -- Added test 'flake8' to check Python code syntax and style conventions
[6.472s] -- Added test 'lint_cmake' to check CMake code style
[6.476s] -- Added test 'pep257' to check Python code against some of the docstring style conventions in PEP 257
[6.502s] -- Added test 'uncrustify' to check C / C++ code style
[6.508s] -- Configured uncrustify additional arguments: 
[6.513s] -- Added test 'xmllint' to check XML markup files
[6.516s] -- Configuring done
[6.562s] -- Generating done
[6.586s] -- Build files have been written to: /home/ace/my_modern_cpp_lesson/lesson4/ros2_comm_demo/build/ros2_comm_demo
[6.604s] Invoked command in '/home/ace/my_modern_cpp_lesson/lesson4/ros2_comm_demo/build/ros2_comm_demo' returned '0': AMENT_PREFIX_PATH=/home/ace/my_modern_cpp_lesson/lesson4/ros2_comm_demo/install/robot_interfaces:${AMENT_PREFIX_PATH} CMAKE_PREFIX_PATH=/home/ace/my_modern_cpp_lesson/lesson4/ros2_comm_demo/install/robot_interfaces:/opt/ros/humble LD_LIBRARY_PATH=/home/ace/my_modern_cpp_lesson/lesson4/ros2_comm_demo/install/robot_interfaces/lib:${LD_LIBRARY_PATH} PYTHONPATH=/home/ace/my_modern_cpp_lesson/lesson4/ros2_comm_demo/install/robot_interfaces/local/lib/python3.10/dist-packages:${PYTHONPATH} /usr/bin/cmake /home/ace/my_modern_cpp_lesson/lesson4/ros2_comm_demo/src/ros2_comm_demo -DAMENT_CMAKE_SYMLINK_INSTALL=1 -DCMAKE_INSTALL_PREFIX=/home/ace/my_modern_cpp_lesson/lesson4/ros2_comm_demo/install/ros2_comm_demo
[6.607s] Invoking command in '/home/ace/my_modern_cpp_lesson/lesson4/ros2_comm_demo/build/ros2_comm_demo': AMENT_PREFIX_PATH=/home/ace/my_modern_cpp_lesson/lesson4/ros2_comm_demo/install/robot_interfaces:${AMENT_PREFIX_PATH} CMAKE_PREFIX_PATH=/home/ace/my_modern_cpp_lesson/lesson4/ros2_comm_demo/install/robot_interfaces:/opt/ros/humble LD_LIBRARY_PATH=/home/ace/my_modern_cpp_lesson/lesson4/ros2_comm_demo/install/robot_interfaces/lib:${LD_LIBRARY_PATH} PYTHONPATH=/home/ace/my_modern_cpp_lesson/lesson4/ros2_comm_demo/install/robot_interfaces/local/lib/python3.10/dist-packages:${PYTHONPATH} /usr/bin/cmake --build /home/ace/my_modern_cpp_lesson/lesson4/ros2_comm_demo/build/ros2_comm_demo -- -j4 -l4
[6.719s] [ 12%] [32mBuilding CXX object CMakeFiles/pose_node.dir/src/pose_node.cpp.o[0m
[6.720s] [ 25%] [32mBuilding CXX object CMakeFiles/task_manager_node.dir/src/task_manager_node.cpp.o[0m
[6.724s] [ 37%] [32mBuilding CXX object CMakeFiles/command_node.dir/src/command_node.cpp.o[0m
[6.737s] [ 50%] [32mBuilding CXX object CMakeFiles/battery_node.dir/src/battery_node.cpp.o[0m
[14.743s] In file included from [01m[K/opt/ros/humble/include/rclcpp/rclcpp/logging.hpp:24[m[K,
[14.743s]                  from [01m[K/opt/ros/humble/include/rclcpp/rclcpp/client.hpp:40[m[K,
[14.743s]                  from [01m[K/opt/ros/humble/include/rclcpp/rclcpp/callback_group.hpp:24[m[K,
[14.744s]                  from [01m[K/opt/ros/humble/include/rclcpp/rclcpp/any_executable.hpp:20[m[K,
[14.744s]                  from [01m[K/opt/ros/humble/include/rclcpp/rclcpp/memory_strategy.hpp:25[m[K,
[14.744s]                  from [01m[K/opt/ros/humble/include/rclcpp/rclcpp/memory_strategies.hpp:18[m[K,
[14.744s]                  from [01m[K/opt/ros/humble/include/rclcpp/rclcpp/executor_options.hpp:20[m[K,
[14.744s]                  from [01m[K/opt/ros/humble/include/rclcpp/rclcpp/executor.hpp:37[m[K,
[14.744s]                  from [01m[K/opt/ros/humble/include/rclcpp/rclcpp/executors/multi_threaded_executor.hpp:25[m[K,
[14.744s]                  from [01m[K/opt/ros/humble/include/rclcpp/rclcpp/executors.hpp:21[m[K,
[14.744s]                  from [01m[K/opt/ros/humble/include/rclcpp/rclcpp/rclcpp.hpp:155[m[K,
[14.744s]                  from [01m[K/home/ace/my_modern_cpp_lesson/lesson4/ros2_comm_demo/src/ros2_comm_demo/src/command_node.cpp:3[m[K:
[14.744s] [01m[K/home/ace/my_modern_cpp_lesson/lesson4/ros2_comm_demo/src/ros2_comm_demo/src/command_node.cpp:[m[K In lambda function:
[14.745s] [01m[K/home/ace/my_modern_cpp_lesson/lesson4/ros2_comm_demo/src/ros2_comm_demo/src/command_node.cpp:45:45:[m[K [01;35m[Kwarning: [m[Kformat ‘[01m[K%d[m[K’ expects argument of type ‘[01m[Kint[m[K’, but argument 5 has type ‘[01m[Krobot_interfaces::srv::GetRobotStatus_Response_<std::allocator<void> >::_battery_level_type[m[K’ {aka ‘[01m[Kstd::__cxx11::basic_string<char>[m[K’} [[01;35m[K]8;;https://gcc.gnu.org/onlinedocs/gcc/Warning-Options.html#index-Wformat=-Wformat=]8;;[m[K]
[14.745s]    45 |             RCLCPP_INFO(this->get_logger(), [01;35m[K"电量为：%d,位置为：%.1f,%.1f,%.1f,任务状态为：%d"[m[K, response->battery_level,
[14.745s]       |                                             [01;35m[K^~~~~~~~~~~~~~~~~~~~~~~~~~~~~~~~~~~~~~~~~~~~~~~~~~[m[K
[14.746s] [01m[K/home/ace/my_modern_cpp_lesson/lesson4/ros2_comm_demo/src/ros2_comm_demo/src/command_node.cpp:45:55:[m[K [01;36m[Knote: [m[Kformat string is defined here
[14.746s]    45 |             RCLCPP_INFO(this->get_logger(), "电量为：[01;36m[K%d[m[K,位置为：%.1f,%.1f,%.1f,任务状态为：%d", response->battery_level,
[14.751s]       |                                                      [01;36m[K~^[m[K
[14.751s]       |                                                       [01;36m[K|[m[K
[14.752s]       |                                                       [01;36m[Kint[m[K
[19.112s] [ 62%] [32m[1mLinking CXX executable battery_node[0m
[19.167s] [ 75%] [32m[1mLinking CXX executable pose_node[0m
[20.361s] [ 75%] Built target battery_node
[20.454s] [ 75%] Built target pose_node
[27.822s] [ 87%] [32m[1mLinking CXX executable command_node[0m
[28.911s] [ 87%] Built target command_node
[31.965s] [100%] [32m[1mLinking CXX executable task_manager_node[0m
[33.074s] [100%] Built target task_manager_node
[33.087s] Invoked command in '/home/ace/my_modern_cpp_lesson/lesson4/ros2_comm_demo/build/ros2_comm_demo' returned '0': AMENT_PREFIX_PATH=/home/ace/my_modern_cpp_lesson/lesson4/ros2_comm_demo/install/robot_interfaces:${AMENT_PREFIX_PATH} CMAKE_PREFIX_PATH=/home/ace/my_modern_cpp_lesson/lesson4/ros2_comm_demo/install/robot_interfaces:/opt/ros/humble LD_LIBRARY_PATH=/home/ace/my_modern_cpp_lesson/lesson4/ros2_comm_demo/install/robot_interfaces/lib:${LD_LIBRARY_PATH} PYTHONPATH=/home/ace/my_modern_cpp_lesson/lesson4/ros2_comm_demo/install/robot_interfaces/local/lib/python3.10/dist-packages:${PYTHONPATH} /usr/bin/cmake --build /home/ace/my_modern_cpp_lesson/lesson4/ros2_comm_demo/build/ros2_comm_demo -- -j4 -l4
[33.089s] Invoking command in '/home/ace/my_modern_cpp_lesson/lesson4/ros2_comm_demo/build/ros2_comm_demo': AMENT_PREFIX_PATH=/home/ace/my_modern_cpp_lesson/lesson4/ros2_comm_demo/install/robot_interfaces:${AMENT_PREFIX_PATH} CMAKE_PREFIX_PATH=/home/ace/my_modern_cpp_lesson/lesson4/ros2_comm_demo/install/robot_interfaces:/opt/ros/humble LD_LIBRARY_PATH=/home/ace/my_modern_cpp_lesson/lesson4/ros2_comm_demo/install/robot_interfaces/lib:${LD_LIBRARY_PATH} PYTHONPATH=/home/ace/my_modern_cpp_lesson/lesson4/ros2_comm_demo/install/robot_interfaces/local/lib/python3.10/dist-packages:${PYTHONPATH} /usr/bin/cmake --install /home/ace/my_modern_cpp_lesson/lesson4/ros2_comm_demo/build/ros2_comm_demo
[33.100s] -- Install configuration: ""
[33.100s] -- Execute custom install script
[33.103s] -- Symlinking: /home/ace/my_modern_cpp_lesson/lesson4/ros2_comm_demo/install/ros2_comm_demo/lib/ros2_comm_demo/battery_node
[33.114s] -- Symlinking: /home/ace/my_modern_cpp_lesson/lesson4/ros2_comm_demo/install/ros2_comm_demo/lib/ros2_comm_demo/command_node
[33.129s] -- Symlinking: /home/ace/my_modern_cpp_lesson/lesson4/ros2_comm_demo/install/ros2_comm_demo/lib/ros2_comm_demo/pose_node
[33.143s] -- Symlinking: /home/ace/my_modern_cpp_lesson/lesson4/ros2_comm_demo/install/ros2_comm_demo/lib/ros2_comm_demo/task_manager_node
[33.157s] -- Symlinking: /home/ace/my_modern_cpp_lesson/lesson4/ros2_comm_demo/install/ros2_comm_demo/share/ros2_comm_demo/launch/launch.py
[33.169s] -- Symlinking: /home/ace/my_modern_cpp_lesson/lesson4/ros2_comm_demo/install/ros2_comm_demo/share/ament_index/resource_index/package_run_dependencies/ros2_comm_demo
[33.183s] -- Symlinking: /home/ace/my_modern_cpp_lesson/lesson4/ros2_comm_demo/install/ros2_comm_demo/share/ament_index/resource_index/parent_prefix_path/ros2_comm_demo
[33.195s] -- Symlinking: /home/ace/my_modern_cpp_lesson/lesson4/ros2_comm_demo/install/ros2_comm_demo/share/ros2_comm_demo/environment/ament_prefix_path.sh
[33.216s] -- Symlinking: /home/ace/my_modern_cpp_lesson/lesson4/ros2_comm_demo/install/ros2_comm_demo/share/ros2_comm_demo/environment/ament_prefix_path.dsv
[33.236s] -- Symlinking: /home/ace/my_modern_cpp_lesson/lesson4/ros2_comm_demo/install/ros2_comm_demo/share/ros2_comm_demo/environment/path.sh
[33.248s] -- Symlinking: /home/ace/my_modern_cpp_lesson/lesson4/ros2_comm_demo/install/ros2_comm_demo/share/ros2_comm_demo/environment/path.dsv
[33.261s] -- Symlinking: /home/ace/my_modern_cpp_lesson/lesson4/ros2_comm_demo/install/ros2_comm_demo/share/ros2_comm_demo/local_setup.bash
[33.279s] -- Symlinking: /home/ace/my_modern_cpp_lesson/lesson4/ros2_comm_demo/install/ros2_comm_demo/share/ros2_comm_demo/local_setup.sh
[33.293s] -- Symlinking: /home/ace/my_modern_cpp_lesson/lesson4/ros2_comm_demo/install/ros2_comm_demo/share/ros2_comm_demo/local_setup.zsh
[33.303s] -- Symlinking: /home/ace/my_modern_cpp_lesson/lesson4/ros2_comm_demo/install/ros2_comm_demo/share/ros2_comm_demo/local_setup.dsv
[33.315s] -- Symlinking: /home/ace/my_modern_cpp_lesson/lesson4/ros2_comm_demo/install/ros2_comm_demo/share/ros2_comm_demo/package.dsv
[33.329s] -- Symlinking: /home/ace/my_modern_cpp_lesson/lesson4/ros2_comm_demo/install/ros2_comm_demo/share/ament_index/resource_index/packages/ros2_comm_demo
[33.340s] -- Symlinking: /home/ace/my_modern_cpp_lesson/lesson4/ros2_comm_demo/install/ros2_comm_demo/share/ros2_comm_demo/cmake/ros2_comm_demoConfig.cmake
[33.350s] -- Symlinking: /home/ace/my_modern_cpp_lesson/lesson4/ros2_comm_demo/install/ros2_comm_demo/share/ros2_comm_demo/cmake/ros2_comm_demoConfig-version.cmake
[33.361s] -- Symlinking: /home/ace/my_modern_cpp_lesson/lesson4/ros2_comm_demo/install/ros2_comm_demo/share/ros2_comm_demo/package.xml
[33.375s] Invoked command in '/home/ace/my_modern_cpp_lesson/lesson4/ros2_comm_demo/build/ros2_comm_demo' returned '0': AMENT_PREFIX_PATH=/home/ace/my_modern_cpp_lesson/lesson4/ros2_comm_demo/install/robot_interfaces:${AMENT_PREFIX_PATH} CMAKE_PREFIX_PATH=/home/ace/my_modern_cpp_lesson/lesson4/ros2_comm_demo/install/robot_interfaces:/opt/ros/humble LD_LIBRARY_PATH=/home/ace/my_modern_cpp_lesson/lesson4/ros2_comm_demo/install/robot_interfaces/lib:${LD_LIBRARY_PATH} PYTHONPATH=/home/ace/my_modern_cpp_lesson/lesson4/ros2_comm_demo/install/robot_interfaces/local/lib/python3.10/dist-packages:${PYTHONPATH} /usr/bin/cmake --install /home/ace/my_modern_cpp_lesson/lesson4/ros2_comm_demo/build/ros2_comm_demo
