[0.017s] Invoking command in '/home/ace/robotics-from-zero-tutorial/build/lesson8_built_moveit_env': CMAKE_PREFIX_PATH=/opt/ros/humble CONDA_PROMPT_MODIFIER=(base) /usr/bin/cmake /home/ace/robotics-from-zero-tutorial/src/lesson8_built_moveit_env -DCMAKE_EXPORT_COMPILE_COMMANDS=ON -DCMAKE_INSTALL_PREFIX=/home/ace/robotics-from-zero-tutorial/install/lesson8_built_moveit_env
[0.524s] -- The C compiler identification is GNU 11.4.0
[1.670s] -- The CXX compiler identification is GNU 11.4.0
[2.273s] -- Detecting C compiler ABI info
[2.605s] -- Detecting C compiler ABI info - done
[2.619s] -- Check for working C compiler: /usr/bin/cc - skipped
[2.619s] -- Detecting C compile features
[2.619s] -- Detecting C compile features - done
[2.621s] -- Detecting CXX compiler ABI info
[3.026s] -- Detecting CXX compiler ABI info - done
[3.040s] -- Check for working CXX compiler: /usr/bin/c++ - skipped
[3.040s] -- Detecting CXX compile features
[3.040s] -- Detecting CXX compile features - done
[3.044s] -- Found ament_cmake: 1.3.12 (/opt/ros/humble/share/ament_cmake/cmake)
[3.726s] -- Found Python3: /home/ace/miniconda3/bin/python3 (found version "3.13.12") found components: Interpreter 
[3.993s] -- Found moveit_ros_planning_interface: 2.5.9 (/opt/ros/humble/share/moveit_ros_planning_interface/cmake)
[5.087s] -- Found Boost: /usr/lib/x86_64-linux-gnu/cmake/Boost-1.74.0/BoostConfig.cmake (found version "1.74.0") found components: date_time filesystem program_options system thread 
[5.447s] -- Found rosidl_generator_c: 3.1.7 (/opt/ros/humble/share/rosidl_generator_c/cmake)
[5.459s] -- Found rosidl_adapter: 3.1.7 (/opt/ros/humble/share/rosidl_adapter/cmake)
[5.462s] -- Found rosidl_generator_cpp: 3.1.7 (/opt/ros/humble/share/rosidl_generator_cpp/cmake)
[5.476s] -- Using all available rosidl_typesupport_c: rosidl_typesupport_fastrtps_c;rosidl_typesupport_introspection_c
[5.496s] -- Using all available rosidl_typesupport_cpp: rosidl_typesupport_fastrtps_cpp;rosidl_typesupport_introspection_cpp
[6.277s] -- Found Boost: /usr/lib/x86_64-linux-gnu/cmake/Boost-1.74.0/BoostConfig.cmake (found version "1.74.0") found components: chrono date_time filesystem iostreams program_options regex serialization system thread 
[8.800s] -- Found parameter_traits: 0.5.0 (/opt/ros/humble/share/parameter_traits/cmake)
[8.851s] -- Found rmw_implementation_cmake: 6.1.2 (/opt/ros/humble/share/rmw_implementation_cmake/cmake)
[8.855s] -- Found rmw_cyclonedds_cpp: 1.3.4 (/opt/ros/humble/share/rmw_cyclonedds_cpp/cmake)
[8.880s] -- Using RMW implementation 'rmw_cyclonedds_cpp' as default
[8.889s] -- Found Threads: TRUE  
[8.997s] -- Found rclcpp_lifecycle: 16.0.16 (/opt/ros/humble/share/rclcpp_lifecycle/cmake)
[9.049s] -- Found Boost: /usr/lib/x86_64-linux-gnu/cmake/Boost-1.74.0/BoostConfig.cmake (found version "1.74.0") found components: filesystem 
[11.836s] -- library: /usr/lib/x86_64-linux-gnu/libcurl.so
[12.105s] -- Found Eigen3: TRUE (found version "3.4.0") 
[12.105s] -- Ensuring Eigen3 include directory is part of orocos-kdl CMake target
[15.041s] -- Found Boost: /usr/lib/x86_64-linux-gnu/cmake/Boost-1.74.0/BoostConfig.cmake (found version "1.74.0") found components: system filesystem date_time program_options thread chrono 
[15.121s] -- Found Boost: /usr/lib/x86_64-linux-gnu/cmake/Boost-1.74.0/BoostConfig.cmake (found version "1.74.0") found components: thread system filesystem regex date_time program_options 
[15.486s] -- Found Boost: /usr/lib/x86_64-linux-gnu/cmake/Boost-1.74.0/BoostConfig.cmake (found version "1.74.0") found components: system filesystem date_time program_options thread 
[15.604s] -- Found ament_lint_auto: 0.12.14 (/opt/ros/humble/share/ament_lint_auto/cmake)
[15.635s] Traceback (most recent call last):
[15.638s]   File "/opt/ros/humble/share/ament_cmake_core/cmake/core/package_xml_2_cmake.py", line 22, in <module>
[15.638s]     from catkin_pkg.package import parse_package_string
[15.638s] ModuleNotFoundError: No module named 'catkin_pkg'
[15.643s] [31mCMake Error at /opt/ros/humble/share/ament_cmake_core/cmake/core/ament_package_xml.cmake:95 (message):
[15.643s]   execute_process(/home/ace/miniconda3/bin/python3
[15.643s]   /opt/ros/humble/share/ament_cmake_core/cmake/core/package_xml_2_cmake.py
[15.644s]   /home/ace/robotics-from-zero-tutorial/src/lesson8_built_moveit_env/package.xml
[15.644s]   /home/ace/robotics-from-zero-tutorial/build/lesson8_built_moveit_env/ament_cmake_core/package.cmake)
[15.644s]   returned error code 1
[15.644s] Call Stack (most recent call first):
[15.644s]   /opt/ros/humble/share/ament_cmake_core/cmake/core/ament_package_xml.cmake:49 (_ament_package_xml)
[15.644s]   /opt/ros/humble/share/ament_lint_auto/cmake/ament_lint_auto_find_test_dependencies.cmake:31 (ament_package_xml)
[15.644s]   CMakeLists.txt:36 (ament_lint_auto_find_test_dependencies)
[15.644s] 
[15.644s] [0m
[15.644s] -- Configuring incomplete, errors occurred!
[15.644s] See also "/home/ace/robotics-from-zero-tutorial/build/lesson8_built_moveit_env/CMakeFiles/CMakeOutput.log".
